#
# There is insufficient memory for the Java Runtime Environment to continue.
# Native memory allocation (mmap) failed to map 222298112 bytes for Failed to commit area from 0x0000000092300000 to 0x000000009f700000 of length 222298112.
# Possible reasons:
#   The system is out of physical RAM or swap space
#   The process is running with CompressedOops enabled, and the Java Heap may be blocking the growth of the native heap
# Possible solutions:
#   Reduce memory load on the system
#   Increase physical memory or swap space
#   Check if swap backing store is full
#   Decrease Java heap size (-Xmx/-Xms)
#   Decrease number of Java threads
#   Decrease Java thread stack sizes (-Xss)
#   Set larger code cache with -XX:ReservedCodeCacheSize=
#   JVM is running with Unscaled Compressed Oops mode in which the Java heap is
#     placed in the first 4GB address space. The Java Heap base address is the
#     maximum limit for the native heap growth. Please use -XX:HeapBaseMinAddress
#     to set the Java Heap base and to place the Java Heap above 4GB virtual address.
# This output file may be truncated or incomplete.
#
#  Out of Memory Error (./src/hotspot/os/windows/os_windows.cpp:3521), pid=7876, tid=7768
#
# JRE version: OpenJDK Runtime Environment (11.0.12+7) (build 11.0.12+7-b1504.28-7817840)
# Java VM: OpenJDK 64-Bit Server VM (11.0.12+7-b1504.28-7817840, mixed mode, tiered, compressed oops, g1 gc, windows-amd64)
# No core dump will be written. Minidumps are not enabled by default on client versions of Windows
#

---------------  S U M M A R Y ------------

Command Line: --add-opens=java.base/java.util=ALL-UNNAMED --add-opens=java.base/java.lang=ALL-UNNAMED --add-opens=java.base/java.lang.invoke=ALL-UNNAMED --add-opens=java.base/java.util=ALL-UNNAMED --add-opens=java.prefs/java.util.prefs=ALL-UNNAMED --add-opens=java.prefs/java.util.prefs=ALL-UNNAMED --add-opens=java.base/java.nio.charset=ALL-UNNAMED --add-opens=java.base/java.net=ALL-UNNAMED --add-opens=java.base/java.util.concurrent.atomic=ALL-UNNAMED -Xmx2048m -Dfile.encoding=UTF-8 -Duser.country=US -Duser.language=en -Duser.variant org.gradle.launcher.daemon.bootstrap.GradleDaemon 7.3.3

Host: Intel(R) Core(TM) i5-7300U CPU @ 2.60GHz, 4 cores, 7G,  Windows 10 , 64 bit Build 18362 (10.0.18362.1916)
Time: Fri Oct  7 15:26:48 2022 Bangladesh Standard Time elapsed time: 1189.928705 seconds (0d 0h 19m 49s)

---------------  T H R E A D  ---------------

Current thread (0x00000215baa4e800):  VMThread "VM Thread" [stack: 0x0000005493500000,0x0000005493600000] [id=7768]

Stack: [0x0000005493500000,0x0000005493600000]
[error occurred during error reporting (printing stack bounds), id 0xc0000005, EXCEPTION_ACCESS_VIOLATION (0xc0000005) at pc=0x00000215a496112d]

Native frames: (J=compiled Java code, j=interpreted, Vv=VM code, C=native code)
V  [jvm.dll+0x5fbcea]
V  [jvm.dll+0x731905]
V  [jvm.dll+0x732f1d]
V  [jvm.dll+0x733535]
V  [jvm.dll+0x7334eb]
V  [jvm.dll+0x5fb080]
V  [jvm.dll+0x5fb818]
C  [ntdll.dll+0xa1fff]
C  [ntdll.dll+0x6aad9]
C  [ntdll.dll+0xa0c6e]
C  0x00000215a496112d

VM_Operation (0x00000054945f5df0): G1CollectForAllocation, mode: safepoint, requested by thread 0x00000215c4e26800


---------------  P R O C E S S  ---------------

Threads class SMR info:
_java_thread_list=0x00000215bd3dfe70, length=87, elements={
0x00000215a0e5d800, 0x00000215baa52000, 0x00000215baa60000, 0x00000215bb3d2800,
0x00000215bb3d3000, 0x00000215baa70000, 0x00000215baa7b000, 0x00000215baa88800,
0x00000215baa8a000, 0x00000215bb518000, 0x00000215bc6be000, 0x00000215be468800,
0x00000215bd3fa800, 0x00000215bd540800, 0x00000215bd544000, 0x00000215bd541800,
0x00000215bd543000, 0x00000215bd546800, 0x00000215bedde000, 0x00000215bedde800,
0x00000215bedda800, 0x00000215beddd000, 0x00000215bede0000, 0x00000215c0fd2800,
0x00000215c0fcd800, 0x00000215c0fd5800, 0x00000215c4e25800, 0x00000215c4e2a800,
0x00000215c4e27000, 0x00000215c4e26800, 0x00000215c4e28800, 0x00000215c4e28000,
0x00000215c4e29800, 0x00000215c4e24800, 0x00000215c4e2f800, 0x00000215c4e2c000,
0x00000215c4e2b000, 0x00000215c4e32800, 0x00000215c4e31800, 0x00000215c4e33800,
0x00000215c4e2d800, 0x00000215c4e30000, 0x00000215c0fd1000, 0x00000215c0fd1800,
0x00000215c0fd3800, 0x00000215c0fce800, 0x00000215c0fd4000, 0x00000215c0fd5000,
0x00000215c0fcf000, 0x00000215c0fd0000, 0x00000215c0fd9000, 0x00000215c0fd8000,
0x00000215c0fda000, 0x00000215c0fd7800, 0x00000215c0fd6800, 0x00000215c0fda800,
0x00000215c0fdb800, 0x00000215c0fdc000, 0x00000215bd542000, 0x00000215bd547000,
0x00000215bd545800, 0x00000215bd544800, 0x00000215beddf800, 0x00000215bedd9800,
0x00000215c0e2e000, 0x00000215c0e2e800, 0x00000215c0e2f800, 0x00000215c0e30000,
0x00000215c0e31000, 0x00000215c0e32000, 0x00000215c0e2c000, 0x00000215c0e32800,
0x00000215c0e2d000, 0x00000215c0e39000, 0x00000215c0e33800, 0x00000215c0e37000,
0x00000215c0e37800, 0x00000215c0e36000, 0x00000215c0e38800, 0x00000215c0e3b000,
0x00000215c0e35000, 0x00000215c4e2d000, 0x00000215c4b4b800, 0x00000215c4b4a000,
0x00000215c4b49000, 0x00000215c4b48800, 0x00000215c4b4c800
}

Java Threads: ( => current thread )
  0x00000215a0e5d800 JavaThread "main" [_thread_blocked, id=7856, stack(0x0000005492f00000,0x0000005493000000)]
  0x00000215baa52000 JavaThread "Reference Handler" daemon [_thread_blocked, id=5872, stack(0x0000005493600000,0x0000005493700000)]
  0x00000215baa60000 JavaThread "Finalizer" daemon [_thread_blocked, id=2860, stack(0x0000005493700000,0x0000005493800000)]
  0x00000215bb3d2800 JavaThread "Signal Dispatcher" daemon [_thread_blocked, id=1132, stack(0x0000005493800000,0x0000005493900000)]
  0x00000215bb3d3000 JavaThread "Attach Listener" daemon [_thread_blocked, id=9592, stack(0x0000005493900000,0x0000005493a00000)]
  0x00000215baa70000 JavaThread "Service Thread" daemon [_thread_blocked, id=6408, stack(0x0000005493a00000,0x0000005493b00000)]
  0x00000215baa7b000 JavaThread "C2 CompilerThread0" daemon [_thread_in_native, id=11144, stack(0x0000005493b00000,0x0000005493c00000)]
  0x00000215baa88800 JavaThread "C1 CompilerThread0" daemon [_thread_blocked, id=1492, stack(0x0000005493c00000,0x0000005493d00000)]
  0x00000215baa8a000 JavaThread "Sweeper thread" daemon [_thread_blocked, id=6740, stack(0x0000005493d00000,0x0000005493e00000)]
  0x00000215bb518000 JavaThread "Common-Cleaner" daemon [_thread_blocked, id=10620, stack(0x0000005493e00000,0x0000005493f00000)]
  0x00000215bc6be000 JavaThread "Daemon health stats" [_thread_blocked, id=7324, stack(0x0000005494300000,0x0000005494400000)]
  0x00000215be468800 JavaThread "Incoming local TCP Connector on port 55846" [_thread_in_native, id=6492, stack(0x0000005494000000,0x0000005494100000)]
  0x00000215bd3fa800 JavaThread "Daemon periodic checks" [_thread_blocked, id=5052, stack(0x0000005494400000,0x0000005494500000)]
  0x00000215bd540800 JavaThread "Cache worker for journal cache (C:\Users\LT-BD\.gradle\caches\journal-1)" [_thread_blocked, id=5396, stack(0x0000005494900000,0x0000005494a00000)]
  0x00000215bd544000 JavaThread "File lock request listener" [_thread_in_native, id=2072, stack(0x0000005494e00000,0x0000005494f00000)]
  0x00000215bd541800 JavaThread "Cache worker for file hash cache (C:\Users\LT-BD\.gradle\caches\7.3.3\fileHashes)" [_thread_blocked, id=10836, stack(0x0000005494f00000,0x0000005495000000)]
  0x00000215bd543000 JavaThread "File watcher server" daemon [_thread_blocked, id=11844, stack(0x0000005495200000,0x0000005495300000)]
  0x00000215bd546800 JavaThread "File watcher consumer" daemon [_thread_blocked, id=1508, stack(0x0000005495300000,0x0000005495400000)]
  0x00000215bedde000 JavaThread "Cache worker for execution history cache (C:\Users\LT-BD\.gradle\caches\7.3.3\executionHistory)" [_thread_blocked, id=9636, stack(0x0000005495700000,0x0000005495800000)]
  0x00000215bedde800 JavaThread "jar transforms" [_thread_blocked, id=5848, stack(0x0000005495800000,0x0000005495900000)]
  0x00000215bedda800 JavaThread "Cache worker for file content cache (C:\Users\LT-BD\.gradle\caches\7.3.3\fileContent)" [_thread_blocked, id=9428, stack(0x0000005495900000,0x0000005495a00000)]
  0x00000215beddd000 JavaThread "jar transforms Thread 2" [_thread_blocked, id=11184, stack(0x0000005495a00000,0x0000005495b00000)]
  0x00000215bede0000 JavaThread "jar transforms Thread 3" [_thread_blocked, id=12068, stack(0x0000005495c00000,0x0000005495d00000)]
  0x00000215c0fd2800 JavaThread "jar transforms Thread 4" [_thread_blocked, id=1176, stack(0x0000005498600000,0x0000005498700000)]
  0x00000215c0fcd800 JavaThread "Memory manager" [_thread_blocked, id=10812, stack(0x0000005498700000,0x0000005498800000)]
  0x00000215c0fd5800 JavaThread "ForkJoinPool.commonPool-worker-5" daemon [_thread_blocked, id=3728, stack(0x0000005498f00000,0x0000005499000000)]
  0x00000215c4e25800 JavaThread "Daemon Thread 4" [_thread_blocked, id=5804, stack(0x0000005492c00000,0x0000005492d00000)]
  0x00000215c4e2a800 JavaThread "Handler for socket connection from /127.0.0.1:55846 to /127.0.0.1:56414" [_thread_in_native, id=12252, stack(0x0000005492d00000,0x0000005492e00000)]
  0x00000215c4e27000 JavaThread "Cancel handler" [_thread_blocked, id=3608, stack(0x0000005492e00000,0x0000005492f00000)]
  0x00000215c4e26800 JavaThread "Daemon worker Thread 4" [_thread_blocked, id=4852, stack(0x0000005494500000,0x0000005494600000)]
  0x00000215c4e28800 JavaThread "Asynchronous log dispatcher for DefaultDaemonConnection: socket connection from /127.0.0.1:55846 to /127.0.0.1:56414" [_thread_blocked, id=7300, stack(0x0000005494600000,0x0000005494700000)]
  0x00000215c4e28000 JavaThread "Stdin handler" [_thread_blocked, id=10252, stack(0x0000005494700000,0x0000005494800000)]
  0x00000215c4e29800 JavaThread "Daemon client event forwarder" [_thread_blocked, id=3008, stack(0x0000005494800000,0x0000005494900000)]
  0x00000215c4e24800 JavaThread "Cache worker for file hash cache (C:\Users\LT-BD\AndroidStudioProjects\MaguraOnlineSeba\.gradle\7.3.3\fileHashes)" [_thread_blocked, id=8436, stack(0x0000005494a00000,0x0000005494b00000)]
  0x00000215c4e2f800 JavaThread "Cache worker for checksums cache (C:\Users\LT-BD\AndroidStudioProjects\MaguraOnlineSeba\.gradle\7.3.3\checksums)" [_thread_blocked, id=10340, stack(0x0000005494b00000,0x0000005494c00000)]
  0x00000215c4e2c000 JavaThread "Cache worker for cache directory md-supplier (C:\Users\LT-BD\.gradle\caches\7.3.3\md-supplier)" [_thread_blocked, id=7076, stack(0x0000005494c00000,0x0000005494d00000)]
  0x00000215c4e2b000 JavaThread "Cache worker for cache directory md-rule (C:\Users\LT-BD\.gradle\caches\7.3.3\md-rule)" [_thread_blocked, id=5620, stack(0x0000005495000000,0x0000005495100000)]
  0x00000215c4e32800 JavaThread "Cache worker for dependencies-accessors (C:\Users\LT-BD\AndroidStudioProjects\MaguraOnlineSeba\.gradle\7.3.3\dependencies-accessors)" [_thread_blocked, id=8716, stack(0x0000005495100000,0x0000005495200000)]
  0x00000215c4e31800 JavaThread "Cache worker for Build Output Cleanup Cache (C:\Users\LT-BD\AndroidStudioProjects\MaguraOnlineSeba\.gradle\buildOutputCleanup)" [_thread_blocked, id=6584, stack(0x0000005495400000,0x0000005495500000)]
  0x00000215c4e33800 JavaThread "Unconstrained build operations" [_thread_blocked, id=11148, stack(0x0000005495600000,0x0000005495700000)]
  0x00000215c4e2d800 JavaThread "Unconstrained build operations Thread 2" [_thread_blocked, id=9896, stack(0x0000005495b00000,0x0000005495c00000)]
  0x00000215c4e30000 JavaThread "Unconstrained build operations Thread 3" [_thread_blocked, id=8284, stack(0x0000005495d00000,0x0000005495e00000)]
  0x00000215c0fd1000 JavaThread "Unconstrained build operations Thread 4" [_thread_blocked, id=4132, stack(0x0000005495e00000,0x0000005495f00000)]
  0x00000215c0fd1800 JavaThread "Unconstrained build operations Thread 5" [_thread_blocked, id=5248, stack(0x0000005495f00000,0x0000005496000000)]
  0x00000215c0fd3800 JavaThread "Unconstrained build operations Thread 6" [_thread_blocked, id=672, stack(0x0000005496000000,0x0000005496100000)]
  0x00000215c0fce800 JavaThread "Unconstrained build operations Thread 7" [_thread_blocked, id=1296, stack(0x0000005496100000,0x0000005496200000)]
  0x00000215c0fd4000 JavaThread "Unconstrained build operations Thread 8" [_thread_blocked, id=2432, stack(0x0000005496200000,0x0000005496300000)]
  0x00000215c0fd5000 JavaThread "Unconstrained build operations Thread 9" [_thread_blocked, id=8060, stack(0x0000005496300000,0x0000005496400000)]
  0x00000215c0fcf000 JavaThread "Unconstrained build operations Thread 10" [_thread_blocked, id=7404, stack(0x0000005496400000,0x0000005496500000)]
  0x00000215c0fd0000 JavaThread "Unconstrained build operations Thread 11" [_thread_blocked, id=6892, stack(0x0000005496500000,0x0000005496600000)]
  0x00000215c0fd9000 JavaThread "Unconstrained build operations Thread 12" [_thread_blocked, id=9324, stack(0x0000005496600000,0x0000005496700000)]
  0x00000215c0fd8000 JavaThread "Unconstrained build operations Thread 13" [_thread_blocked, id=10432, stack(0x0000005496700000,0x0000005496800000)]
  0x00000215c0fda000 JavaThread "Unconstrained build operations Thread 14" [_thread_blocked, id=1520, stack(0x0000005496800000,0x0000005496900000)]
  0x00000215c0fd7800 JavaThread "Unconstrained build operations Thread 15" [_thread_blocked, id=10904, stack(0x0000005496900000,0x0000005496a00000)]
  0x00000215c0fd6800 JavaThread "Unconstrained build operations Thread 16" [_thread_blocked, id=1356, stack(0x0000005496a00000,0x0000005496b00000)]
  0x00000215c0fda800 JavaThread "Unconstrained build operations Thread 17" [_thread_blocked, id=860, stack(0x0000005496b00000,0x0000005496c00000)]
  0x00000215c0fdb800 JavaThread "Unconstrained build operations Thread 18" [_thread_blocked, id=2792, stack(0x0000005496c00000,0x0000005496d00000)]
  0x00000215c0fdc000 JavaThread "Unconstrained build operations Thread 19" [_thread_blocked, id=10484, stack(0x0000005496d00000,0x0000005496e00000)]
  0x00000215bd542000 JavaThread "Unconstrained build operations Thread 20" [_thread_blocked, id=9604, stack(0x0000005496e00000,0x0000005496f00000)]
  0x00000215bd547000 JavaThread "Unconstrained build operations Thread 21" [_thread_blocked, id=11796, stack(0x0000005496f00000,0x0000005497000000)]
  0x00000215bd545800 JavaThread "Unconstrained build operations Thread 22" [_thread_blocked, id=9596, stack(0x0000005497000000,0x0000005497100000)]
  0x00000215bd544800 JavaThread "Unconstrained build operations Thread 23" [_thread_blocked, id=10260, stack(0x0000005497100000,0x0000005497200000)]
  0x00000215beddf800 JavaThread "Unconstrained build operations Thread 24" [_thread_blocked, id=10856, stack(0x0000005497200000,0x0000005497300000)]
  0x00000215bedd9800 JavaThread "Unconstrained build operations Thread 25" [_thread_blocked, id=10700, stack(0x0000005497300000,0x0000005497400000)]
  0x00000215c0e2e000 JavaThread "Unconstrained build operations Thread 26" [_thread_blocked, id=10880, stack(0x0000005497400000,0x0000005497500000)]
  0x00000215c0e2e800 JavaThread "Unconstrained build operations Thread 27" [_thread_blocked, id=3220, stack(0x0000005497500000,0x0000005497600000)]
  0x00000215c0e2f800 JavaThread "Unconstrained build operations Thread 28" [_thread_blocked, id=8256, stack(0x0000005497600000,0x0000005497700000)]
  0x00000215c0e30000 JavaThread "Unconstrained build operations Thread 29" [_thread_blocked, id=6844, stack(0x0000005497700000,0x0000005497800000)]
  0x00000215c0e31000 JavaThread "Unconstrained build operations Thread 30" [_thread_blocked, id=9080, stack(0x0000005497800000,0x0000005497900000)]
  0x00000215c0e32000 JavaThread "Unconstrained build operations Thread 31" [_thread_blocked, id=10324, stack(0x0000005497900000,0x0000005497a00000)]
  0x00000215c0e2c000 JavaThread "Unconstrained build operations Thread 32" [_thread_blocked, id=9364, stack(0x0000005497a00000,0x0000005497b00000)]
  0x00000215c0e32800 JavaThread "Unconstrained build operations Thread 33" [_thread_blocked, id=484, stack(0x0000005497b00000,0x0000005497c00000)]
  0x00000215c0e2d000 JavaThread "Unconstrained build operations Thread 34" [_thread_blocked, id=9916, stack(0x0000005497c00000,0x0000005497d00000)]
  0x00000215c0e39000 JavaThread "Unconstrained build operations Thread 35" [_thread_blocked, id=9548, stack(0x0000005497d00000,0x0000005497e00000)]
  0x00000215c0e33800 JavaThread "Unconstrained build operations Thread 36" [_thread_blocked, id=7968, stack(0x0000005497e00000,0x0000005497f00000)]
  0x00000215c0e37000 JavaThread "Unconstrained build operations Thread 37" [_thread_blocked, id=10964, stack(0x0000005497f00000,0x0000005498000000)]
  0x00000215c0e37800 JavaThread "Unconstrained build operations Thread 38" [_thread_blocked, id=11416, stack(0x0000005498000000,0x0000005498100000)]
  0x00000215c0e36000 JavaThread "Unconstrained build operations Thread 39" [_thread_blocked, id=6776, stack(0x0000005498100000,0x0000005498200000)]
  0x00000215c0e38800 JavaThread "Unconstrained build operations Thread 40" [_thread_blocked, id=11056, stack(0x0000005498200000,0x0000005498300000)]
  0x00000215c0e3b000 JavaThread "build event listener" [_thread_blocked, id=5532, stack(0x0000005498300000,0x0000005498400000)]
  0x00000215c0e35000 JavaThread "Execution worker for ':'" [_thread_blocked, id=11244, stack(0x0000005498400000,0x0000005498500000)]
  0x00000215c4e2d000 JavaThread "Execution worker for ':' Thread 2" [_thread_blocked, id=12272, stack(0x0000005498500000,0x0000005498600000)]
  0x00000215c4b4b800 JavaThread "Execution worker for ':' Thread 3" [_thread_blocked, id=1864, stack(0x0000005498800000,0x0000005498900000)]
  0x00000215c4b4a000 JavaThread "Cache worker for execution history cache (C:\Users\LT-BD\AndroidStudioProjects\MaguraOnlineSeba\.gradle\7.3.3\executionHistory)" [_thread_blocked, id=2364, stack(0x0000005498900000,0x0000005498a00000)]
  0x00000215c4b49000 JavaThread "WorkerExecutor Queue" [_thread_blocked, id=6612, stack(0x0000005498a00000,0x0000005498b00000)]
  0x00000215c4b48800 JavaThread "C2 CompilerThread1" daemon [_thread_blocked, id=5340, stack(0x0000005495500000,0x0000005495600000)]
  0x00000215c4b4c800 JavaThread "WorkerExecutor Queue Thread 2" [_thread_blocked, id=2336, stack(0x0000005498b00000,0x0000005498c00000)]

Other Threads:
=>0x00000215baa4e800 VMThread "VM Thread" [stack: 0x0000005493500000,0x0000005493600000] [id=7768]
  0x00000215bb579000 WatcherThread [stack: 0x0000005493f00000,0x0000005494000000] [id=2448]
  0x00000215a0e77000 GCTaskThread "GC Thread#0" [stack: 0x0000005493000000,0x0000005493100000] [id=11584]
  0x00000215bbc67000 GCTaskThread "GC Thread#1" [stack: 0x0000005494100000,0x0000005494200000] [id=4592]
  0x00000215bb6a5800 GCTaskThread "GC Thread#2" [stack: 0x0000005494200000,0x0000005494300000] [id=5692]
  0x00000215bdbe6800 GCTaskThread "GC Thread#3" [stack: 0x0000005494d00000,0x0000005494e00000] [id=9532]
  0x00000215a0ea7800 ConcurrentGCThread "G1 Main Marker" [stack: 0x0000005493100000,0x0000005493200000] [id=528]
  0x00000215a0eae000 ConcurrentGCThread "G1 Conc#0" [stack: 0x0000005493200000,0x0000005493300000] [id=7896]
  0x00000215ba8a0800 ConcurrentGCThread "G1 Refine#0" [stack: 0x0000005493300000,0x0000005493400000] [id=7464]
  0x00000215ba8a1800 ConcurrentGCThread "G1 Young RemSet Sampling" [stack: 0x0000005493400000,0x0000005493500000] [id=1740]

Threads with active compile tasks:
C2 CompilerThread01189963 22049       4       com.android.ide.common.resources.NodeUtils::duplicateNode (315 bytes)
C2 CompilerThread11189963 22053       4       com.android.utils.XmlUtils::append (645 bytes)

VM state:at safepoint (normal execution)

VM Mutex/Monitor currently owned by a thread:  ([mutex/lock_event])
[0x00000215a0e5aaa0] Threads_lock - owner thread: 0x00000215baa4e800
[0x00000215a0e596f0] Heap_lock - owner thread: 0x00000215c4e26800

Heap address: 0x0000000080000000, size: 2048 MB, Compressed Oops mode: 32-bit
Narrow klass base: 0x0000000000000000, Narrow klass shift: 3
Compressed class space size: 1073741824 Address: 0x0000000100000000

Heap:
 garbage-first heap   total 515072K, used 197632K [0x0000000080000000, 0x0000000100000000)
  region size 1024K, 4 young (4096K), 4 survivors (4096K)
 Metaspace       used 124739K, capacity 128765K, committed 128844K, reserved 1161216K
  class space    used 15616K, capacity 16959K, committed 17024K, reserved 1048576K
Heap Regions: E=young(eden), S=young(survivor), O=old, HS=humongous(starts), HC=humongous(continues), CS=collection set, F=free, A=archive, TAMS=top-at-mark-start (previous, next)
|   0|0x0000000080000000, 0x0000000080100000, 0x0000000080100000|100%| O|  |TAMS 0x0000000080100000, 0x0000000080000000| Untracked 
|   1|0x0000000080100000, 0x0000000080200000, 0x0000000080200000|100%| O|  |TAMS 0x0000000080200000, 0x0000000080100000| Untracked 
|   2|0x0000000080200000, 0x0000000080300000, 0x0000000080300000|100%| O|  |TAMS 0x0000000080300000, 0x0000000080200000| Untracked 
|   3|0x0000000080300000, 0x0000000080400000, 0x0000000080400000|100%|HS|  |TAMS 0x0000000080400000, 0x0000000080300000| Complete 
|   4|0x0000000080400000, 0x0000000080500000, 0x0000000080500000|100%|HC|  |TAMS 0x0000000080500000, 0x0000000080400000| Complete 
|   5|0x0000000080500000, 0x0000000080600000, 0x0000000080600000|100%|HC|  |TAMS 0x0000000080600000, 0x0000000080500000| Complete 
|   6|0x0000000080600000, 0x0000000080700000, 0x0000000080700000|100%| O|  |TAMS 0x0000000080700000, 0x0000000080600000| Untracked 
|   7|0x0000000080700000, 0x0000000080800000, 0x0000000080800000|100%| O|  |TAMS 0x0000000080800000, 0x0000000080700000| Untracked 
|   8|0x0000000080800000, 0x0000000080900000, 0x0000000080900000|100%| O|  |TAMS 0x0000000080900000, 0x0000000080800000| Untracked 
|   9|0x0000000080900000, 0x0000000080a00000, 0x0000000080a00000|100%| O|  |TAMS 0x0000000080a00000, 0x0000000080900000| Untracked 
|  10|0x0000000080a00000, 0x0000000080b00000, 0x0000000080b00000|100%| O|  |TAMS 0x0000000080b00000, 0x0000000080a00000| Untracked 
|  11|0x0000000080b00000, 0x0000000080c00000, 0x0000000080c00000|100%| O|  |TAMS 0x0000000080c00000, 0x0000000080b00000| Untracked 
|  12|0x0000000080c00000, 0x0000000080d00000, 0x0000000080d00000|100%| O|  |TAMS 0x0000000080d00000, 0x0000000080c00000| Untracked 
|  13|0x0000000080d00000, 0x0000000080e00000, 0x0000000080e00000|100%| O|  |TAMS 0x0000000080e00000, 0x0000000080d00000| Untracked 
|  14|0x0000000080e00000, 0x0000000080f00000, 0x0000000080f00000|100%| O|  |TAMS 0x0000000080f00000, 0x0000000080e00000| Untracked 
|  15|0x0000000080f00000, 0x0000000081000000, 0x0000000081000000|100%| O|  |TAMS 0x0000000081000000, 0x0000000080f00000| Untracked 
|  16|0x0000000081000000, 0x0000000081100000, 0x0000000081100000|100%|HS|  |TAMS 0x0000000081100000, 0x0000000081000000| Complete 
|  17|0x0000000081100000, 0x0000000081200000, 0x0000000081200000|100%| O|  |TAMS 0x0000000081200000, 0x0000000081100000| Untracked 
|  18|0x0000000081200000, 0x0000000081300000, 0x0000000081300000|100%| O|  |TAMS 0x0000000081300000, 0x0000000081200000| Untracked 
|  19|0x0000000081300000, 0x0000000081400000, 0x0000000081400000|100%| O|  |TAMS 0x0000000081400000, 0x0000000081300000| Untracked 
|  20|0x0000000081400000, 0x0000000081500000, 0x0000000081500000|100%| O|  |TAMS 0x0000000081500000, 0x0000000081400000| Untracked 
|  21|0x0000000081500000, 0x0000000081600000, 0x0000000081600000|100%| O|  |TAMS 0x0000000081600000, 0x0000000081500000| Untracked 
|  22|0x0000000081600000, 0x0000000081700000, 0x0000000081700000|100%| O|  |TAMS 0x0000000081700000, 0x0000000081600000| Untracked 
|  23|0x0000000081700000, 0x0000000081800000, 0x0000000081800000|100%| O|  |TAMS 0x0000000081800000, 0x0000000081700000| Untracked 
|  24|0x0000000081800000, 0x0000000081900000, 0x0000000081900000|100%|HS|  |TAMS 0x0000000081900000, 0x0000000081800000| Complete 
|  25|0x0000000081900000, 0x0000000081a00000, 0x0000000081a00000|100%|HS|  |TAMS 0x0000000081a00000, 0x0000000081900000| Complete 
|  26|0x0000000081a00000, 0x0000000081b00000, 0x0000000081b00000|100%|HC|  |TAMS 0x0000000081b00000, 0x0000000081a00000| Complete 
|  27|0x0000000081b00000, 0x0000000081c00000, 0x0000000081c00000|100%| O|  |TAMS 0x0000000081c00000, 0x0000000081b00000| Untracked 
|  28|0x0000000081c00000, 0x0000000081d00000, 0x0000000081d00000|100%| O|  |TAMS 0x0000000081d00000, 0x0000000081c00000| Untracked 
|  29|0x0000000081d00000, 0x0000000081e00000, 0x0000000081e00000|100%| O|  |TAMS 0x0000000081e00000, 0x0000000081d00000| Untracked 
|  30|0x0000000081e00000, 0x0000000081f00000, 0x0000000081f00000|100%| O|  |TAMS 0x0000000081f00000, 0x0000000081e00000| Untracked 
|  31|0x0000000081f00000, 0x0000000082000000, 0x0000000082000000|100%| O|  |TAMS 0x0000000082000000, 0x0000000081f00000| Untracked 
|  32|0x0000000082000000, 0x0000000082100000, 0x0000000082100000|100%| O|  |TAMS 0x0000000082100000, 0x0000000082000000| Untracked 
|  33|0x0000000082100000, 0x0000000082100000, 0x0000000082200000|  0%| F|  |TAMS 0x0000000082100000, 0x0000000082100000| Untracked 
|  34|0x0000000082200000, 0x0000000082300000, 0x0000000082300000|100%| O|  |TAMS 0x0000000082300000, 0x0000000082200000| Untracked 
|  35|0x0000000082300000, 0x0000000082400000, 0x0000000082400000|100%| O|  |TAMS 0x0000000082400000, 0x0000000082300000| Untracked 
|  36|0x0000000082400000, 0x0000000082500000, 0x0000000082500000|100%| O|  |TAMS 0x0000000082500000, 0x0000000082400000| Untracked 
|  37|0x0000000082500000, 0x0000000082600000, 0x0000000082600000|100%| O|  |TAMS 0x0000000082600000, 0x0000000082500000| Untracked 
|  38|0x0000000082600000, 0x0000000082700000, 0x0000000082700000|100%| O|  |TAMS 0x0000000082700000, 0x0000000082600000| Untracked 
|  39|0x0000000082700000, 0x0000000082800000, 0x0000000082800000|100%| O|  |TAMS 0x0000000082700000, 0x0000000082700000| Untracked 
|  40|0x0000000082800000, 0x0000000082900000, 0x0000000082900000|100%| O|  |TAMS 0x0000000082900000, 0x0000000082800000| Untracked 
|  41|0x0000000082900000, 0x0000000082a00000, 0x0000000082a00000|100%| O|  |TAMS 0x0000000082a00000, 0x0000000082900000| Untracked 
|  42|0x0000000082a00000, 0x0000000082a00000, 0x0000000082b00000|  0%| F|  |TAMS 0x0000000082a00000, 0x0000000082a00000| Untracked 
|  43|0x0000000082b00000, 0x0000000082c00000, 0x0000000082c00000|100%| O|  |TAMS 0x0000000082c00000, 0x0000000082b00000| Untracked 
|  44|0x0000000082c00000, 0x0000000082c00000, 0x0000000082d00000|  0%| F|  |TAMS 0x0000000082c00000, 0x0000000082c00000| Untracked 
|  45|0x0000000082d00000, 0x0000000082e00000, 0x0000000082e00000|100%|HS|  |TAMS 0x0000000082e00000, 0x0000000082d00000| Complete 
|  46|0x0000000082e00000, 0x0000000082f00000, 0x0000000082f00000|100%|HC|  |TAMS 0x0000000082f00000, 0x0000000082e00000| Complete 
|  47|0x0000000082f00000, 0x0000000083000000, 0x0000000083000000|100%| O|  |TAMS 0x0000000083000000, 0x0000000082f00000| Untracked 
|  48|0x0000000083000000, 0x0000000083100000, 0x0000000083100000|100%| O|  |TAMS 0x0000000083100000, 0x0000000083000000| Untracked 
|  49|0x0000000083100000, 0x0000000083200000, 0x0000000083200000|100%| O|  |TAMS 0x0000000083200000, 0x0000000083100000| Untracked 
|  50|0x0000000083200000, 0x0000000083300000, 0x0000000083300000|100%| O|  |TAMS 0x0000000083300000, 0x0000000083200000| Untracked 
|  51|0x0000000083300000, 0x0000000083400000, 0x0000000083400000|100%| O|  |TAMS 0x0000000083400000, 0x0000000083300000| Untracked 
|  52|0x0000000083400000, 0x0000000083500000, 0x0000000083500000|100%| O|  |TAMS 0x0000000083500000, 0x0000000083400000| Untracked 
|  53|0x0000000083500000, 0x0000000083600000, 0x0000000083600000|100%| O|  |TAMS 0x0000000083600000, 0x0000000083500000| Untracked 
|  54|0x0000000083600000, 0x0000000083700000, 0x0000000083700000|100%| O|  |TAMS 0x0000000083700000, 0x0000000083600000| Untracked 
|  55|0x0000000083700000, 0x0000000083800000, 0x0000000083800000|100%| O|  |TAMS 0x0000000083800000, 0x0000000083700000| Untracked 
|  56|0x0000000083800000, 0x0000000083900000, 0x0000000083900000|100%| O|  |TAMS 0x0000000083900000, 0x0000000083800000| Untracked 
|  57|0x0000000083900000, 0x0000000083a00000, 0x0000000083a00000|100%| O|  |TAMS 0x0000000083a00000, 0x0000000083900000| Untracked 
|  58|0x0000000083a00000, 0x0000000083b00000, 0x0000000083b00000|100%| O|  |TAMS 0x0000000083b00000, 0x0000000083a00000| Untracked 
|  59|0x0000000083b00000, 0x0000000083c00000, 0x0000000083c00000|100%| O|  |TAMS 0x0000000083c00000, 0x0000000083b00000| Untracked 
|  60|0x0000000083c00000, 0x0000000083d00000, 0x0000000083d00000|100%|HS|  |TAMS 0x0000000083d00000, 0x0000000083c00000| Complete 
|  61|0x0000000083d00000, 0x0000000083e00000, 0x0000000083e00000|100%| O|  |TAMS 0x0000000083e00000, 0x0000000083d00000| Untracked 
|  62|0x0000000083e00000, 0x0000000083f00000, 0x0000000083f00000|100%| O|  |TAMS 0x0000000083f00000, 0x0000000083e00000| Untracked 
|  63|0x0000000083f00000, 0x0000000084000000, 0x0000000084000000|100%| O|  |TAMS 0x0000000084000000, 0x0000000083f00000| Untracked 
|  64|0x0000000084000000, 0x0000000084100000, 0x0000000084100000|100%|HS|  |TAMS 0x0000000084100000, 0x0000000084000000| Complete 
|  65|0x0000000084100000, 0x0000000084200000, 0x0000000084200000|100%|HC|  |TAMS 0x0000000084200000, 0x0000000084100000| Complete 
|  66|0x0000000084200000, 0x0000000084300000, 0x0000000084300000|100%|HC|  |TAMS 0x0000000084300000, 0x0000000084200000| Complete 
|  67|0x0000000084300000, 0x0000000084400000, 0x0000000084400000|100%| O|  |TAMS 0x0000000084400000, 0x0000000084300000| Untracked 
|  68|0x0000000084400000, 0x0000000084400000, 0x0000000084500000|  0%| F|  |TAMS 0x0000000084400000, 0x0000000084400000| Untracked 
|  69|0x0000000084500000, 0x0000000084500000, 0x0000000084600000|  0%| F|  |TAMS 0x0000000084500000, 0x0000000084500000| Untracked 
|  70|0x0000000084600000, 0x0000000084700000, 0x0000000084700000|100%| O|  |TAMS 0x0000000084700000, 0x0000000084600000| Untracked 
|  71|0x0000000084700000, 0x0000000084800000, 0x0000000084800000|100%| O|  |TAMS 0x0000000084800000, 0x0000000084700000| Untracked 
|  72|0x0000000084800000, 0x0000000084900000, 0x0000000084900000|100%| O|  |TAMS 0x0000000084900000, 0x0000000084800000| Untracked 
|  73|0x0000000084900000, 0x0000000084a00000, 0x0000000084a00000|100%| O|  |TAMS 0x0000000084a00000, 0x0000000084900000| Untracked 
|  74|0x0000000084a00000, 0x0000000084b00000, 0x0000000084b00000|100%| O|  |TAMS 0x0000000084b00000, 0x0000000084a00000| Untracked 
|  75|0x0000000084b00000, 0x0000000084c00000, 0x0000000084c00000|100%| O|  |TAMS 0x0000000084c00000, 0x0000000084b00000| Untracked 
|  76|0x0000000084c00000, 0x0000000084d00000, 0x0000000084d00000|100%| O|  |TAMS 0x0000000084d00000, 0x0000000084c00000| Untracked 
|  77|0x0000000084d00000, 0x0000000084e00000, 0x0000000084e00000|100%| O|  |TAMS 0x0000000084e00000, 0x0000000084d00000| Untracked 
|  78|0x0000000084e00000, 0x0000000084e00000, 0x0000000084f00000|  0%| F|  |TAMS 0x0000000084e00000, 0x0000000084e00000| Untracked 
|  79|0x0000000084f00000, 0x0000000085000000, 0x0000000085000000|100%| O|  |TAMS 0x0000000085000000, 0x0000000084f00000| Untracked 
|  80|0x0000000085000000, 0x0000000085100000, 0x0000000085100000|100%| O|  |TAMS 0x0000000085100000, 0x0000000085000000| Untracked 
|  81|0x0000000085100000, 0x0000000085200000, 0x0000000085200000|100%| O|  |TAMS 0x0000000085200000, 0x0000000085100000| Untracked 
|  82|0x0000000085200000, 0x0000000085300000, 0x0000000085300000|100%| O|  |TAMS 0x0000000085300000, 0x0000000085200000| Untracked 
|  83|0x0000000085300000, 0x0000000085300000, 0x0000000085400000|  0%| F|  |TAMS 0x0000000085300000, 0x0000000085300000| Untracked 
|  84|0x0000000085400000, 0x0000000085500000, 0x0000000085500000|100%| O|  |TAMS 0x0000000085500000, 0x0000000085400000| Untracked 
|  85|0x0000000085500000, 0x0000000085500000, 0x0000000085600000|  0%| F|  |TAMS 0x0000000085500000, 0x0000000085500000| Untracked 
|  86|0x0000000085600000, 0x0000000085700000, 0x0000000085700000|100%| O|  |TAMS 0x0000000085700000, 0x0000000085600000| Untracked 
|  87|0x0000000085700000, 0x0000000085800000, 0x0000000085800000|100%| O|  |TAMS 0x0000000085800000, 0x0000000085700000| Untracked 
|  88|0x0000000085800000, 0x0000000085800000, 0x0000000085900000|  0%| F|  |TAMS 0x0000000085800000, 0x0000000085800000| Untracked 
|  89|0x0000000085900000, 0x0000000085900000, 0x0000000085a00000|  0%| F|  |TAMS 0x0000000085900000, 0x0000000085900000| Untracked 
|  90|0x0000000085a00000, 0x0000000085a00000, 0x0000000085b00000|  0%| F|  |TAMS 0x0000000085a00000, 0x0000000085a00000| Untracked 
|  91|0x0000000085b00000, 0x0000000085c00000, 0x0000000085c00000|100%| O|  |TAMS 0x0000000085c00000, 0x0000000085b00000| Untracked 
|  92|0x0000000085c00000, 0x0000000085d00000, 0x0000000085d00000|100%| O|  |TAMS 0x0000000085d00000, 0x0000000085c00000| Untracked 
|  93|0x0000000085d00000, 0x0000000085d00000, 0x0000000085e00000|  0%| F|  |TAMS 0x0000000085d00000, 0x0000000085d00000| Untracked 
|  94|0x0000000085e00000, 0x0000000085e00000, 0x0000000085f00000|  0%| F|  |TAMS 0x0000000085e00000, 0x0000000085e00000| Untracked 
|  95|0x0000000085f00000, 0x0000000086000000, 0x0000000086000000|100%| O|  |TAMS 0x0000000086000000, 0x0000000085f00000| Untracked 
|  96|0x0000000086000000, 0x0000000086100000, 0x0000000086100000|100%| O|  |TAMS 0x0000000086100000, 0x0000000086000000| Untracked 
|  97|0x0000000086100000, 0x0000000086200000, 0x0000000086200000|100%|HS|  |TAMS 0x0000000086200000, 0x0000000086100000| Complete 
|  98|0x0000000086200000, 0x0000000086300000, 0x0000000086300000|100%|HC|  |TAMS 0x0000000086300000, 0x0000000086200000| Complete 
|  99|0x0000000086300000, 0x0000000086400000, 0x0000000086400000|100%|HS|  |TAMS 0x0000000086400000, 0x0000000086300000| Complete 
| 100|0x0000000086400000, 0x0000000086500000, 0x0000000086500000|100%|HC|  |TAMS 0x0000000086500000, 0x0000000086400000| Complete 
| 101|0x0000000086500000, 0x0000000086600000, 0x0000000086600000|100%|HC|  |TAMS 0x0000000086600000, 0x0000000086500000| Complete 
| 102|0x0000000086600000, 0x0000000086700000, 0x0000000086700000|100%|HS|  |TAMS 0x0000000086700000, 0x0000000086600000| Complete 
| 103|0x0000000086700000, 0x0000000086800000, 0x0000000086800000|100%|HS|  |TAMS 0x0000000086800000, 0x0000000086700000| Complete 
| 104|0x0000000086800000, 0x0000000086900000, 0x0000000086900000|100%|HC|  |TAMS 0x0000000086900000, 0x0000000086800000| Complete 
| 105|0x0000000086900000, 0x0000000086a00000, 0x0000000086a00000|100%|HC|  |TAMS 0x0000000086a00000, 0x0000000086900000| Complete 
| 106|0x0000000086a00000, 0x0000000086b00000, 0x0000000086b00000|100%|HC|  |TAMS 0x0000000086b00000, 0x0000000086a00000| Complete 
| 107|0x0000000086b00000, 0x0000000086c00000, 0x0000000086c00000|100%|HS|  |TAMS 0x0000000086c00000, 0x0000000086b00000| Complete 
| 108|0x0000000086c00000, 0x0000000086d00000, 0x0000000086d00000|100%|HC|  |TAMS 0x0000000086d00000, 0x0000000086c00000| Complete 
| 109|0x0000000086d00000, 0x0000000086e00000, 0x0000000086e00000|100%|HC|  |TAMS 0x0000000086e00000, 0x0000000086d00000| Complete 
| 110|0x0000000086e00000, 0x0000000086f00000, 0x0000000086f00000|100%|HS|  |TAMS 0x0000000086f00000, 0x0000000086e00000| Complete 
| 111|0x0000000086f00000, 0x0000000087000000, 0x0000000087000000|100%| O|  |TAMS 0x0000000087000000, 0x0000000086f00000| Untracked 
| 112|0x0000000087000000, 0x0000000087100000, 0x0000000087100000|100%|HS|  |TAMS 0x0000000087100000, 0x0000000087000000| Complete 
| 113|0x0000000087100000, 0x0000000087200000, 0x0000000087200000|100%|HC|  |TAMS 0x0000000087200000, 0x0000000087100000| Complete 
| 114|0x0000000087200000, 0x0000000087300000, 0x0000000087300000|100%|HC|  |TAMS 0x0000000087300000, 0x0000000087200000| Complete 
| 115|0x0000000087300000, 0x0000000087400000, 0x0000000087400000|100%|HC|  |TAMS 0x0000000087400000, 0x0000000087300000| Complete 
| 116|0x0000000087400000, 0x0000000087500000, 0x0000000087500000|100%| O|  |TAMS 0x0000000087500000, 0x0000000087400000| Untracked 
| 117|0x0000000087500000, 0x0000000087600000, 0x0000000087600000|100%| O|  |TAMS 0x0000000087600000, 0x0000000087500000| Untracked 
| 118|0x0000000087600000, 0x0000000087700000, 0x0000000087700000|100%| O|  |TAMS 0x0000000087700000, 0x0000000087600000| Untracked 
| 119|0x0000000087700000, 0x0000000087800000, 0x0000000087800000|100%| O|  |TAMS 0x0000000087800000, 0x0000000087700000| Untracked 
| 120|0x0000000087800000, 0x0000000087900000, 0x0000000087900000|100%| O|  |TAMS 0x0000000087900000, 0x0000000087800000| Untracked 
| 121|0x0000000087900000, 0x0000000087a00000, 0x0000000087a00000|100%| O|  |TAMS 0x0000000087a00000, 0x0000000087900000| Untracked 
| 122|0x0000000087a00000, 0x0000000087b00000, 0x0000000087b00000|100%| O|  |TAMS 0x0000000087b00000, 0x0000000087a00000| Untracked 
| 123|0x0000000087b00000, 0x0000000087c00000, 0x0000000087c00000|100%| O|  |TAMS 0x0000000087c00000, 0x0000000087b00000| Untracked 
| 124|0x0000000087c00000, 0x0000000087d00000, 0x0000000087d00000|100%| O|  |TAMS 0x0000000087d00000, 0x0000000087c00000| Untracked 
| 125|0x0000000087d00000, 0x0000000087e00000, 0x0000000087e00000|100%| O|  |TAMS 0x0000000087e00000, 0x0000000087d00000| Untracked 
| 126|0x0000000087e00000, 0x0000000087f00000, 0x0000000087f00000|100%| O|  |TAMS 0x0000000087f00000, 0x0000000087e00000| Untracked 
| 127|0x0000000087f00000, 0x0000000088000000, 0x0000000088000000|100%| O|  |TAMS 0x0000000088000000, 0x0000000087f00000| Untracked 
| 128|0x0000000088000000, 0x0000000088000000, 0x0000000088100000|  0%| F|  |TAMS 0x0000000088000000, 0x0000000088000000| Untracked 
| 129|0x0000000088100000, 0x0000000088200000, 0x0000000088200000|100%| O|  |TAMS 0x0000000088200000, 0x0000000088100000| Untracked 
| 130|0x0000000088200000, 0x0000000088300000, 0x0000000088300000|100%| O|  |TAMS 0x0000000088300000, 0x0000000088200000| Untracked 
| 131|0x0000000088300000, 0x0000000088400000, 0x0000000088400000|100%| O|  |TAMS 0x0000000088400000, 0x0000000088300000| Untracked 
| 132|0x0000000088400000, 0x0000000088500000, 0x0000000088500000|100%| O|  |TAMS 0x0000000088500000, 0x0000000088400000| Untracked 
| 133|0x0000000088500000, 0x0000000088600000, 0x0000000088600000|100%| O|  |TAMS 0x0000000088600000, 0x0000000088500000| Untracked 
| 134|0x0000000088600000, 0x0000000088700000, 0x0000000088700000|100%| O|  |TAMS 0x0000000088700000, 0x0000000088600000| Untracked 
| 135|0x0000000088700000, 0x0000000088800000, 0x0000000088800000|100%| O|  |TAMS 0x0000000088800000, 0x0000000088700000| Untracked 
| 136|0x0000000088800000, 0x0000000088900000, 0x0000000088900000|100%| O|  |TAMS 0x0000000088900000, 0x0000000088800000| Untracked 
| 137|0x0000000088900000, 0x0000000088a00000, 0x0000000088a00000|100%| O|  |TAMS 0x0000000088a00000, 0x0000000088900000| Untracked 
| 138|0x0000000088a00000, 0x0000000088b00000, 0x0000000088b00000|100%| O|  |TAMS 0x0000000088b00000, 0x0000000088a00000| Untracked 
| 139|0x0000000088b00000, 0x0000000088c00000, 0x0000000088c00000|100%| O|  |TAMS 0x0000000088c00000, 0x0000000088b00000| Untracked 
| 140|0x0000000088c00000, 0x0000000088d00000, 0x0000000088d00000|100%| O|  |TAMS 0x0000000088d00000, 0x0000000088c00000| Untracked 
| 141|0x0000000088d00000, 0x0000000088e00000, 0x0000000088e00000|100%| O|  |TAMS 0x0000000088e00000, 0x0000000088d00000| Untracked 
| 142|0x0000000088e00000, 0x0000000088f00000, 0x0000000088f00000|100%| O|  |TAMS 0x0000000088f00000, 0x0000000088e00000| Untracked 
| 143|0x0000000088f00000, 0x0000000088f00000, 0x0000000089000000|  0%| F|  |TAMS 0x0000000088f00000, 0x0000000088f00000| Untracked 
| 144|0x0000000089000000, 0x0000000089100000, 0x0000000089100000|100%|HS|  |TAMS 0x0000000089100000, 0x0000000089000000| Complete 
| 145|0x0000000089100000, 0x0000000089200000, 0x0000000089200000|100%|HC|  |TAMS 0x0000000089200000, 0x0000000089100000| Complete 
| 146|0x0000000089200000, 0x0000000089300000, 0x0000000089300000|100%|HC|  |TAMS 0x0000000089300000, 0x0000000089200000| Complete 
| 147|0x0000000089300000, 0x0000000089400000, 0x0000000089400000|100%|HC|  |TAMS 0x0000000089400000, 0x0000000089300000| Complete 
| 148|0x0000000089400000, 0x0000000089500000, 0x0000000089500000|100%| O|  |TAMS 0x0000000089500000, 0x0000000089400000| Untracked 
| 149|0x0000000089500000, 0x0000000089500000, 0x0000000089600000|  0%| F|  |TAMS 0x0000000089500000, 0x0000000089500000| Untracked 
| 150|0x0000000089600000, 0x0000000089700000, 0x0000000089700000|100%| O|  |TAMS 0x0000000089700000, 0x0000000089600000| Untracked 
| 151|0x0000000089700000, 0x0000000089800000, 0x0000000089800000|100%| O|  |TAMS 0x0000000089800000, 0x0000000089700000| Untracked 
| 152|0x0000000089800000, 0x0000000089900000, 0x0000000089900000|100%| O|  |TAMS 0x0000000089900000, 0x0000000089800000| Untracked 
| 153|0x0000000089900000, 0x0000000089a00000, 0x0000000089a00000|100%| O|  |TAMS 0x0000000089a00000, 0x0000000089900000| Untracked 
| 154|0x0000000089a00000, 0x0000000089a00000, 0x0000000089b00000|  0%| F|  |TAMS 0x0000000089a00000, 0x0000000089a00000| Untracked 
| 155|0x0000000089b00000, 0x0000000089b00000, 0x0000000089c00000|  0%| F|  |TAMS 0x0000000089b00000, 0x0000000089b00000| Untracked 
| 156|0x0000000089c00000, 0x0000000089c00000, 0x0000000089d00000|  0%| F|  |TAMS 0x0000000089c00000, 0x0000000089c00000| Untracked 
| 157|0x0000000089d00000, 0x0000000089e00000, 0x0000000089e00000|100%| O|  |TAMS 0x0000000089e00000, 0x0000000089d00000| Untracked 
| 158|0x0000000089e00000, 0x0000000089f00000, 0x0000000089f00000|100%| O|  |TAMS 0x0000000089f00000, 0x0000000089e00000| Untracked 
| 159|0x0000000089f00000, 0x000000008a000000, 0x000000008a000000|100%| O|  |TAMS 0x000000008a000000, 0x0000000089f00000| Untracked 
| 160|0x000000008a000000, 0x000000008a100000, 0x000000008a100000|100%| O|  |TAMS 0x000000008a100000, 0x000000008a000000| Untracked 
| 161|0x000000008a100000, 0x000000008a100000, 0x000000008a200000|  0%| F|  |TAMS 0x000000008a100000, 0x000000008a100000| Untracked 
| 162|0x000000008a200000, 0x000000008a300000, 0x000000008a300000|100%| O|  |TAMS 0x000000008a300000, 0x000000008a200000| Untracked 
| 163|0x000000008a300000, 0x000000008a400000, 0x000000008a400000|100%| O|  |TAMS 0x000000008a400000, 0x000000008a300000| Untracked 
| 164|0x000000008a400000, 0x000000008a500000, 0x000000008a500000|100%| O|  |TAMS 0x000000008a500000, 0x000000008a400000| Untracked 
| 165|0x000000008a500000, 0x000000008a500000, 0x000000008a600000|  0%| F|  |TAMS 0x000000008a500000, 0x000000008a500000| Untracked 
| 166|0x000000008a600000, 0x000000008a600000, 0x000000008a700000|  0%| F|  |TAMS 0x000000008a600000, 0x000000008a600000| Untracked 
| 167|0x000000008a700000, 0x000000008a700000, 0x000000008a800000|  0%| F|  |TAMS 0x000000008a700000, 0x000000008a700000| Untracked 
| 168|0x000000008a800000, 0x000000008a800000, 0x000000008a900000|  0%| F|  |TAMS 0x000000008a800000, 0x000000008a800000| Untracked 
| 169|0x000000008a900000, 0x000000008a900000, 0x000000008aa00000|  0%| F|  |TAMS 0x000000008a900000, 0x000000008a900000| Untracked 
| 170|0x000000008aa00000, 0x000000008ab00000, 0x000000008ab00000|100%| O|  |TAMS 0x000000008ab00000, 0x000000008aa00000| Untracked 
| 171|0x000000008ab00000, 0x000000008ac00000, 0x000000008ac00000|100%| O|  |TAMS 0x000000008ac00000, 0x000000008ab00000| Untracked 
| 172|0x000000008ac00000, 0x000000008ad00000, 0x000000008ad00000|100%| O|  |TAMS 0x000000008ad00000, 0x000000008ac00000| Untracked 
| 173|0x000000008ad00000, 0x000000008ae00000, 0x000000008ae00000|100%| O|  |TAMS 0x000000008ae00000, 0x000000008ad00000| Untracked 
| 174|0x000000008ae00000, 0x000000008af00000, 0x000000008af00000|100%| O|  |TAMS 0x000000008af00000, 0x000000008ae00000| Untracked 
| 175|0x000000008af00000, 0x000000008b000000, 0x000000008b000000|100%| O|  |TAMS 0x000000008b000000, 0x000000008af00000| Untracked 
| 176|0x000000008b000000, 0x000000008b100000, 0x000000008b100000|100%| O|  |TAMS 0x000000008b100000, 0x000000008b000000| Untracked 
| 177|0x000000008b100000, 0x000000008b200000, 0x000000008b200000|100%| O|  |TAMS 0x000000008b200000, 0x000000008b100000| Untracked 
| 178|0x000000008b200000, 0x000000008b300000, 0x000000008b300000|100%| O|  |TAMS 0x000000008b300000, 0x000000008b200000| Untracked 
| 179|0x000000008b300000, 0x000000008b400000, 0x000000008b400000|100%| O|  |TAMS 0x000000008b400000, 0x000000008b300000| Untracked 
| 180|0x000000008b400000, 0x000000008b500000, 0x000000008b500000|100%| O|  |TAMS 0x000000008b500000, 0x000000008b400000| Untracked 
| 181|0x000000008b500000, 0x000000008b600000, 0x000000008b600000|100%| O|  |TAMS 0x000000008b600000, 0x000000008b500000| Untracked 
| 182|0x000000008b600000, 0x000000008b700000, 0x000000008b700000|100%| O|  |TAMS 0x000000008b700000, 0x000000008b600000| Untracked 
| 183|0x000000008b700000, 0x000000008b800000, 0x000000008b800000|100%| O|  |TAMS 0x000000008b800000, 0x000000008b700000| Untracked 
| 184|0x000000008b800000, 0x000000008b900000, 0x000000008b900000|100%| O|  |TAMS 0x000000008b900000, 0x000000008b800000| Untracked 
| 185|0x000000008b900000, 0x000000008ba00000, 0x000000008ba00000|100%| O|  |TAMS 0x000000008ba00000, 0x000000008b900000| Untracked 
| 186|0x000000008ba00000, 0x000000008bb00000, 0x000000008bb00000|100%| O|  |TAMS 0x000000008bb00000, 0x000000008ba00000| Untracked 
| 187|0x000000008bb00000, 0x000000008bc00000, 0x000000008bc00000|100%| O|  |TAMS 0x000000008bc00000, 0x000000008bb00000| Untracked 
| 188|0x000000008bc00000, 0x000000008bd00000, 0x000000008bd00000|100%| O|  |TAMS 0x000000008bd00000, 0x000000008bc00000| Untracked 
| 189|0x000000008bd00000, 0x000000008be00000, 0x000000008be00000|100%| O|  |TAMS 0x000000008be00000, 0x000000008bd00000| Untracked 
| 190|0x000000008be00000, 0x000000008bf00000, 0x000000008bf00000|100%| O|  |TAMS 0x000000008beb2600, 0x000000008be00000| Untracked 
| 191|0x000000008bf00000, 0x000000008c000000, 0x000000008c000000|100%| O|  |TAMS 0x000000008bf00000, 0x000000008bf00000| Untracked 
| 192|0x000000008c000000, 0x000000008c100000, 0x000000008c100000|100%| O|  |TAMS 0x000000008c000000, 0x000000008c000000| Untracked 
| 193|0x000000008c100000, 0x000000008c200000, 0x000000008c200000|100%|HS|  |TAMS 0x000000008c100000, 0x000000008c100000| Complete 
| 194|0x000000008c200000, 0x000000008c300000, 0x000000008c300000|100%| O|  |TAMS 0x000000008c200000, 0x000000008c200000| Untracked 
| 195|0x000000008c300000, 0x000000008c400000, 0x000000008c400000|100%| O|  |TAMS 0x000000008c300000, 0x000000008c300000| Untracked 
| 196|0x000000008c400000, 0x000000008c500000, 0x000000008c500000|100%| O|  |TAMS 0x000000008c400000, 0x000000008c400000| Untracked 
| 197|0x000000008c500000, 0x000000008c600000, 0x000000008c600000|100%| O|  |TAMS 0x000000008c500000, 0x000000008c500000| Untracked 
| 198|0x000000008c600000, 0x000000008c700000, 0x000000008c700000|100%| O|  |TAMS 0x000000008c600000, 0x000000008c600000| Untracked 
| 199|0x000000008c700000, 0x000000008c800000, 0x000000008c800000|100%| O|  |TAMS 0x000000008c700000, 0x000000008c700000| Untracked 
| 200|0x000000008c800000, 0x000000008c900000, 0x000000008c900000|100%| O|  |TAMS 0x000000008c800000, 0x000000008c800000| Untracked 
| 201|0x000000008c900000, 0x000000008ca00000, 0x000000008ca00000|100%| O|  |TAMS 0x000000008c900000, 0x000000008c900000| Untracked 
| 202|0x000000008ca00000, 0x000000008cb00000, 0x000000008cb00000|100%| O|  |TAMS 0x000000008ca00000, 0x000000008ca00000| Untracked 
| 203|0x000000008cb00000, 0x000000008cc00000, 0x000000008cc00000|100%| O|  |TAMS 0x000000008cb00000, 0x000000008cb00000| Untracked 
| 204|0x000000008cc00000, 0x000000008cd00000, 0x000000008cd00000|100%| O|  |TAMS 0x000000008cc00000, 0x000000008cc00000| Untracked 
| 205|0x000000008cd00000, 0x000000008ce00000, 0x000000008ce00000|100%| O|  |TAMS 0x000000008cd00000, 0x000000008cd00000| Untracked 
| 206|0x000000008ce00000, 0x000000008cf00000, 0x000000008cf00000|100%| O|  |TAMS 0x000000008ce00000, 0x000000008ce00000| Untracked 
| 207|0x000000008cf00000, 0x000000008d000000, 0x000000008d000000|100%| O|  |TAMS 0x000000008cf00000, 0x000000008cf00000| Untracked 
| 208|0x000000008d000000, 0x000000008d100000, 0x000000008d100000|100%| O|  |TAMS 0x000000008d000000, 0x000000008d000000| Untracked 
| 209|0x000000008d100000, 0x000000008d200000, 0x000000008d200000|100%| O|  |TAMS 0x000000008d100000, 0x000000008d100000| Untracked 
| 210|0x000000008d200000, 0x000000008d300000, 0x000000008d300000|100%| O|  |TAMS 0x000000008d200000, 0x000000008d200000| Untracked 
| 211|0x000000008d300000, 0x000000008d400000, 0x000000008d400000|100%| O|  |TAMS 0x000000008d300000, 0x000000008d300000| Untracked 
| 212|0x000000008d400000, 0x000000008d500000, 0x000000008d500000|100%| O|  |TAMS 0x000000008d400000, 0x000000008d400000| Untracked 
| 213|0x000000008d500000, 0x000000008d600000, 0x000000008d600000|100%| O|  |TAMS 0x000000008d500000, 0x000000008d500000| Untracked 
| 214|0x000000008d600000, 0x000000008d697e00, 0x000000008d700000| 59%| O|  |TAMS 0x000000008d600000, 0x000000008d600000| Untracked 
| 215|0x000000008d700000, 0x000000008d700000, 0x000000008d800000|  0%| F|  |TAMS 0x000000008d700000, 0x000000008d700000| Untracked 
| 216|0x000000008d800000, 0x000000008d800000, 0x000000008d900000|  0%| F|  |TAMS 0x000000008d800000, 0x000000008d800000| Untracked 
| 217|0x000000008d900000, 0x000000008d900000, 0x000000008da00000|  0%| F|  |TAMS 0x000000008d900000, 0x000000008d900000| Untracked 
| 218|0x000000008da00000, 0x000000008da00000, 0x000000008db00000|  0%| F|  |TAMS 0x000000008da00000, 0x000000008da00000| Untracked 
| 219|0x000000008db00000, 0x000000008db00000, 0x000000008dc00000|  0%| F|  |TAMS 0x000000008db00000, 0x000000008db00000| Untracked 
| 220|0x000000008dc00000, 0x000000008dc00000, 0x000000008dd00000|  0%| F|  |TAMS 0x000000008dc00000, 0x000000008dc00000| Untracked 
| 221|0x000000008dd00000, 0x000000008dd00000, 0x000000008de00000|  0%| F|  |TAMS 0x000000008dd00000, 0x000000008dd00000| Untracked 
| 222|0x000000008de00000, 0x000000008de00000, 0x000000008df00000|  0%| F|  |TAMS 0x000000008de00000, 0x000000008de00000| Untracked 
| 223|0x000000008df00000, 0x000000008df00000, 0x000000008e000000|  0%| F|  |TAMS 0x000000008df00000, 0x000000008df00000| Untracked 
| 224|0x000000008e000000, 0x000000008e000000, 0x000000008e100000|  0%| F|  |TAMS 0x000000008e000000, 0x000000008e000000| Untracked 
| 225|0x000000008e100000, 0x000000008e100000, 0x000000008e200000|  0%| F|  |TAMS 0x000000008e100000, 0x000000008e100000| Untracked 
| 226|0x000000008e200000, 0x000000008e200000, 0x000000008e300000|  0%| F|  |TAMS 0x000000008e200000, 0x000000008e200000| Untracked 
| 227|0x000000008e300000, 0x000000008e300000, 0x000000008e400000|  0%| F|  |TAMS 0x000000008e300000, 0x000000008e300000| Untracked 
| 228|0x000000008e400000, 0x000000008e400000, 0x000000008e500000|  0%| F|  |TAMS 0x000000008e400000, 0x000000008e400000| Untracked 
| 229|0x000000008e500000, 0x000000008e500000, 0x000000008e600000|  0%| F|  |TAMS 0x000000008e500000, 0x000000008e500000| Untracked 
| 230|0x000000008e600000, 0x000000008e600000, 0x000000008e700000|  0%| F|  |TAMS 0x000000008e600000, 0x000000008e600000| Untracked 
| 231|0x000000008e700000, 0x000000008e700000, 0x000000008e800000|  0%| F|  |TAMS 0x000000008e700000, 0x000000008e700000| Untracked 
| 232|0x000000008e800000, 0x000000008e800000, 0x000000008e900000|  0%| F|  |TAMS 0x000000008e800000, 0x000000008e800000| Untracked 
| 233|0x000000008e900000, 0x000000008e900000, 0x000000008ea00000|  0%| F|  |TAMS 0x000000008e900000, 0x000000008e900000| Untracked 
| 234|0x000000008ea00000, 0x000000008ea00000, 0x000000008eb00000|  0%| F|  |TAMS 0x000000008ea00000, 0x000000008ea00000| Untracked 
| 235|0x000000008eb00000, 0x000000008eb00000, 0x000000008ec00000|  0%| F|  |TAMS 0x000000008eb00000, 0x000000008eb00000| Untracked 
| 236|0x000000008ec00000, 0x000000008ec00000, 0x000000008ed00000|  0%| F|  |TAMS 0x000000008ec00000, 0x000000008ec00000| Untracked 
| 237|0x000000008ed00000, 0x000000008ed00000, 0x000000008ee00000|  0%| F|  |TAMS 0x000000008ed00000, 0x000000008ed00000| Untracked 
| 238|0x000000008ee00000, 0x000000008ee00000, 0x000000008ef00000|  0%| F|  |TAMS 0x000000008ee00000, 0x000000008ee00000| Untracked 
| 239|0x000000008ef00000, 0x000000008ef00000, 0x000000008f000000|  0%| F|  |TAMS 0x000000008ef00000, 0x000000008ef00000| Untracked 
| 240|0x000000008f000000, 0x000000008f000000, 0x000000008f100000|  0%| F|  |TAMS 0x000000008f000000, 0x000000008f000000| Untracked 
| 241|0x000000008f100000, 0x000000008f100000, 0x000000008f200000|  0%| F|  |TAMS 0x000000008f100000, 0x000000008f100000| Untracked 
| 242|0x000000008f200000, 0x000000008f200000, 0x000000008f300000|  0%| F|  |TAMS 0x000000008f200000, 0x000000008f200000| Untracked 
| 243|0x000000008f300000, 0x000000008f300000, 0x000000008f400000|  0%| F|  |TAMS 0x000000008f300000, 0x000000008f300000| Untracked 
| 244|0x000000008f400000, 0x000000008f400000, 0x000000008f500000|  0%| F|  |TAMS 0x000000008f400000, 0x000000008f400000| Untracked 
| 245|0x000000008f500000, 0x000000008f500000, 0x000000008f600000|  0%| F|  |TAMS 0x000000008f500000, 0x000000008f500000| Untracked 
| 246|0x000000008f600000, 0x000000008f600000, 0x000000008f700000|  0%| F|  |TAMS 0x000000008f600000, 0x000000008f600000| Untracked 
| 247|0x000000008f700000, 0x000000008f700000, 0x000000008f800000|  0%| F|  |TAMS 0x000000008f700000, 0x000000008f700000| Untracked 
| 248|0x000000008f800000, 0x000000008f800000, 0x000000008f900000|  0%| F|  |TAMS 0x000000008f800000, 0x000000008f800000| Untracked 
| 249|0x000000008f900000, 0x000000008f900000, 0x000000008fa00000|  0%| F|  |TAMS 0x000000008f900000, 0x000000008f900000| Untracked 
| 250|0x000000008fa00000, 0x000000008fa00000, 0x000000008fb00000|  0%| F|  |TAMS 0x000000008fa00000, 0x000000008fa00000| Untracked 
| 251|0x000000008fb00000, 0x000000008fb00000, 0x000000008fc00000|  0%| F|  |TAMS 0x000000008fb00000, 0x000000008fb00000| Untracked 
| 252|0x000000008fc00000, 0x000000008fc00000, 0x000000008fd00000|  0%| F|  |TAMS 0x000000008fc00000, 0x000000008fc00000| Untracked 
| 253|0x000000008fd00000, 0x000000008fd00000, 0x000000008fe00000|  0%| F|  |TAMS 0x000000008fd00000, 0x000000008fd00000| Untracked 
| 254|0x000000008fe00000, 0x000000008fe00000, 0x000000008ff00000|  0%| F|  |TAMS 0x000000008fe00000, 0x000000008fe00000| Untracked 
| 255|0x000000008ff00000, 0x000000008ff00000, 0x0000000090000000|  0%| F|  |TAMS 0x000000008ff00000, 0x000000008ff00000| Untracked 
| 256|0x0000000090000000, 0x0000000090000000, 0x0000000090100000|  0%| F|  |TAMS 0x0000000090000000, 0x0000000090000000| Untracked 
| 257|0x0000000090100000, 0x00000000901683f0, 0x0000000090200000| 40%| S|CS|TAMS 0x0000000090100000, 0x0000000090100000| Complete 
| 258|0x0000000090200000, 0x0000000090300000, 0x0000000090300000|100%| S|CS|TAMS 0x0000000090200000, 0x0000000090200000| Complete 
| 259|0x0000000090300000, 0x0000000090400000, 0x0000000090400000|100%| S|CS|TAMS 0x0000000090300000, 0x0000000090300000| Complete 
| 260|0x0000000090400000, 0x0000000090500000, 0x0000000090500000|100%| S|CS|TAMS 0x0000000090400000, 0x0000000090400000| Complete 
| 261|0x0000000090500000, 0x0000000090500000, 0x0000000090600000|  0%| F|  |TAMS 0x0000000090500000, 0x0000000090500000| Untracked 
| 262|0x0000000090600000, 0x0000000090600000, 0x0000000090700000|  0%| F|  |TAMS 0x0000000090600000, 0x0000000090600000| Untracked 
| 263|0x0000000090700000, 0x0000000090700000, 0x0000000090800000|  0%| F|  |TAMS 0x0000000090700000, 0x0000000090700000| Untracked 
| 264|0x0000000090800000, 0x0000000090800000, 0x0000000090900000|  0%| F|  |TAMS 0x0000000090800000, 0x0000000090800000| Untracked 
| 265|0x0000000090900000, 0x0000000090900000, 0x0000000090a00000|  0%| F|  |TAMS 0x0000000090900000, 0x0000000090900000| Untracked 
| 266|0x0000000090a00000, 0x0000000090a00000, 0x0000000090b00000|  0%| F|  |TAMS 0x0000000090a00000, 0x0000000090a00000| Untracked 
| 267|0x0000000090b00000, 0x0000000090b00000, 0x0000000090c00000|  0%| F|  |TAMS 0x0000000090b00000, 0x0000000090b00000| Untracked 
| 268|0x0000000090c00000, 0x0000000090c00000, 0x0000000090d00000|  0%| F|  |TAMS 0x0000000090c00000, 0x0000000090c00000| Untracked 
| 269|0x0000000090d00000, 0x0000000090d00000, 0x0000000090e00000|  0%| F|  |TAMS 0x0000000090d00000, 0x0000000090d00000| Untracked 
| 270|0x0000000090e00000, 0x0000000090e00000, 0x0000000090f00000|  0%| F|  |TAMS 0x0000000090e00000, 0x0000000090e00000| Untracked 
| 271|0x0000000090f00000, 0x0000000090f00000, 0x0000000091000000|  0%| F|  |TAMS 0x0000000090f00000, 0x0000000090f00000| Untracked 
| 272|0x0000000091000000, 0x0000000091000000, 0x0000000091100000|  0%| F|  |TAMS 0x0000000091000000, 0x0000000091000000| Untracked 
| 273|0x0000000091100000, 0x0000000091100000, 0x0000000091200000|  0%| F|  |TAMS 0x0000000091100000, 0x0000000091100000| Untracked 
| 274|0x0000000091200000, 0x0000000091200000, 0x0000000091300000|  0%| F|  |TAMS 0x0000000091200000, 0x0000000091200000| Untracked 
| 275|0x0000000091300000, 0x0000000091300000, 0x0000000091400000|  0%| F|  |TAMS 0x0000000091300000, 0x0000000091300000| Untracked 
| 276|0x0000000091400000, 0x0000000091400000, 0x0000000091500000|  0%| F|  |TAMS 0x0000000091400000, 0x0000000091400000| Untracked 
| 277|0x0000000091500000, 0x0000000091500000, 0x0000000091600000|  0%| F|  |TAMS 0x0000000091500000, 0x0000000091500000| Untracked 
| 278|0x0000000091600000, 0x0000000091600000, 0x0000000091700000|  0%| F|  |TAMS 0x0000000091600000, 0x0000000091600000| Untracked 
| 279|0x0000000091700000, 0x0000000091700000, 0x0000000091800000|  0%| F|  |TAMS 0x0000000091700000, 0x0000000091700000| Untracked 
| 280|0x0000000091800000, 0x0000000091800000, 0x0000000091900000|  0%| F|  |TAMS 0x0000000091800000, 0x0000000091800000| Untracked 
| 281|0x0000000091900000, 0x0000000091900000, 0x0000000091a00000|  0%| F|  |TAMS 0x0000000091900000, 0x0000000091900000| Untracked 
| 282|0x0000000091a00000, 0x0000000091a00000, 0x0000000091b00000|  0%| F|  |TAMS 0x0000000091a00000, 0x0000000091a00000| Untracked 
| 283|0x0000000091b00000, 0x0000000091b00000, 0x0000000091c00000|  0%| F|  |TAMS 0x0000000091b00000, 0x0000000091b00000| Untracked 
| 284|0x0000000091c00000, 0x0000000091c00000, 0x0000000091d00000|  0%| F|  |TAMS 0x0000000091c00000, 0x0000000091c00000| Untracked 
| 285|0x0000000091d00000, 0x0000000091d00000, 0x0000000091e00000|  0%| F|  |TAMS 0x0000000091d00000, 0x0000000091d00000| Untracked 
| 286|0x0000000091e00000, 0x0000000091e00000, 0x0000000091f00000|  0%| F|  |TAMS 0x0000000091e00000, 0x0000000091e00000| Untracked 
| 287|0x0000000091f00000, 0x0000000091f00000, 0x0000000092000000|  0%| F|  |TAMS 0x0000000091f00000, 0x0000000091f00000| Untracked 
| 288|0x0000000092000000, 0x0000000092000000, 0x0000000092100000|  0%| F|  |TAMS 0x0000000092000000, 0x0000000092000000| Untracked 
| 289|0x0000000092100000, 0x0000000092100000, 0x0000000092200000|  0%| F|  |TAMS 0x0000000092100000, 0x0000000092100000| Untracked 
| 290|0x0000000092200000, 0x0000000092200000, 0x0000000092300000|  0%| F|  |TAMS 0x0000000092200000, 0x0000000092200000| Untracked 

Card table byte_map: [0x00000215b3d60000,0x00000215b4160000] _byte_map_base: 0x00000215b3960000

Marking Bits (Prev, Next): (CMBitMap*) 0x00000215a0e9ea88, (CMBitMap*) 0x00000215a0e9eac0
 Prev Bits: [0x00000215b4560000, 0x00000215b6560000)
 Next Bits: [0x00000215b6560000, 0x00000215b8560000)

Polling page: 0x000002159ebb0000

Metaspace:

Usage:
  Non-class:    109.19 MB capacity,   106.57 MB ( 98%) used,     2.23 MB (  2%) free+waste,   397.25 KB ( <1%) overhead. 
      Class:     16.56 MB capacity,    15.25 MB ( 92%) used,     1.14 MB (  7%) free+waste,   176.00 KB (  1%) overhead. 
       Both:    125.75 MB capacity,   121.82 MB ( 97%) used,     3.37 MB (  3%) free+waste,   573.25 KB ( <1%) overhead. 

Virtual space:
  Non-class space:      110.00 MB reserved,     109.20 MB (>99%) committed 
      Class space:        1.00 GB reserved,      16.63 MB (  2%) committed 
             Both:        1.11 GB reserved,     125.82 MB ( 11%) committed 

Chunk freelists:
   Non-Class:  14.00 KB
       Class:  1.00 KB
        Both:  15.00 KB

MaxMetaspaceSize: 17179869184.00 GB
CompressedClassSpaceSize: 1.00 GB
Initial GC threshold: 20.80 MB
Current GC threshold: 208.88 MB
CDS: off

CodeHeap 'non-profiled nmethods': size=120064Kb used=15274Kb max_used=15274Kb free=104789Kb
 bounds [0x00000215ac420000, 0x00000215ad310000, 0x00000215b3960000]
CodeHeap 'profiled nmethods': size=120000Kb used=43285Kb max_used=43285Kb free=76714Kb
 bounds [0x00000215a4ef0000, 0x00000215a7940000, 0x00000215ac420000]
CodeHeap 'non-nmethods': size=5696Kb used=2477Kb max_used=2542Kb free=3218Kb
 bounds [0x00000215a4960000, 0x00000215a4be0000, 0x00000215a4ef0000]
 total_blobs=21060 nmethods=20053 adapters=918
 compilation: enabled
              stopped_count=0, restarted_count=0
 full_count=0

Compilation events (20 events):
Event: 1189.881 Thread 0x00000215c4b48800 nmethod 21985 0x00000215ad2ffe90 code [0x00000215ad3003e0, 0x00000215ad306698]
Event: 1189.882 Thread 0x00000215c4b48800 22052       4       com.android.utils.XmlUtils::toXmlAttributeValue (89 bytes)
Event: 1189.885 Thread 0x00000215baa88800 22055       1       com.android.aaptcompiler.ResourcePathData::getResourceDirectory (5 bytes)
Event: 1189.885 Thread 0x00000215baa88800 nmethod 22055 0x00000215ad309490 code [0x00000215ad309640, 0x00000215ad3096f8]
Event: 1189.885 Thread 0x00000215baa88800 22056       1       com.android.aaptcompiler.ResourcePathData::getExtension (5 bytes)
Event: 1189.886 Thread 0x00000215baa88800 nmethod 22056 0x00000215ad309790 code [0x00000215ad309940, 0x00000215ad3099f8]
Event: 1189.886 Thread 0x00000215baa88800 22057       1       com.android.ide.common.resources.CompileResourceRequest::isPngCrunching (5 bytes)
Event: 1189.886 Thread 0x00000215baa88800 nmethod 22057 0x00000215ad309a90 code [0x00000215ad309c40, 0x00000215ad309cf8]
Event: 1189.886 Thread 0x00000215baa88800 22058       2       kotlin.text.StringsKt__StringsKt::substringBefore$default (15 bytes)
Event: 1189.886 Thread 0x00000215baa88800 nmethod 22058 0x00000215a7934590 code [0x00000215a7934740, 0x00000215a7934848]
Event: 1189.886 Thread 0x00000215baa88800 22059       2       kotlin.text.StringsKt__StringsKt::substringBefore (69 bytes)
Event: 1189.887 Thread 0x00000215baa88800 nmethod 22059 0x00000215a7934910 code [0x00000215a7934bc0, 0x00000215a7935208]
Event: 1189.887 Thread 0x00000215baa88800 22060       1       com.android.aaptcompiler.android.ResTableConfig::getDensity (5 bytes)
Event: 1189.888 Thread 0x00000215baa88800 nmethod 22060 0x00000215ad309d90 code [0x00000215ad309f40, 0x00000215ad309ff8]
Event: 1189.889 Thread 0x00000215baa88800 22061       2       com.android.aaptcompiler.android.ResTableConfig::<init> (394 bytes)
Event: 1189.892 Thread 0x00000215baa88800 nmethod 22061 0x00000215a7935690 code [0x00000215a7935aa0, 0x00000215a7936fa8]
Event: 1189.892 Thread 0x00000215baa88800 22062       2       kotlin.text.CharsKt__CharKt::equals (76 bytes)
Event: 1189.892 Thread 0x00000215baa88800 nmethod 22062 0x00000215a7937a90 code [0x00000215a7937ca0, 0x00000215a7937f58]
Event: 1189.892 Thread 0x00000215c4b48800 nmethod 22052 0x00000215ad30a090 code [0x00000215ad30a260, 0x00000215ad30a898]
Event: 1189.892 Thread 0x00000215c4b48800 22053       4       com.android.utils.XmlUtils::append (645 bytes)

GC Heap History (20 events):
Event: 1186.905 GC heap after
{Heap after GC invocations=98 (full 0):
 garbage-first heap   total 227328K, used 187041K [0x0000000080000000, 0x0000000100000000)
  region size 1024K, 2 young (2048K), 2 survivors (2048K)
 Metaspace       used 123082K, capacity 127040K, committed 127180K, reserved 1159168K
  class space    used 15473K, capacity 16835K, committed 16896K, reserved 1048576K
}
Event: 1187.073 GC heap before
{Heap before GC invocations=98 (full 0):
 garbage-first heap   total 227328K, used 198305K [0x0000000080000000, 0x0000000100000000)
  region size 1024K, 14 young (14336K), 2 survivors (2048K)
 Metaspace       used 123112K, capacity 127040K, committed 127180K, reserved 1159168K
  class space    used 15473K, capacity 16835K, committed 16896K, reserved 1048576K
}
Event: 1187.084 GC heap after
{Heap after GC invocations=99 (full 0):
 garbage-first heap   total 227328K, used 189428K [0x0000000080000000, 0x0000000100000000)
  region size 1024K, 2 young (2048K), 2 survivors (2048K)
 Metaspace       used 123112K, capacity 127040K, committed 127180K, reserved 1159168K
  class space    used 15473K, capacity 16835K, committed 16896K, reserved 1048576K
}
Event: 1187.203 GC heap before
{Heap before GC invocations=99 (full 0):
 garbage-first heap   total 227328K, used 199668K [0x0000000080000000, 0x0000000100000000)
  region size 1024K, 12 young (12288K), 2 survivors (2048K)
 Metaspace       used 123120K, capacity 127040K, committed 127180K, reserved 1159168K
  class space    used 15473K, capacity 16835K, committed 16896K, reserved 1048576K
}
Event: 1187.219 GC heap after
{Heap after GC invocations=100 (full 0):
 garbage-first heap   total 227328K, used 192818K [0x0000000080000000, 0x0000000100000000)
  region size 1024K, 2 young (2048K), 2 survivors (2048K)
 Metaspace       used 123120K, capacity 127040K, committed 127180K, reserved 1159168K
  class space    used 15473K, capacity 16835K, committed 16896K, reserved 1048576K
}
Event: 1187.339 GC heap before
{Heap before GC invocations=100 (full 0):
 garbage-first heap   total 227328K, used 202034K [0x0000000080000000, 0x0000000100000000)
  region size 1024K, 11 young (11264K), 2 survivors (2048K)
 Metaspace       used 123180K, capacity 127104K, committed 127180K, reserved 1159168K
  class space    used 15473K, capacity 16835K, committed 16896K, reserved 1048576K
}
Event: 1187.350 GC heap after
{Heap after GC invocations=101 (full 0):
 garbage-first heap   total 227328K, used 195149K [0x0000000080000000, 0x0000000100000000)
  region size 1024K, 2 young (2048K), 2 survivors (2048K)
 Metaspace       used 123180K, capacity 127104K, committed 127180K, reserved 1159168K
  class space    used 15473K, capacity 16835K, committed 16896K, reserved 1048576K
}
Event: 1187.381 GC heap before
{Heap before GC invocations=101 (full 0):
 garbage-first heap   total 227328K, used 197197K [0x0000000080000000, 0x0000000100000000)
  region size 1024K, 6 young (6144K), 2 survivors (2048K)
 Metaspace       used 123181K, capacity 127104K, committed 127180K, reserved 1159168K
  class space    used 15473K, capacity 16835K, committed 16896K, reserved 1048576K
}
Event: 1187.404 GC heap after
{Heap after GC invocations=102 (full 0):
 garbage-first heap   total 227328K, used 196953K [0x0000000080000000, 0x0000000100000000)
  region size 1024K, 2 young (2048K), 2 survivors (2048K)
 Metaspace       used 123181K, capacity 127104K, committed 127180K, reserved 1159168K
  class space    used 15473K, capacity 16835K, committed 16896K, reserved 1048576K
}
Event: 1187.485 GC heap before
{Heap before GC invocations=102 (full 0):
 garbage-first heap   total 227328K, used 208217K [0x0000000080000000, 0x0000000100000000)
  region size 1024K, 11 young (11264K), 2 survivors (2048K)
 Metaspace       used 123181K, capacity 127104K, committed 127180K, reserved 1159168K
  class space    used 15473K, capacity 16835K, committed 16896K, reserved 1048576K
}
Event: 1187.494 GC heap after
{Heap after GC invocations=103 (full 0):
 garbage-first heap   total 227328K, used 203344K [0x0000000080000000, 0x0000000100000000)
  region size 1024K, 2 young (2048K), 2 survivors (2048K)
 Metaspace       used 123181K, capacity 127104K, committed 127180K, reserved 1159168K
  class space    used 15473K, capacity 16835K, committed 16896K, reserved 1048576K
}
Event: 1187.606 GC heap before
{Heap before GC invocations=103 (full 0):
 garbage-first heap   total 227328K, used 212560K [0x0000000080000000, 0x0000000100000000)
  region size 1024K, 11 young (11264K), 2 survivors (2048K)
 Metaspace       used 123188K, capacity 127104K, committed 127180K, reserved 1159168K
  class space    used 15473K, capacity 16835K, committed 16896K, reserved 1048576K
}
Event: 1187.618 GC heap after
{Heap after GC invocations=104 (full 0):
 garbage-first heap   total 297984K, used 206461K [0x0000000080000000, 0x0000000100000000)
  region size 1024K, 2 young (2048K), 2 survivors (2048K)
 Metaspace       used 123188K, capacity 127104K, committed 127180K, reserved 1159168K
  class space    used 15473K, capacity 16835K, committed 16896K, reserved 1048576K
}
Event: 1188.073 GC heap before
{Heap before GC invocations=104 (full 0):
 garbage-first heap   total 297984K, used 227965K [0x0000000080000000, 0x0000000100000000)
  region size 1024K, 23 young (23552K), 2 survivors (2048K)
 Metaspace       used 123984K, capacity 127939K, committed 128076K, reserved 1161216K
  class space    used 15555K, capacity 16900K, committed 17024K, reserved 1048576K
}
Event: 1188.093 GC heap after
{Heap after GC invocations=105 (full 0):
 garbage-first heap   total 297984K, used 210806K [0x0000000080000000, 0x0000000100000000)
  region size 1024K, 3 young (3072K), 3 survivors (3072K)
 Metaspace       used 123984K, capacity 127939K, committed 128076K, reserved 1161216K
  class space    used 15555K, capacity 16900K, committed 17024K, reserved 1048576K
}
Event: 1189.056 GC heap before
{Heap before GC invocations=106 (full 0):
 garbage-first heap   total 297984K, used 239478K [0x0000000080000000, 0x0000000100000000)
  region size 1024K, 25 young (25600K), 3 survivors (3072K)
 Metaspace       used 124427K, capacity 128411K, committed 128588K, reserved 1161216K
  class space    used 15596K, capacity 16952K, committed 17024K, reserved 1048576K
}
Event: 1189.073 GC heap after
{Heap after GC invocations=107 (full 0):
 garbage-first heap   total 297984K, used 212984K [0x0000000080000000, 0x0000000100000000)
  region size 1024K, 3 young (3072K), 3 survivors (3072K)
 Metaspace       used 124427K, capacity 128411K, committed 128588K, reserved 1161216K
  class space    used 15596K, capacity 16952K, committed 17024K, reserved 1048576K
}
Event: 1189.256 GC heap before
{Heap before GC invocations=107 (full 0):
 garbage-first heap   total 297984K, used 223224K [0x0000000080000000, 0x0000000100000000)
  region size 1024K, 14 young (14336K), 3 survivors (3072K)
 Metaspace       used 124447K, capacity 128411K, committed 128588K, reserved 1161216K
  class space    used 15596K, capacity 16952K, committed 17024K, reserved 1048576K
}
Event: 1189.288 GC heap after
{Heap after GC invocations=108 (full 0):
 garbage-first heap   total 297984K, used 196118K [0x0000000080000000, 0x0000000100000000)
  region size 1024K, 2 young (2048K), 2 survivors (2048K)
 Metaspace       used 124447K, capacity 128411K, committed 128588K, reserved 1161216K
  class space    used 15596K, capacity 16952K, committed 17024K, reserved 1048576K
}
Event: 1189.911 GC heap before
{Heap before GC invocations=108 (full 0):
 garbage-first heap   total 297984K, used 242198K [0x0000000080000000, 0x0000000100000000)
  region size 1024K, 30 young (30720K), 2 survivors (2048K)
 Metaspace       used 124739K, capacity 128765K, committed 128844K, reserved 1161216K
  class space    used 15616K, capacity 16959K, committed 17024K, reserved 1048576K
}

Deoptimization events (20 events):
Event: 1189.728 Thread 0x00000215c4e26800 Uncommon trap: trap_request=0xffffffde fr.pc=0x00000215ad2b1724 relative=0x00000000000002e4
Event: 1189.728 Thread 0x00000215c4e26800 Uncommon trap: reason=class_check action=maybe_recompile pc=0x00000215ad2b1724 method=org.apache.xerces.dom.ElementImpl.getAttributes()Lorg/w3c/dom/NamedNodeMap; @ 8 c2
Event: 1189.728 Thread 0x00000215c4e26800 DEOPT PACKING pc=0x00000215ad2b1724 sp=0x00000054945f6f10
Event: 1189.728 Thread 0x00000215c4e26800 DEOPT UNPACKING pc=0x00000215a49aa1af sp=0x00000054945f6ee8 mode 2
Event: 1189.728 Thread 0x00000215c4e26800 Uncommon trap: trap_request=0xffffffde fr.pc=0x00000215ad2b1724 relative=0x00000000000002e4
Event: 1189.728 Thread 0x00000215c4e26800 Uncommon trap: reason=class_check action=maybe_recompile pc=0x00000215ad2b1724 method=org.apache.xerces.dom.ElementImpl.getAttributes()Lorg/w3c/dom/NamedNodeMap; @ 8 c2
Event: 1189.728 Thread 0x00000215c4e26800 DEOPT PACKING pc=0x00000215ad2b1724 sp=0x00000054945f6f10
Event: 1189.728 Thread 0x00000215c4e26800 DEOPT UNPACKING pc=0x00000215a49aa1af sp=0x00000054945f6ee8 mode 2
Event: 1189.728 Thread 0x00000215c4e26800 Uncommon trap: trap_request=0xffffffde fr.pc=0x00000215ad2b1724 relative=0x00000000000002e4
Event: 1189.728 Thread 0x00000215c4e26800 Uncommon trap: reason=class_check action=maybe_recompile pc=0x00000215ad2b1724 method=org.apache.xerces.dom.ElementImpl.getAttributes()Lorg/w3c/dom/NamedNodeMap; @ 8 c2
Event: 1189.728 Thread 0x00000215c4e26800 DEOPT PACKING pc=0x00000215ad2b1724 sp=0x00000054945f6f10
Event: 1189.728 Thread 0x00000215c4e26800 DEOPT UNPACKING pc=0x00000215a49aa1af sp=0x00000054945f6ee8 mode 2
Event: 1189.766 Thread 0x00000215c4e26800 Uncommon trap: trap_request=0xffffff4d fr.pc=0x00000215ad29c4fc relative=0x000000000000051c
Event: 1189.766 Thread 0x00000215c4e26800 Uncommon trap: reason=unstable_if action=reinterpret pc=0x00000215ad29c4fc method=com.android.utils.XmlUtils.toXmlAttributeValue(Ljava/lang/String;)Ljava/lang/String; @ 33 c2
Event: 1189.766 Thread 0x00000215c4e26800 DEOPT PACKING pc=0x00000215ad29c4fc sp=0x00000054945f6c10
Event: 1189.766 Thread 0x00000215c4e26800 DEOPT UNPACKING pc=0x00000215a49aa1af sp=0x00000054945f6bb0 mode 2
Event: 1189.898 Thread 0x00000215c4e26800 Uncommon trap: trap_request=0xffffffc6 fr.pc=0x00000215acf04bfc relative=0x00000000000043fc
Event: 1189.898 Thread 0x00000215c4e26800 Uncommon trap: reason=bimorphic_or_optimized_type_check action=maybe_recompile pc=0x00000215acf04bfc method=org.gradle.internal.snapshot.impl.DefaultValueSnapshotter.processValue(Ljava/lang/Object;Lorg/gradle/internal/snapshot/impl/DefaultValueSnapshotter
Event: 1189.898 Thread 0x00000215c4e26800 DEOPT PACKING pc=0x00000215acf04bfc sp=0x00000054945f6d80
Event: 1189.898 Thread 0x00000215c4e26800 DEOPT UNPACKING pc=0x00000215a49aa1af sp=0x00000054945f6d98 mode 2

Classes redefined (0 events):
No events

Internal exceptions (20 events):
Event: 1184.131 Thread 0x00000215c4e26800 Exception <a 'sun/nio/fs/WindowsException'{0x000000008d3ddbb8}> (0x000000008d3ddbb8) thrown at [./src/hotspot/share/prims/jni.cpp, line 615]
Event: 1184.131 Thread 0x00000215c4e26800 Exception <a 'sun/nio/fs/WindowsException'{0x000000008d3def80}> (0x000000008d3def80) thrown at [./src/hotspot/share/prims/jni.cpp, line 615]
Event: 1184.729 Thread 0x00000215c0e35000 Exception <a 'java/lang/NoSuchMethodError'{0x000000008d0e5fd8}: <clinit>> (0x000000008d0e5fd8) thrown at [./src/hotspot/share/prims/jni.cpp, line 1365]
Event: 1188.214 Thread 0x00000215c4e26800 Exception <a 'java/lang/NoSuchMethodError'{0x0000000091e9fe80}: <clinit>> (0x0000000091e9fe80) thrown at [./src/hotspot/share/prims/jni.cpp, line 1365]
Event: 1188.215 Thread 0x00000215c4e26800 Exception <a 'java/lang/NoSuchMethodError'{0x0000000091eb5108}: <clinit>> (0x0000000091eb5108) thrown at [./src/hotspot/share/prims/jni.cpp, line 1365]
Event: 1188.227 Thread 0x00000215c4e26800 Exception <a 'java/lang/NoSuchMethodError'{0x0000000091d47b40}: <clinit>> (0x0000000091d47b40) thrown at [./src/hotspot/share/prims/jni.cpp, line 1365]
Event: 1188.227 Thread 0x00000215c4e26800 Exception <a 'java/lang/NoSuchMethodError'{0x0000000091d4af00}: <clinit>> (0x0000000091d4af00) thrown at [./src/hotspot/share/prims/jni.cpp, line 1365]
Event: 1188.227 Thread 0x00000215c4e26800 Exception <a 'java/lang/NoSuchMethodError'{0x0000000091d500d8}: <clinit>> (0x0000000091d500d8) thrown at [./src/hotspot/share/prims/jni.cpp, line 1365]
Event: 1188.228 Thread 0x00000215c4e26800 Exception <a 'java/lang/NoSuchMethodError'{0x0000000091d5c070}: <clinit>> (0x0000000091d5c070) thrown at [./src/hotspot/share/prims/jni.cpp, line 1365]
Event: 1188.238 Thread 0x00000215c4e26800 Exception <a 'java/lang/NoSuchMethodError'{0x0000000091dc2538}: <clinit>> (0x0000000091dc2538) thrown at [./src/hotspot/share/prims/jni.cpp, line 1365]
Event: 1188.247 Thread 0x00000215c4e26800 Exception <a 'java/lang/NoSuchMethodError'{0x0000000091c0b180}: <clinit>> (0x0000000091c0b180) thrown at [./src/hotspot/share/prims/jni.cpp, line 1365]
Event: 1188.247 Thread 0x00000215c4e26800 Exception <a 'java/lang/NoSuchMethodError'{0x0000000091c0f088}: <clinit>> (0x0000000091c0f088) thrown at [./src/hotspot/share/prims/jni.cpp, line 1365]
Event: 1188.247 Thread 0x00000215c4e26800 Exception <a 'java/lang/NoSuchMethodError'{0x0000000091c12798}: <clinit>> (0x0000000091c12798) thrown at [./src/hotspot/share/prims/jni.cpp, line 1365]
Event: 1188.249 Thread 0x00000215c4e26800 Exception <a 'java/lang/NoSuchMethodError'{0x0000000091c33c68}: <clinit>> (0x0000000091c33c68) thrown at [./src/hotspot/share/prims/jni.cpp, line 1365]
Event: 1188.250 Thread 0x00000215c4e26800 Exception <a 'java/lang/NoSuchMethodError'{0x0000000091c54448}: <clinit>> (0x0000000091c54448) thrown at [./src/hotspot/share/prims/jni.cpp, line 1365]
Event: 1188.252 Thread 0x00000215c4e26800 Exception <a 'java/lang/NoSuchMethodError'{0x0000000091c71098}: <clinit>> (0x0000000091c71098) thrown at [./src/hotspot/share/prims/jni.cpp, line 1365]
Event: 1188.255 Thread 0x00000215c4e26800 Exception <a 'java/lang/NoSuchMethodError'{0x0000000091c9eab0}: <clinit>> (0x0000000091c9eab0) thrown at [./src/hotspot/share/prims/jni.cpp, line 1365]
Event: 1188.266 Thread 0x00000215c4e26800 Exception <a 'java/lang/NoSuchMethodError'{0x0000000091cce410}: <clinit>> (0x0000000091cce410) thrown at [./src/hotspot/share/prims/jni.cpp, line 1365]
Event: 1188.268 Thread 0x00000215c4e26800 Exception <a 'java/lang/NoSuchMethodError'{0x0000000091ce7c30}: <clinit>> (0x0000000091ce7c30) thrown at [./src/hotspot/share/prims/jni.cpp, line 1365]
Event: 1189.900 Thread 0x00000215c4e26800 Exception <a 'java/lang/NoSuchMethodError'{0x00000000906a0870}: <clinit>> (0x00000000906a0870) thrown at [./src/hotspot/share/prims/jni.cpp, line 1365]

Events (20 events):
Event: 1189.858 loading class com/android/aaptcompiler/android/ResTableConfig done
Event: 1189.863 loading class com/android/aaptcompiler/android/ResTableConfig$Companion
Event: 1189.863 loading class com/android/aaptcompiler/android/ResTableConfig$Companion done
Event: 1189.864 loading class com/android/aaptcompiler/LocaleValue
Event: 1189.865 loading class com/android/aaptcompiler/LocaleValue done
Event: 1189.865 loading class com/android/aaptcompiler/ResourcePathData
Event: 1189.865 loading class com/android/aaptcompiler/ResourcePathData done
Event: 1189.866 loading class com/android/aaptcompiler/AaptResourceTypeKt
Event: 1189.866 loading class com/android/aaptcompiler/AaptResourceTypeKt done
Event: 1189.868 loading class com/android/aaptcompiler/ConfigDescriptionParsersKt
Event: 1189.868 loading class com/android/aaptcompiler/ConfigDescriptionParsersKt done
Event: 1189.884 loading class com/android/aaptcompiler/AaptResourceType
Event: 1189.884 loading class com/android/aaptcompiler/AaptResourceType done
Event: 1189.891 loading class com/android/build/gradle/internal/res/ResourceCompilerRunnable
Event: 1189.891 loading class com/android/build/gradle/internal/res/ResourceCompilerRunnable done
Event: 1189.893 loading class com/android/build/gradle/internal/aapt/WorkerExecutorResourceCompilationService$close$1$1
Event: 1189.893 loading class com/android/build/gradle/internal/aapt/WorkerExecutorResourceCompilationService$close$1$1 done
Event: 1189.894 loading class com/android/build/gradle/internal/res/ResourceCompilerRunnable$Params
Event: 1189.894 loading class com/android/build/gradle/internal/res/ResourceCompilerRunnable$Params done
Event: 1189.910 Executing VM operation: G1CollectForAllocation


Dynamic libraries:
0x00007ff724f30000 - 0x00007ff724f3a000 	D:\Videos All\App Devolopment Course\Android Studio All Project\New folder\jre\bin\java.exe
0x00007ffec3180000 - 0x00007ffec3370000 	C:\Windows\SYSTEM32\ntdll.dll
0x00007ffec2bb0000 - 0x00007ffec2c63000 	C:\Windows\System32\KERNEL32.DLL
0x00007ffec0120000 - 0x00007ffec03c5000 	C:\Windows\System32\KERNELBASE.dll
0x00007ffec0f80000 - 0x00007ffec107a000 	C:\Windows\System32\ucrtbase.dll
0x00007ffeb67c0000 - 0x00007ffeb67d9000 	D:\Videos All\App Devolopment Course\Android Studio All Project\New folder\jre\bin\jli.dll
0x00007ffeb3ff0000 - 0x00007ffeb4007000 	D:\Videos All\App Devolopment Course\Android Studio All Project\New folder\jre\bin\VCRUNTIME140.dll
0x00007ffec1220000 - 0x00007ffec13b4000 	C:\Windows\System32\USER32.dll
0x00007ffec00f0000 - 0x00007ffec0111000 	C:\Windows\System32\win32u.dll
0x00007ffeaea70000 - 0x00007ffeaecf4000 	C:\Windows\WinSxS\amd64_microsoft.windows.common-controls_6595b64144ccf1df_6.0.18362.1977_none_9e80206be45c8f68\COMCTL32.dll
0x00007ffec2eb0000 - 0x00007ffec2ed6000 	C:\Windows\System32\GDI32.dll
0x00007ffec2c70000 - 0x00007ffec2d0e000 	C:\Windows\System32\msvcrt.dll
0x00007ffec1080000 - 0x00007ffec1218000 	C:\Windows\System32\gdi32full.dll
0x00007ffec0b50000 - 0x00007ffec0bee000 	C:\Windows\System32\msvcp_win.dll
0x00007ffec1d20000 - 0x00007ffec2056000 	C:\Windows\System32\combase.dll
0x00007ffec1890000 - 0x00007ffec19af000 	C:\Windows\System32\RPCRT4.dll
0x00007ffec0ed0000 - 0x00007ffec0f54000 	C:\Windows\System32\bcryptPrimitives.dll
0x00007ffec13c0000 - 0x00007ffec13ee000 	C:\Windows\System32\IMM32.DLL
0x00007ffe91540000 - 0x00007ffe915dd000 	D:\Videos All\App Devolopment Course\Android Studio All Project\New folder\jre\bin\msvcp140.dll
0x00007ffe9b760000 - 0x00007ffe9c245000 	D:\Videos All\App Devolopment Course\Android Studio All Project\New folder\jre\bin\server\jvm.dll
0x00007ffec2060000 - 0x00007ffec2103000 	C:\Windows\System32\ADVAPI32.dll
0x00007ffec2fd0000 - 0x00007ffec3067000 	C:\Windows\System32\sechost.dll
0x00007ffec13f0000 - 0x00007ffec13f8000 	C:\Windows\System32\PSAPI.DLL
0x00007ffeaa9c0000 - 0x00007ffeaa9c9000 	C:\Windows\SYSTEM32\WSOCK32.dll
0x00007ffebc6f0000 - 0x00007ffebc714000 	C:\Windows\SYSTEM32\WINMM.dll
0x00007ffec3070000 - 0x00007ffec30df000 	C:\Windows\System32\WS2_32.dll
0x00007ffebb0f0000 - 0x00007ffebb0fa000 	C:\Windows\SYSTEM32\VERSION.dll
0x00007ffebc6c0000 - 0x00007ffebc6ed000 	C:\Windows\SYSTEM32\winmmbase.dll
0x00007ffec0c50000 - 0x00007ffec0c9a000 	C:\Windows\System32\cfgmgr32.dll
0x00007ffec0040000 - 0x00007ffec0051000 	C:\Windows\System32\kernel.appcore.dll
0x00007ffe9f540000 - 0x00007ffe9f551000 	D:\Videos All\App Devolopment Course\Android Studio All Project\New folder\jre\bin\verify.dll
0x00007ffebe7d0000 - 0x00007ffebe9c4000 	C:\Windows\SYSTEM32\DBGHELP.DLL
0x00007ffea5e80000 - 0x00007ffea5eaa000 	C:\Windows\SYSTEM32\dbgcore.DLL
0x00007ffe9b730000 - 0x00007ffe9b759000 	D:\Videos All\App Devolopment Course\Android Studio All Project\New folder\jre\bin\java.dll
0x00007ffebc3c0000 - 0x00007ffebc3cb000 	D:\Videos All\App Devolopment Course\Android Studio All Project\New folder\jre\bin\jimage.dll
0x00007ffe9f520000 - 0x00007ffe9f538000 	D:\Videos All\App Devolopment Course\Android Studio All Project\New folder\jre\bin\zip.dll
0x00007ffec24c0000 - 0x00007ffec2ba7000 	C:\Windows\System32\SHELL32.dll
0x00007ffec2d10000 - 0x00007ffec2db9000 	C:\Windows\System32\shcore.dll
0x00007ffec03d0000 - 0x00007ffec0b4b000 	C:\Windows\System32\windows.storage.dll
0x00007ffec00d0000 - 0x00007ffec00ee000 	C:\Windows\System32\profapi.dll
0x00007ffec0060000 - 0x00007ffec00aa000 	C:\Windows\System32\powrprof.dll
0x00007ffec0030000 - 0x00007ffec0040000 	C:\Windows\System32\UMPDC.dll
0x00007ffec1b10000 - 0x00007ffec1b62000 	C:\Windows\System32\shlwapi.dll
0x00007ffec0f60000 - 0x00007ffec0f77000 	C:\Windows\System32\cryptsp.dll
0x00007ffe9b710000 - 0x00007ffe9b72a000 	D:\Videos All\App Devolopment Course\Android Studio All Project\New folder\jre\bin\net.dll
0x00007ffeb3eb0000 - 0x00007ffeb3fa9000 	C:\Windows\SYSTEM32\WINHTTP.dll
0x00007ffebf810000 - 0x00007ffebf877000 	C:\Windows\system32\mswsock.dll
0x00007ffe9b6f0000 - 0x00007ffe9b704000 	D:\Videos All\App Devolopment Course\Android Studio All Project\New folder\jre\bin\nio.dll
0x00007ffe92000000 - 0x00007ffe92027000 	C:\Users\LT-BD\.gradle\native\e1d6ef7f7dcc3fd88c89a11ec53ec762bb8ba0a96d01ffa2cd45eb1d1d8dd5c5\windows-amd64\native-platform.dll
0x00007ffe8a210000 - 0x00007ffe8a354000 	C:\Users\LT-BD\.gradle\native\5664cfc778a61ccfe75a443a1ab52a65af34e5dc3c78e0209fed803814484fcb\windows-amd64\native-platform-file-events.dll
0x00007ffeba6c0000 - 0x00007ffeba6ca000 	D:\Videos All\App Devolopment Course\Android Studio All Project\New folder\jre\bin\management.dll
0x00007ffea7b50000 - 0x00007ffea7b5d000 	D:\Videos All\App Devolopment Course\Android Studio All Project\New folder\jre\bin\management_ext.dll
0x00007ffebf390000 - 0x00007ffebf3c3000 	C:\Windows\system32\rsaenh.dll
0x00007ffec0df0000 - 0x00007ffec0e16000 	C:\Windows\System32\bcrypt.dll
0x00007ffebff20000 - 0x00007ffebff45000 	C:\Windows\SYSTEM32\USERENV.dll
0x00007ffebf9e0000 - 0x00007ffebf9ec000 	C:\Windows\SYSTEM32\CRYPTBASE.dll
0x00007ffebf520000 - 0x00007ffebf55a000 	C:\Windows\SYSTEM32\IPHLPAPI.DLL
0x00007ffec2e40000 - 0x00007ffec2e48000 	C:\Windows\System32\NSI.dll
0x00007ffeb67e0000 - 0x00007ffeb67f6000 	C:\Windows\SYSTEM32\dhcpcsvc6.DLL
0x00007ffeb7ce0000 - 0x00007ffeb7cfc000 	C:\Windows\SYSTEM32\dhcpcsvc.DLL
0x00007ffebf560000 - 0x00007ffebf62a000 	C:\Windows\SYSTEM32\DNSAPI.dll
0x00007ffe9b2c0000 - 0x00007ffe9b2e7000 	D:\Videos All\App Devolopment Course\Android Studio All Project\New folder\jre\bin\sunec.dll
0x00007ffeae840000 - 0x00007ffeae84a000 	C:\Windows\System32\rasadhlp.dll
0x00007ffeb65a0000 - 0x00007ffeb6617000 	C:\Windows\System32\fwpuclnt.dll
0x00007ffebf070000 - 0x00007ffebf0a1000 	C:\Windows\SYSTEM32\ntmarta.dll

dbghelp: loaded successfully - version: 4.0.5 - missing functions: none
symbol engine: initialized successfully - sym options: 0x614 - pdb path: .;D:\Videos All\App Devolopment Course\Android Studio All Project\New folder\jre\bin;C:\Windows\SYSTEM32;C:\Windows\WinSxS\amd64_microsoft.windows.common-controls_6595b64144ccf1df_6.0.18362.1977_none_9e80206be45c8f68;D:\Videos All\App Devolopment Course\Android Studio All Project\New folder\jre\bin\server;C:\Users\LT-BD\.gradle\native\e1d6ef7f7dcc3fd88c89a11ec53ec762bb8ba0a96d01ffa2cd45eb1d1d8dd5c5\windows-amd64;C:\Users\LT-BD\.gradle\native\5664cfc778a61ccfe75a443a1ab52a65af34e5dc3c78e0209fed803814484fcb\windows-amd64

VM Arguments:
jvm_args: --add-opens=java.base/java.util=ALL-UNNAMED --add-opens=java.base/java.lang=ALL-UNNAMED --add-opens=java.base/java.lang.invoke=ALL-UNNAMED --add-opens=java.base/java.util=ALL-UNNAMED --add-opens=java.prefs/java.util.prefs=ALL-UNNAMED --add-opens=java.prefs/java.util.prefs=ALL-UNNAMED --add-opens=java.base/java.nio.charset=ALL-UNNAMED --add-opens=java.base/java.net=ALL-UNNAMED --add-opens=java.base/java.util.concurrent.atomic=ALL-UNNAMED -Xmx2048m -Dfile.encoding=UTF-8 -Duser.country=US -Duser.language=en -Duser.variant 
java_command: org.gradle.launcher.daemon.bootstrap.GradleDaemon 7.3.3
java_class_path (initial): C:\Users\LT-BD\.gradle\wrapper\dists\gradle-7.3.3-bin\6a41zxkdtcxs8rphpq6y0069z\gradle-7.3.3\lib\gradle-launcher-7.3.3.jar
Launcher Type: SUN_STANDARD

[Global flags]
     intx CICompilerCount                          = 3                                         {product} {ergonomic}
     uint ConcGCThreads                            = 1                                         {product} {ergonomic}
     uint G1ConcRefinementThreads                  = 4                                         {product} {ergonomic}
   size_t G1HeapRegionSize                         = 1048576                                   {product} {ergonomic}
    uintx GCDrainStackTargetSize                   = 64                                        {product} {ergonomic}
   size_t InitialHeapSize                          = 134217728                                 {product} {ergonomic}
   size_t MarkStackSize                            = 4194304                                   {product} {ergonomic}
   size_t MaxHeapSize                              = 2147483648                                {product} {command line}
   size_t MaxNewSize                               = 1287651328                                {product} {ergonomic}
   size_t MinHeapDeltaBytes                        = 1048576                                   {product} {ergonomic}
    uintx NonNMethodCodeHeapSize                   = 5830732                                {pd product} {ergonomic}
    uintx NonProfiledCodeHeapSize                  = 122913754                              {pd product} {ergonomic}
    uintx ProfiledCodeHeapSize                     = 122913754                              {pd product} {ergonomic}
    uintx ReservedCodeCacheSize                    = 251658240                              {pd product} {ergonomic}
     bool SegmentedCodeCache                       = true                                      {product} {ergonomic}
     bool UseCompressedClassPointers               = true                                 {lp64_product} {ergonomic}
     bool UseCompressedOops                        = true                                 {lp64_product} {ergonomic}
     bool UseG1GC                                  = true                                      {product} {ergonomic}
     bool UseLargePagesIndividualAllocation        = false                                  {pd product} {ergonomic}

Logging:
Log output configuration:
 #0: stdout all=warning uptime,level,tags
 #1: stderr all=off uptime,level,tags

Environment Variables:
PATH=C:\Windows\system32;C:\Windows;C:\Windows\System32\Wbem;C:\Windows\System32\WindowsPowerShell\v1.0\;C:\Windows\System32\OpenSSH\;C:\Program Files\dotnet\;C:\Users\LT-BD\AppData\Local\Microsoft\WindowsApps
USERNAME=LT-BD
OS=Windows_NT
PROCESSOR_IDENTIFIER=Intel64 Family 6 Model 142 Stepping 9, GenuineIntel



---------------  S Y S T E M  ---------------

OS: Windows 10 , 64 bit Build 18362 (10.0.18362.1916)
OS uptime: 0 days 2:20 hours

CPU:total 4 (initial active 4) (2 cores per cpu, 2 threads per core) family 6 model 142 stepping 9 microcode 0xde, cmov, cx8, fxsr, mmx, sse, sse2, sse3, ssse3, sse4.1, sse4.2, popcnt, avx, avx2, aes, clmul, erms, rtm, 3dnowpref, lzcnt, ht, tsc, tscinvbit, bmi1, bmi2, adx, fma

Memory: 4k page, system-wide physical 8076M (390M free)
TotalPageFile size 10124M (AvailPageFile size 185M)
current process WorkingSet (physical memory assigned to process): 460M, peak: 572M
current process commit charge ("private bytes"): 687M, peak: 897M

vm_info: OpenJDK 64-Bit Server VM (11.0.12+7-b1504.28-7817840) for windows-amd64 JRE (11.0.12+7-b1504.28-7817840), built on Oct 13 2021 22:12:33 by "builder" with MS VC++ 14.0 (VS2015)

END.
