#
# There is insufficient memory for the Java Runtime Environment to continue.
# Native memory allocation (malloc) failed to allocate 1379216 bytes for Chunk::new
# Possible reasons:
#   The system is out of physical RAM or swap space
#   The process is running with CompressedOops enabled, and the Java Heap may be blocking the growth of the native heap
# Possible solutions:
#   Reduce memory load on the system
#   Increase physical memory or swap space
#   Check if swap backing store is full
#   Decrease Java heap size (-Xmx/-Xms)
#   Decrease number of Java threads
#   Decrease Java thread stack sizes (-Xss)
#   Set larger code cache with -XX:ReservedCodeCacheSize=
#   JVM is running with Unscaled Compressed Oops mode in which the Java heap is
#     placed in the first 4GB address space. The Java Heap base address is the
#     maximum limit for the native heap growth. Please use -XX:HeapBaseMinAddress
#     to set the Java Heap base and to place the Java Heap above 4GB virtual address.
# This output file may be truncated or incomplete.
#
#  Out of Memory Error (./src/hotspot/share/memory/arena.cpp:197), pid=10864, tid=8280
#
# JRE version: OpenJDK Runtime Environment (11.0.12+7) (build 11.0.12+7-b1504.28-7817840)
# Java VM: OpenJDK 64-Bit Server VM (11.0.12+7-b1504.28-7817840, mixed mode, tiered, compressed oops, g1 gc, windows-amd64)
# No core dump will be written. Minidumps are not enabled by default on client versions of Windows
#

---------------  S U M M A R Y ------------

Command Line: --add-opens=java.base/java.util=ALL-UNNAMED --add-opens=java.base/java.lang=ALL-UNNAMED --add-opens=java.base/java.lang.invoke=ALL-UNNAMED --add-opens=java.base/java.util=ALL-UNNAMED --add-opens=java.prefs/java.util.prefs=ALL-UNNAMED --add-opens=java.prefs/java.util.prefs=ALL-UNNAMED --add-opens=java.base/java.nio.charset=ALL-UNNAMED --add-opens=java.base/java.net=ALL-UNNAMED --add-opens=java.base/java.util.concurrent.atomic=ALL-UNNAMED -Xmx2048m -Dfile.encoding=UTF-8 -Duser.country=US -Duser.language=en -Duser.variant org.gradle.launcher.daemon.bootstrap.GradleDaemon 7.3.3

Host: Intel(R) Core(TM) i5-7300U CPU @ 2.60GHz, 4 cores, 7G,  Windows 10 , 64 bit Build 18362 (10.0.18362.1916)
Time: Thu Sep 22 14:54:09 2022 Bangladesh Standard Time elapsed time: 20.375766 seconds (0d 0h 0m 20s)

---------------  T H R E A D  ---------------

Current thread (0x0000025ebe996000):  JavaThread "C2 CompilerThread0" daemon [_thread_in_native, id=8280, stack(0x000000b7c6b00000,0x000000b7c6c00000)]


Current CompileTask:
C2:  20375 7226 %     4       org.gradle.internal.instantiation.generator.AbstractClassGenerator::inspectType @ 77 (560 bytes)

Stack: [0x000000b7c6b00000,0x000000b7c6c00000]
Native frames: (J=compiled Java code, j=interpreted, Vv=VM code, C=native code)
V  [jvm.dll+0x5fbcea]
V  [jvm.dll+0x731905]
V  [jvm.dll+0x732f1d]
V  [jvm.dll+0x7335d3]
V  [jvm.dll+0x247bf8]
V  [jvm.dll+0xc018c]
V  [jvm.dll+0xc06cc]
V  [jvm.dll+0x2bcc04]
V  [jvm.dll+0x5113a8]
V  [jvm.dll+0x208303]
V  [jvm.dll+0x201fe0]
V  [jvm.dll+0x1ff71f]
V  [jvm.dll+0x18868c]
V  [jvm.dll+0x20e0d7]
V  [jvm.dll+0x20c901]
V  [jvm.dll+0x6f9b7f]
V  [jvm.dll+0x6f26a5]
V  [jvm.dll+0x5fabf6]
C  [ucrtbase.dll+0x210b2]
C  [KERNEL32.DLL+0x17c24]
C  [ntdll.dll+0x6d721]


---------------  P R O C E S S  ---------------

Threads class SMR info:
_java_thread_list=0x0000025ec8d04110, length=79, elements={
0x0000025ea4d6d000, 0x0000025ebe970000, 0x0000025ebe971800, 0x0000025ebf2f2800,
0x0000025ebe98b800, 0x0000025ebe98f000, 0x0000025ebe996000, 0x0000025ebe999800,
0x0000025ebe99c000, 0x0000025ebf440000, 0x0000025ebf43e800, 0x0000025ebf441000,
0x0000025ebf442000, 0x0000025ebf43d000, 0x0000025ebf43e000, 0x0000025ebf442800,
0x0000025ebf443800, 0x0000025ebf43f800, 0x0000025ec1fa0800, 0x0000025ec1fa3000,
0x0000025ec1fa2000, 0x0000025ec1fa3800, 0x0000025ec1fa1000, 0x0000025ec1fa5800,
0x0000025ec1fa4800, 0x0000025ec1f9f800, 0x0000025ec1fa6000, 0x0000025ec2d1a800,
0x0000025ec2d1e800, 0x0000025ec2d1d000, 0x0000025ec2d1c000, 0x0000025ec2d1b800,
0x0000025ec2d19000, 0x0000025ec2d1f800, 0x0000025ec2d20000, 0x0000025ec2d21000,
0x0000025ec2d22000, 0x0000025ec2d1d800, 0x0000025ec2d26800, 0x0000025ec2d26000,
0x0000025ec2d27800, 0x0000025ec2d24000, 0x0000025ec2d25000, 0x0000025ec2695800,
0x0000025ec2697800, 0x0000025ec2696800, 0x0000025ec2698000, 0x0000025ec2699000,
0x0000025ec269a000, 0x0000025ec2694000, 0x0000025ec269a800, 0x0000025ec2695000,
0x0000025ec269f800, 0x0000025ec269b800, 0x0000025ec26a0800, 0x0000025ec26a1000,
0x0000025ec269d000, 0x0000025ec26a2000, 0x0000025ec269e000, 0x0000025ec269c000,
0x0000025ec269e800, 0x0000025ec26a3000, 0x0000025ec477e800, 0x0000025ec477f000,
0x0000025ec4780000, 0x0000025ec4780800, 0x0000025ec477d800, 0x0000025ec4781800,
0x0000025ec477c000, 0x0000025ec4782800, 0x0000025ec477c800, 0x0000025ec27d1000,
0x0000025ec27cd000, 0x0000025ec27cd800, 0x0000025ec27ce800, 0x0000025ec27cc000,
0x0000025ec27d2800, 0x0000025ec6deb000, 0x0000025ec27cf000
}

Java Threads: ( => current thread )
  0x0000025ea4d6d000 JavaThread "main" [_thread_blocked, id=5488, stack(0x000000b7c5f00000,0x000000b7c6000000)]
  0x0000025ebe970000 JavaThread "Reference Handler" daemon [_thread_blocked, id=7600, stack(0x000000b7c6600000,0x000000b7c6700000)]
  0x0000025ebe971800 JavaThread "Finalizer" daemon [_thread_blocked, id=1672, stack(0x000000b7c6700000,0x000000b7c6800000)]
  0x0000025ebf2f2800 JavaThread "Signal Dispatcher" daemon [_thread_blocked, id=10184, stack(0x000000b7c6800000,0x000000b7c6900000)]
  0x0000025ebe98b800 JavaThread "Attach Listener" daemon [_thread_blocked, id=8832, stack(0x000000b7c6900000,0x000000b7c6a00000)]
  0x0000025ebe98f000 JavaThread "Service Thread" daemon [_thread_blocked, id=10756, stack(0x000000b7c6a00000,0x000000b7c6b00000)]
=>0x0000025ebe996000 JavaThread "C2 CompilerThread0" daemon [_thread_in_native, id=8280, stack(0x000000b7c6b00000,0x000000b7c6c00000)]
  0x0000025ebe999800 JavaThread "C1 CompilerThread0" daemon [_thread_blocked, id=10880, stack(0x000000b7c6c00000,0x000000b7c6d00000)]
  0x0000025ebe99c000 JavaThread "Sweeper thread" daemon [_thread_blocked, id=8804, stack(0x000000b7c6d00000,0x000000b7c6e00000)]
  0x0000025ebf440000 JavaThread "Common-Cleaner" daemon [_thread_blocked, id=13064, stack(0x000000b7c6e00000,0x000000b7c6f00000)]
  0x0000025ebf43e800 JavaThread "Daemon health stats" [_thread_blocked, id=13220, stack(0x000000b7c7300000,0x000000b7c7400000)]
  0x0000025ebf441000 JavaThread "Incoming local TCP Connector on port 56149" [_thread_in_native, id=2936, stack(0x000000b7c7000000,0x000000b7c7100000)]
  0x0000025ebf442000 JavaThread "Daemon periodic checks" [_thread_blocked, id=508, stack(0x000000b7c7400000,0x000000b7c7500000)]
  0x0000025ebf43d000 JavaThread "Daemon" [_thread_blocked, id=8024, stack(0x000000b7c7500000,0x000000b7c7600000)]
  0x0000025ebf43e000 JavaThread "Handler for socket connection from /127.0.0.1:56149 to /127.0.0.1:56150" [_thread_in_native, id=13268, stack(0x000000b7c7600000,0x000000b7c7700000)]
  0x0000025ebf442800 JavaThread "Cancel handler" [_thread_blocked, id=5076, stack(0x000000b7c7700000,0x000000b7c7800000)]
  0x0000025ebf443800 JavaThread "Daemon worker" [_thread_in_native, id=13192, stack(0x000000b7c7800000,0x000000b7c7900000)]
  0x0000025ebf43f800 JavaThread "Asynchronous log dispatcher for DefaultDaemonConnection: socket connection from /127.0.0.1:56149 to /127.0.0.1:56150" [_thread_blocked, id=2780, stack(0x000000b7c7900000,0x000000b7c7a00000)]
  0x0000025ec1fa0800 JavaThread "Stdin handler" [_thread_blocked, id=5776, stack(0x000000b7c7a00000,0x000000b7c7b00000)]
  0x0000025ec1fa3000 JavaThread "Daemon client event forwarder" [_thread_blocked, id=8340, stack(0x000000b7c7b00000,0x000000b7c7c00000)]
  0x0000025ec1fa2000 JavaThread "Cache worker for journal cache (C:\Users\LT-BD\.gradle\caches\journal-1)" [_thread_blocked, id=11540, stack(0x000000b7c7d00000,0x000000b7c7e00000)]
  0x0000025ec1fa3800 JavaThread "File lock request listener" [_thread_in_native, id=4652, stack(0x000000b7c7e00000,0x000000b7c7f00000)]
  0x0000025ec1fa1000 JavaThread "Cache worker for file hash cache (C:\Users\LT-BD\.gradle\caches\7.3.3\fileHashes)" [_thread_blocked, id=12212, stack(0x000000b7c7f00000,0x000000b7c8000000)]
  0x0000025ec1fa5800 JavaThread "Cache worker for file hash cache (C:\Users\LT-BD\AndroidStudioProjects\MaguraOnlineSeba\.gradle\7.3.3\fileHashes)" [_thread_blocked, id=6748, stack(0x000000b7c8100000,0x000000b7c8200000)]
  0x0000025ec1fa4800 JavaThread "File watcher server" daemon [_thread_in_native, id=5600, stack(0x000000b7c8200000,0x000000b7c8300000)]
  0x0000025ec1f9f800 JavaThread "File watcher consumer" daemon [_thread_blocked, id=7360, stack(0x000000b7c8300000,0x000000b7c8400000)]
  0x0000025ec1fa6000 JavaThread "jar transforms" [_thread_blocked, id=6856, stack(0x000000b7c8400000,0x000000b7c8500000)]
  0x0000025ec2d1a800 JavaThread "jar transforms Thread 2" [_thread_blocked, id=7384, stack(0x000000b7c8500000,0x000000b7c8600000)]
  0x0000025ec2d1e800 JavaThread "jar transforms Thread 3" [_thread_blocked, id=708, stack(0x000000b7c8600000,0x000000b7c8700000)]
  0x0000025ec2d1d000 JavaThread "jar transforms Thread 4" [_thread_blocked, id=4276, stack(0x000000b7c8700000,0x000000b7c8800000)]
  0x0000025ec2d1c000 JavaThread "Cache worker for checksums cache (C:\Users\LT-BD\AndroidStudioProjects\MaguraOnlineSeba\.gradle\7.3.3\checksums)" [_thread_blocked, id=8772, stack(0x000000b7c8800000,0x000000b7c8900000)]
  0x0000025ec2d1b800 JavaThread "Cache worker for cache directory md-supplier (C:\Users\LT-BD\.gradle\caches\7.3.3\md-supplier)" [_thread_blocked, id=5580, stack(0x000000b7c8900000,0x000000b7c8a00000)]
  0x0000025ec2d19000 JavaThread "Cache worker for cache directory md-rule (C:\Users\LT-BD\.gradle\caches\7.3.3\md-rule)" [_thread_blocked, id=12644, stack(0x000000b7c8a00000,0x000000b7c8b00000)]
  0x0000025ec2d1f800 JavaThread "Cache worker for execution history cache (C:\Users\LT-BD\.gradle\caches\7.3.3\executionHistory)" [_thread_blocked, id=268, stack(0x000000b7c8b00000,0x000000b7c8c00000)]
  0x0000025ec2d20000 JavaThread "Cache worker for file content cache (C:\Users\LT-BD\.gradle\caches\7.3.3\fileContent)" [_thread_blocked, id=2888, stack(0x000000b7c8c00000,0x000000b7c8d00000)]
  0x0000025ec2d21000 JavaThread "Cache worker for dependencies-accessors (C:\Users\LT-BD\AndroidStudioProjects\MaguraOnlineSeba\.gradle\7.3.3\dependencies-accessors)" [_thread_blocked, id=13036, stack(0x000000b7c8d00000,0x000000b7c8e00000)]
  0x0000025ec2d22000 JavaThread "Cache worker for Build Output Cleanup Cache (C:\Users\LT-BD\AndroidStudioProjects\MaguraOnlineSeba\.gradle\buildOutputCleanup)" [_thread_blocked, id=13060, stack(0x000000b7c8000000,0x000000b7c8100000)]
  0x0000025ec2d1d800 JavaThread "Unconstrained build operations" [_thread_blocked, id=7228, stack(0x000000b7c8f00000,0x000000b7c9000000)]
  0x0000025ec2d26800 JavaThread "Unconstrained build operations Thread 2" [_thread_blocked, id=13044, stack(0x000000b7c9000000,0x000000b7c9100000)]
  0x0000025ec2d26000 JavaThread "Unconstrained build operations Thread 3" [_thread_blocked, id=1120, stack(0x000000b7c9100000,0x000000b7c9200000)]
  0x0000025ec2d27800 JavaThread "Unconstrained build operations Thread 4" [_thread_blocked, id=4580, stack(0x000000b7c9200000,0x000000b7c9300000)]
  0x0000025ec2d24000 JavaThread "Unconstrained build operations Thread 5" [_thread_blocked, id=4736, stack(0x000000b7c9300000,0x000000b7c9400000)]
  0x0000025ec2d25000 JavaThread "Unconstrained build operations Thread 6" [_thread_blocked, id=7312, stack(0x000000b7c9400000,0x000000b7c9500000)]
  0x0000025ec2695800 JavaThread "Unconstrained build operations Thread 7" [_thread_blocked, id=7888, stack(0x000000b7c9500000,0x000000b7c9600000)]
  0x0000025ec2697800 JavaThread "Unconstrained build operations Thread 8" [_thread_blocked, id=8724, stack(0x000000b7c9600000,0x000000b7c9700000)]
  0x0000025ec2696800 JavaThread "Unconstrained build operations Thread 9" [_thread_blocked, id=5248, stack(0x000000b7c9700000,0x000000b7c9800000)]
  0x0000025ec2698000 JavaThread "Unconstrained build operations Thread 10" [_thread_blocked, id=11760, stack(0x000000b7c9800000,0x000000b7c9900000)]
  0x0000025ec2699000 JavaThread "Unconstrained build operations Thread 11" [_thread_blocked, id=4016, stack(0x000000b7c9900000,0x000000b7c9a00000)]
  0x0000025ec269a000 JavaThread "Unconstrained build operations Thread 12" [_thread_blocked, id=10104, stack(0x000000b7c9a00000,0x000000b7c9b00000)]
  0x0000025ec2694000 JavaThread "Unconstrained build operations Thread 13" [_thread_blocked, id=8188, stack(0x000000b7c9b00000,0x000000b7c9c00000)]
  0x0000025ec269a800 JavaThread "Unconstrained build operations Thread 14" [_thread_blocked, id=1328, stack(0x000000b7c9c00000,0x000000b7c9d00000)]
  0x0000025ec2695000 JavaThread "Unconstrained build operations Thread 15" [_thread_blocked, id=6768, stack(0x000000b7c9d00000,0x000000b7c9e00000)]
  0x0000025ec269f800 JavaThread "Unconstrained build operations Thread 16" [_thread_blocked, id=9316, stack(0x000000b7c9e00000,0x000000b7c9f00000)]
  0x0000025ec269b800 JavaThread "Unconstrained build operations Thread 17" [_thread_blocked, id=1620, stack(0x000000b7c9f00000,0x000000b7ca000000)]
  0x0000025ec26a0800 JavaThread "Unconstrained build operations Thread 18" [_thread_blocked, id=2544, stack(0x000000b7ca000000,0x000000b7ca100000)]
  0x0000025ec26a1000 JavaThread "Unconstrained build operations Thread 19" [_thread_blocked, id=252, stack(0x000000b7ca100000,0x000000b7ca200000)]
  0x0000025ec269d000 JavaThread "Unconstrained build operations Thread 20" [_thread_blocked, id=5464, stack(0x000000b7ca200000,0x000000b7ca300000)]
  0x0000025ec26a2000 JavaThread "Unconstrained build operations Thread 21" [_thread_blocked, id=3576, stack(0x000000b7ca300000,0x000000b7ca400000)]
  0x0000025ec269e000 JavaThread "Unconstrained build operations Thread 22" [_thread_blocked, id=13204, stack(0x000000b7ca400000,0x000000b7ca500000)]
  0x0000025ec269c000 JavaThread "Unconstrained build operations Thread 23" [_thread_blocked, id=3740, stack(0x000000b7ca500000,0x000000b7ca600000)]
  0x0000025ec269e800 JavaThread "Unconstrained build operations Thread 24" [_thread_blocked, id=8992, stack(0x000000b7ca600000,0x000000b7ca700000)]
  0x0000025ec26a3000 JavaThread "Unconstrained build operations Thread 25" [_thread_blocked, id=4156, stack(0x000000b7ca700000,0x000000b7ca800000)]
  0x0000025ec477e800 JavaThread "Unconstrained build operations Thread 26" [_thread_blocked, id=7496, stack(0x000000b7ca800000,0x000000b7ca900000)]
  0x0000025ec477f000 JavaThread "Unconstrained build operations Thread 27" [_thread_blocked, id=12556, stack(0x000000b7ca900000,0x000000b7caa00000)]
  0x0000025ec4780000 JavaThread "Unconstrained build operations Thread 28" [_thread_blocked, id=5544, stack(0x000000b7caa00000,0x000000b7cab00000)]
  0x0000025ec4780800 JavaThread "Unconstrained build operations Thread 29" [_thread_blocked, id=2744, stack(0x000000b7cab00000,0x000000b7cac00000)]
  0x0000025ec477d800 JavaThread "Unconstrained build operations Thread 30" [_thread_blocked, id=7016, stack(0x000000b7cac00000,0x000000b7cad00000)]
  0x0000025ec4781800 JavaThread "Unconstrained build operations Thread 31" [_thread_blocked, id=13024, stack(0x000000b7cad00000,0x000000b7cae00000)]
  0x0000025ec477c000 JavaThread "Unconstrained build operations Thread 32" [_thread_blocked, id=3456, stack(0x000000b7cae00000,0x000000b7caf00000)]
  0x0000025ec4782800 JavaThread "Unconstrained build operations Thread 33" [_thread_blocked, id=6848, stack(0x000000b7caf00000,0x000000b7cb000000)]
  0x0000025ec477c800 JavaThread "Unconstrained build operations Thread 34" [_thread_blocked, id=2512, stack(0x000000b7cb000000,0x000000b7cb100000)]
  0x0000025ec27d1000 JavaThread "Unconstrained build operations Thread 35" [_thread_blocked, id=10288, stack(0x000000b7cb100000,0x000000b7cb200000)]
  0x0000025ec27cd000 JavaThread "Unconstrained build operations Thread 36" [_thread_blocked, id=8756, stack(0x000000b7cb200000,0x000000b7cb300000)]
  0x0000025ec27cd800 JavaThread "Unconstrained build operations Thread 37" [_thread_blocked, id=12680, stack(0x000000b7cb300000,0x000000b7cb400000)]
  0x0000025ec27ce800 JavaThread "Unconstrained build operations Thread 38" [_thread_blocked, id=3324, stack(0x000000b7cb400000,0x000000b7cb500000)]
  0x0000025ec27cc000 JavaThread "Unconstrained build operations Thread 39" [_thread_blocked, id=5280, stack(0x000000b7cb500000,0x000000b7cb600000)]
  0x0000025ec27d2800 JavaThread "Unconstrained build operations Thread 40" [_thread_blocked, id=7092, stack(0x000000b7cb600000,0x000000b7cb700000)]
  0x0000025ec6deb000 JavaThread "C2 CompilerThread1" daemon [_thread_in_native, id=3544, stack(0x000000b7c8e00000,0x000000b7c8f00000)]
  0x0000025ec27cf000 JavaThread "Memory manager" [_thread_blocked, id=4640, stack(0x000000b7cb700000,0x000000b7cb800000)]

Other Threads:
  0x0000025ebe969800 VMThread "VM Thread" [stack: 0x000000b7c6500000,0x000000b7c6600000] [id=9532]
  0x0000025ebf4b1800 WatcherThread [stack: 0x000000b7c6f00000,0x000000b7c7000000] [id=8608]
  0x0000025ea4d87800 GCTaskThread "GC Thread#0" [stack: 0x000000b7c6000000,0x000000b7c6100000] [id=12328]
  0x0000025ec0045000 GCTaskThread "GC Thread#1" [stack: 0x000000b7c7100000,0x000000b7c7200000] [id=676]
  0x0000025ebf616800 GCTaskThread "GC Thread#2" [stack: 0x000000b7c7200000,0x000000b7c7300000] [id=7800]
  0x0000025ec18f0800 GCTaskThread "GC Thread#3" [stack: 0x000000b7c7c00000,0x000000b7c7d00000] [id=7020]
  0x0000025ea4db8800 ConcurrentGCThread "G1 Main Marker" [stack: 0x000000b7c6100000,0x000000b7c6200000] [id=3000]
  0x0000025ea4dbb000 ConcurrentGCThread "G1 Conc#0" [stack: 0x000000b7c6200000,0x000000b7c6300000] [id=8060]
  0x0000025ea4e39800 ConcurrentGCThread "G1 Refine#0" [stack: 0x000000b7c6300000,0x000000b7c6400000] [id=3564]
  0x0000025ebe7c0800 ConcurrentGCThread "G1 Young RemSet Sampling" [stack: 0x000000b7c6400000,0x000000b7c6500000] [id=12308]

Threads with active compile tasks:
C2 CompilerThread0  20452 7226 %     4       org.gradle.internal.instantiation.generator.AbstractClassGenerator::inspectType @ 77 (560 bytes)
C2 CompilerThread1  20452 7360 %     4       java.util.regex.Pattern::compile @ 73 (498 bytes)

VM state:not at safepoint (normal execution)

VM Mutex/Monitor currently owned by a thread: None

Heap address: 0x0000000080000000, size: 2048 MB, Compressed Oops mode: 32-bit
Narrow klass base: 0x0000000000000000, Narrow klass shift: 3
Compressed class space size: 1073741824 Address: 0x0000000100000000

Heap:
 garbage-first heap   total 157696K, used 94729K [0x0000000080000000, 0x0000000100000000)
  region size 1024K, 15 young (15360K), 3 survivors (3072K)
 Metaspace       used 72677K, capacity 74732K, committed 75032K, reserved 1114112K
  class space    used 9368K, capacity 10023K, committed 10112K, reserved 1048576K
Heap Regions: E=young(eden), S=young(survivor), O=old, HS=humongous(starts), HC=humongous(continues), CS=collection set, F=free, A=archive, TAMS=top-at-mark-start (previous, next)
|   0|0x0000000080000000, 0x0000000080100000, 0x0000000080100000|100%| O|  |TAMS 0x0000000080100000, 0x0000000080000000| Untracked 
|   1|0x0000000080100000, 0x0000000080200000, 0x0000000080200000|100%| O|  |TAMS 0x0000000080200000, 0x0000000080100000| Untracked 
|   2|0x0000000080200000, 0x0000000080300000, 0x0000000080300000|100%| O|  |TAMS 0x0000000080300000, 0x0000000080200000| Untracked 
|   3|0x0000000080300000, 0x0000000080400000, 0x0000000080400000|100%|HS|  |TAMS 0x0000000080400000, 0x0000000080300000| Complete 
|   4|0x0000000080400000, 0x0000000080500000, 0x0000000080500000|100%|HC|  |TAMS 0x0000000080500000, 0x0000000080400000| Complete 
|   5|0x0000000080500000, 0x0000000080600000, 0x0000000080600000|100%|HC|  |TAMS 0x0000000080600000, 0x0000000080500000| Complete 
|   6|0x0000000080600000, 0x0000000080700000, 0x0000000080700000|100%| O|  |TAMS 0x0000000080700000, 0x0000000080600000| Untracked 
|   7|0x0000000080700000, 0x0000000080800000, 0x0000000080800000|100%| O|  |TAMS 0x0000000080800000, 0x0000000080700000| Untracked 
|   8|0x0000000080800000, 0x0000000080900000, 0x0000000080900000|100%| O|  |TAMS 0x0000000080900000, 0x0000000080800000| Untracked 
|   9|0x0000000080900000, 0x0000000080a00000, 0x0000000080a00000|100%| O|  |TAMS 0x0000000080a00000, 0x0000000080900000| Untracked 
|  10|0x0000000080a00000, 0x0000000080b00000, 0x0000000080b00000|100%| O|  |TAMS 0x0000000080b00000, 0x0000000080a00000| Untracked 
|  11|0x0000000080b00000, 0x0000000080c00000, 0x0000000080c00000|100%| O|  |TAMS 0x0000000080c00000, 0x0000000080b00000| Untracked 
|  12|0x0000000080c00000, 0x0000000080d00000, 0x0000000080d00000|100%| O|  |TAMS 0x0000000080d00000, 0x0000000080c00000| Untracked 
|  13|0x0000000080d00000, 0x0000000080e00000, 0x0000000080e00000|100%| O|  |TAMS 0x0000000080e00000, 0x0000000080d00000| Untracked 
|  14|0x0000000080e00000, 0x0000000080f00000, 0x0000000080f00000|100%| O|  |TAMS 0x0000000080f00000, 0x0000000080e00000| Untracked 
|  15|0x0000000080f00000, 0x0000000081000000, 0x0000000081000000|100%| O|  |TAMS 0x0000000081000000, 0x0000000080f00000| Untracked 
|  16|0x0000000081000000, 0x0000000081100000, 0x0000000081100000|100%| O|  |TAMS 0x0000000081100000, 0x0000000081000000| Untracked 
|  17|0x0000000081100000, 0x0000000081200000, 0x0000000081200000|100%|HS|  |TAMS 0x0000000081200000, 0x0000000081100000| Complete 
|  18|0x0000000081200000, 0x0000000081300000, 0x0000000081300000|100%|HC|  |TAMS 0x0000000081300000, 0x0000000081200000| Complete 
|  19|0x0000000081300000, 0x0000000081400000, 0x0000000081400000|100%|HS|  |TAMS 0x0000000081400000, 0x0000000081300000| Complete 
|  20|0x0000000081400000, 0x0000000081500000, 0x0000000081500000|100%|HC|  |TAMS 0x0000000081500000, 0x0000000081400000| Complete 
|  21|0x0000000081500000, 0x0000000081600000, 0x0000000081600000|100%|HC|  |TAMS 0x0000000081600000, 0x0000000081500000| Complete 
|  22|0x0000000081600000, 0x0000000081700000, 0x0000000081700000|100%|HS|  |TAMS 0x0000000081700000, 0x0000000081600000| Complete 
|  23|0x0000000081700000, 0x0000000081800000, 0x0000000081800000|100%|HS|  |TAMS 0x0000000081800000, 0x0000000081700000| Complete 
|  24|0x0000000081800000, 0x0000000081900000, 0x0000000081900000|100%|HC|  |TAMS 0x0000000081900000, 0x0000000081800000| Complete 
|  25|0x0000000081900000, 0x0000000081a00000, 0x0000000081a00000|100%|HC|  |TAMS 0x0000000081a00000, 0x0000000081900000| Complete 
|  26|0x0000000081a00000, 0x0000000081b00000, 0x0000000081b00000|100%|HC|  |TAMS 0x0000000081b00000, 0x0000000081a00000| Complete 
|  27|0x0000000081b00000, 0x0000000081c00000, 0x0000000081c00000|100%| O|  |TAMS 0x0000000081c00000, 0x0000000081b00000| Untracked 
|  28|0x0000000081c00000, 0x0000000081d00000, 0x0000000081d00000|100%| O|  |TAMS 0x0000000081d00000, 0x0000000081c00000| Untracked 
|  29|0x0000000081d00000, 0x0000000081e00000, 0x0000000081e00000|100%| O|  |TAMS 0x0000000081e00000, 0x0000000081d00000| Untracked 
|  30|0x0000000081e00000, 0x0000000081f00000, 0x0000000081f00000|100%| O|  |TAMS 0x0000000081f00000, 0x0000000081e00000| Untracked 
|  31|0x0000000081f00000, 0x0000000082000000, 0x0000000082000000|100%| O|  |TAMS 0x0000000082000000, 0x0000000081f00000| Untracked 
|  32|0x0000000082000000, 0x0000000082100000, 0x0000000082100000|100%| O|  |TAMS 0x0000000082100000, 0x0000000082000000| Untracked 
|  33|0x0000000082100000, 0x0000000082200000, 0x0000000082200000|100%| O|  |TAMS 0x0000000082200000, 0x0000000082100000| Untracked 
|  34|0x0000000082200000, 0x0000000082300000, 0x0000000082300000|100%| O|  |TAMS 0x0000000082300000, 0x0000000082200000| Untracked 
|  35|0x0000000082300000, 0x0000000082400000, 0x0000000082400000|100%|HS|  |TAMS 0x0000000082400000, 0x0000000082300000| Complete 
|  36|0x0000000082400000, 0x0000000082500000, 0x0000000082500000|100%|HC|  |TAMS 0x0000000082500000, 0x0000000082400000| Complete 
|  37|0x0000000082500000, 0x0000000082600000, 0x0000000082600000|100%|HC|  |TAMS 0x0000000082600000, 0x0000000082500000| Complete 
|  38|0x0000000082600000, 0x0000000082700000, 0x0000000082700000|100%|HS|  |TAMS 0x0000000082700000, 0x0000000082600000| Complete 
|  39|0x0000000082700000, 0x0000000082800000, 0x0000000082800000|100%| O|  |TAMS 0x0000000082800000, 0x0000000082700000| Untracked 
|  40|0x0000000082800000, 0x0000000082900000, 0x0000000082900000|100%| O|  |TAMS 0x0000000082900000, 0x0000000082800000| Untracked 
|  41|0x0000000082900000, 0x0000000082a00000, 0x0000000082a00000|100%| O|  |TAMS 0x0000000082a00000, 0x0000000082900000| Untracked 
|  42|0x0000000082a00000, 0x0000000082b00000, 0x0000000082b00000|100%|HS|  |TAMS 0x0000000082b00000, 0x0000000082a00000| Complete 
|  43|0x0000000082b00000, 0x0000000082c00000, 0x0000000082c00000|100%|HC|  |TAMS 0x0000000082c00000, 0x0000000082b00000| Complete 
|  44|0x0000000082c00000, 0x0000000082d00000, 0x0000000082d00000|100%|HC|  |TAMS 0x0000000082d00000, 0x0000000082c00000| Complete 
|  45|0x0000000082d00000, 0x0000000082e00000, 0x0000000082e00000|100%|HC|  |TAMS 0x0000000082e00000, 0x0000000082d00000| Complete 
|  46|0x0000000082e00000, 0x0000000082f00000, 0x0000000082f00000|100%| O|  |TAMS 0x0000000082f00000, 0x0000000082e00000| Untracked 
|  47|0x0000000082f00000, 0x0000000083000000, 0x0000000083000000|100%| O|  |TAMS 0x0000000083000000, 0x0000000082f00000| Untracked 
|  48|0x0000000083000000, 0x0000000083100000, 0x0000000083100000|100%| O|  |TAMS 0x0000000083100000, 0x0000000083000000| Untracked 
|  49|0x0000000083100000, 0x0000000083200000, 0x0000000083200000|100%| O|  |TAMS 0x0000000083200000, 0x0000000083100000| Untracked 
|  50|0x0000000083200000, 0x0000000083300000, 0x0000000083300000|100%| O|  |TAMS 0x0000000083300000, 0x0000000083200000| Untracked 
|  51|0x0000000083300000, 0x0000000083400000, 0x0000000083400000|100%| O|  |TAMS 0x0000000083400000, 0x0000000083300000| Untracked 
|  52|0x0000000083400000, 0x0000000083500000, 0x0000000083500000|100%| O|  |TAMS 0x0000000083500000, 0x0000000083400000| Untracked 
|  53|0x0000000083500000, 0x0000000083600000, 0x0000000083600000|100%| O|  |TAMS 0x0000000083600000, 0x0000000083500000| Untracked 
|  54|0x0000000083600000, 0x0000000083700000, 0x0000000083700000|100%| O|  |TAMS 0x0000000083700000, 0x0000000083600000| Untracked 
|  55|0x0000000083700000, 0x0000000083800000, 0x0000000083800000|100%| O|  |TAMS 0x0000000083800000, 0x0000000083700000| Untracked 
|  56|0x0000000083800000, 0x0000000083900000, 0x0000000083900000|100%| O|  |TAMS 0x0000000083900000, 0x0000000083800000| Untracked 
|  57|0x0000000083900000, 0x0000000083a00000, 0x0000000083a00000|100%|HS|  |TAMS 0x0000000083a00000, 0x0000000083900000| Complete 
|  58|0x0000000083a00000, 0x0000000083b00000, 0x0000000083b00000|100%|HS|  |TAMS 0x0000000083b00000, 0x0000000083a00000| Complete 
|  59|0x0000000083b00000, 0x0000000083c00000, 0x0000000083c00000|100%|HS|  |TAMS 0x0000000083c00000, 0x0000000083b00000| Complete 
|  60|0x0000000083c00000, 0x0000000083d00000, 0x0000000083d00000|100%|HC|  |TAMS 0x0000000083d00000, 0x0000000083c00000| Complete 
|  61|0x0000000083d00000, 0x0000000083e00000, 0x0000000083e00000|100%| O|  |TAMS 0x0000000083e00000, 0x0000000083d00000| Untracked 
|  62|0x0000000083e00000, 0x0000000083f00000, 0x0000000083f00000|100%| O|  |TAMS 0x0000000083f00000, 0x0000000083e00000| Untracked 
|  63|0x0000000083f00000, 0x0000000084000000, 0x0000000084000000|100%| O|  |TAMS 0x0000000084000000, 0x0000000083f00000| Untracked 
|  64|0x0000000084000000, 0x0000000084100000, 0x0000000084100000|100%| O|  |TAMS 0x0000000084100000, 0x0000000084000000| Untracked 
|  65|0x0000000084100000, 0x0000000084200000, 0x0000000084200000|100%| O|  |TAMS 0x0000000084200000, 0x0000000084100000| Untracked 
|  66|0x0000000084200000, 0x0000000084300000, 0x0000000084300000|100%| O|  |TAMS 0x0000000084300000, 0x0000000084200000| Untracked 
|  67|0x0000000084300000, 0x0000000084400000, 0x0000000084400000|100%| O|  |TAMS 0x0000000084400000, 0x0000000084300000| Untracked 
|  68|0x0000000084400000, 0x0000000084500000, 0x0000000084500000|100%| O|  |TAMS 0x0000000084500000, 0x0000000084400000| Untracked 
|  69|0x0000000084500000, 0x0000000084600000, 0x0000000084600000|100%| O|  |TAMS 0x0000000084600000, 0x0000000084500000| Untracked 
|  70|0x0000000084600000, 0x0000000084700000, 0x0000000084700000|100%| O|  |TAMS 0x0000000084700000, 0x0000000084600000| Untracked 
|  71|0x0000000084700000, 0x0000000084800000, 0x0000000084800000|100%| O|  |TAMS 0x0000000084800000, 0x0000000084700000| Untracked 
|  72|0x0000000084800000, 0x0000000084900000, 0x0000000084900000|100%| O|  |TAMS 0x0000000084900000, 0x0000000084800000| Untracked 
|  73|0x0000000084900000, 0x0000000084a00000, 0x0000000084a00000|100%| O|  |TAMS 0x0000000084a00000, 0x0000000084900000| Untracked 
|  74|0x0000000084a00000, 0x0000000084b00000, 0x0000000084b00000|100%| O|  |TAMS 0x0000000084b00000, 0x0000000084a00000| Untracked 
|  75|0x0000000084b00000, 0x0000000084c00000, 0x0000000084c00000|100%| O|  |TAMS 0x0000000084c00000, 0x0000000084b00000| Untracked 
|  76|0x0000000084c00000, 0x0000000084d00000, 0x0000000084d00000|100%| O|  |TAMS 0x0000000084d00000, 0x0000000084c00000| Untracked 
|  77|0x0000000084d00000, 0x0000000084e00000, 0x0000000084e00000|100%| O|  |TAMS 0x0000000084e00000, 0x0000000084d00000| Untracked 
|  78|0x0000000084e00000, 0x0000000084e4bc00, 0x0000000084f00000| 29%| O|  |TAMS 0x0000000084e4bc00, 0x0000000084e00000| Untracked 
|  79|0x0000000084f00000, 0x0000000085000000, 0x0000000085000000|100%|HS|  |TAMS 0x0000000084f00000, 0x0000000084f00000| Complete 
|  80|0x0000000085000000, 0x0000000085000000, 0x0000000085100000|  0%| F|  |TAMS 0x0000000085000000, 0x0000000085000000| Untracked 
|  81|0x0000000085100000, 0x0000000085100000, 0x0000000085200000|  0%| F|  |TAMS 0x0000000085100000, 0x0000000085100000| Untracked 
|  82|0x0000000085200000, 0x0000000085200000, 0x0000000085300000|  0%| F|  |TAMS 0x0000000085200000, 0x0000000085200000| Untracked 
|  83|0x0000000085300000, 0x0000000085300000, 0x0000000085400000|  0%| F|  |TAMS 0x0000000085300000, 0x0000000085300000| Untracked 
|  84|0x0000000085400000, 0x0000000085400000, 0x0000000085500000|  0%| F|  |TAMS 0x0000000085400000, 0x0000000085400000| Untracked 
|  85|0x0000000085500000, 0x0000000085500000, 0x0000000085600000|  0%| F|  |TAMS 0x0000000085500000, 0x0000000085500000| Untracked 
|  86|0x0000000085600000, 0x0000000085600000, 0x0000000085700000|  0%| F|  |TAMS 0x0000000085600000, 0x0000000085600000| Untracked 
|  87|0x0000000085700000, 0x0000000085700000, 0x0000000085800000|  0%| F|  |TAMS 0x0000000085700000, 0x0000000085700000| Untracked 
|  88|0x0000000085800000, 0x0000000085800000, 0x0000000085900000|  0%| F|  |TAMS 0x0000000085800000, 0x0000000085800000| Untracked 
|  89|0x0000000085900000, 0x0000000085900000, 0x0000000085a00000|  0%| F|  |TAMS 0x0000000085900000, 0x0000000085900000| Untracked 
|  90|0x0000000085a00000, 0x0000000085a00000, 0x0000000085b00000|  0%| F|  |TAMS 0x0000000085a00000, 0x0000000085a00000| Untracked 
|  91|0x0000000085b00000, 0x0000000085b00000, 0x0000000085c00000|  0%| F|  |TAMS 0x0000000085b00000, 0x0000000085b00000| Untracked 
|  92|0x0000000085c00000, 0x0000000085c00000, 0x0000000085d00000|  0%| F|  |TAMS 0x0000000085c00000, 0x0000000085c00000| Untracked 
|  93|0x0000000085d00000, 0x0000000085d00000, 0x0000000085e00000|  0%| F|  |TAMS 0x0000000085d00000, 0x0000000085d00000| Untracked 
|  94|0x0000000085e00000, 0x0000000085e00000, 0x0000000085f00000|  0%| F|  |TAMS 0x0000000085e00000, 0x0000000085e00000| Untracked 
|  95|0x0000000085f00000, 0x0000000085f00000, 0x0000000086000000|  0%| F|  |TAMS 0x0000000085f00000, 0x0000000085f00000| Untracked 
|  96|0x0000000086000000, 0x0000000086000000, 0x0000000086100000|  0%| F|  |TAMS 0x0000000086000000, 0x0000000086000000| Untracked 
|  97|0x0000000086100000, 0x0000000086100000, 0x0000000086200000|  0%| F|  |TAMS 0x0000000086100000, 0x0000000086100000| Untracked 
|  98|0x0000000086200000, 0x0000000086200000, 0x0000000086300000|  0%| F|  |TAMS 0x0000000086200000, 0x0000000086200000| Untracked 
|  99|0x0000000086300000, 0x0000000086300000, 0x0000000086400000|  0%| F|  |TAMS 0x0000000086300000, 0x0000000086300000| Untracked 
| 100|0x0000000086400000, 0x0000000086400000, 0x0000000086500000|  0%| F|  |TAMS 0x0000000086400000, 0x0000000086400000| Untracked 
| 101|0x0000000086500000, 0x0000000086500000, 0x0000000086600000|  0%| F|  |TAMS 0x0000000086500000, 0x0000000086500000| Untracked 
| 102|0x0000000086600000, 0x0000000086600000, 0x0000000086700000|  0%| F|  |TAMS 0x0000000086600000, 0x0000000086600000| Untracked 
| 103|0x0000000086700000, 0x0000000086700000, 0x0000000086800000|  0%| F|  |TAMS 0x0000000086700000, 0x0000000086700000| Untracked 
| 104|0x0000000086800000, 0x0000000086800000, 0x0000000086900000|  0%| F|  |TAMS 0x0000000086800000, 0x0000000086800000| Untracked 
| 105|0x0000000086900000, 0x0000000086900000, 0x0000000086a00000|  0%| F|  |TAMS 0x0000000086900000, 0x0000000086900000| Untracked 
| 106|0x0000000086a00000, 0x0000000086a00000, 0x0000000086b00000|  0%| F|  |TAMS 0x0000000086a00000, 0x0000000086a00000| Untracked 
| 107|0x0000000086b00000, 0x0000000086b00000, 0x0000000086c00000|  0%| F|  |TAMS 0x0000000086b00000, 0x0000000086b00000| Untracked 
| 108|0x0000000086c00000, 0x0000000086c00000, 0x0000000086d00000|  0%| F|  |TAMS 0x0000000086c00000, 0x0000000086c00000| Untracked 
| 109|0x0000000086d00000, 0x0000000086d00000, 0x0000000086e00000|  0%| F|  |TAMS 0x0000000086d00000, 0x0000000086d00000| Untracked 
| 110|0x0000000086e00000, 0x0000000086e00000, 0x0000000086f00000|  0%| F|  |TAMS 0x0000000086e00000, 0x0000000086e00000| Untracked 
| 111|0x0000000086f00000, 0x0000000086f00000, 0x0000000087000000|  0%| F|  |TAMS 0x0000000086f00000, 0x0000000086f00000| Untracked 
| 112|0x0000000087000000, 0x0000000087000000, 0x0000000087100000|  0%| F|  |TAMS 0x0000000087000000, 0x0000000087000000| Untracked 
| 113|0x0000000087100000, 0x0000000087100000, 0x0000000087200000|  0%| F|  |TAMS 0x0000000087100000, 0x0000000087100000| Untracked 
| 114|0x0000000087200000, 0x0000000087200000, 0x0000000087300000|  0%| F|  |TAMS 0x0000000087200000, 0x0000000087200000| Untracked 
| 115|0x0000000087300000, 0x0000000087300000, 0x0000000087400000|  0%| F|  |TAMS 0x0000000087300000, 0x0000000087300000| Untracked 
| 116|0x0000000087400000, 0x0000000087400000, 0x0000000087500000|  0%| F|  |TAMS 0x0000000087400000, 0x0000000087400000| Untracked 
| 117|0x0000000087500000, 0x0000000087500000, 0x0000000087600000|  0%| F|  |TAMS 0x0000000087500000, 0x0000000087500000| Untracked 
| 118|0x0000000087600000, 0x0000000087600000, 0x0000000087700000|  0%| F|  |TAMS 0x0000000087600000, 0x0000000087600000| Untracked 
| 119|0x0000000087700000, 0x0000000087700000, 0x0000000087800000|  0%| F|  |TAMS 0x0000000087700000, 0x0000000087700000| Untracked 
| 120|0x0000000087800000, 0x0000000087836ae8, 0x0000000087900000| 21%| S|CS|TAMS 0x0000000087800000, 0x0000000087800000| Complete 
| 121|0x0000000087900000, 0x0000000087a00000, 0x0000000087a00000|100%| S|CS|TAMS 0x0000000087900000, 0x0000000087900000| Complete 
| 122|0x0000000087a00000, 0x0000000087b00000, 0x0000000087b00000|100%| S|CS|TAMS 0x0000000087a00000, 0x0000000087a00000| Complete 
| 123|0x0000000087b00000, 0x0000000087b00000, 0x0000000087c00000|  0%| F|  |TAMS 0x0000000087b00000, 0x0000000087b00000| Untracked 
| 124|0x0000000087c00000, 0x0000000087c00000, 0x0000000087d00000|  0%| F|  |TAMS 0x0000000087c00000, 0x0000000087c00000| Untracked 
| 125|0x0000000087d00000, 0x0000000087d00000, 0x0000000087e00000|  0%| F|  |TAMS 0x0000000087d00000, 0x0000000087d00000| Untracked 
| 126|0x0000000087e00000, 0x0000000087e00000, 0x0000000087f00000|  0%| F|  |TAMS 0x0000000087e00000, 0x0000000087e00000| Untracked 
| 127|0x0000000087f00000, 0x0000000087f00000, 0x0000000088000000|  0%| F|  |TAMS 0x0000000087f00000, 0x0000000087f00000| Untracked 
| 128|0x0000000088000000, 0x0000000088000000, 0x0000000088100000|  0%| F|  |TAMS 0x0000000088000000, 0x0000000088000000| Untracked 
| 129|0x0000000088100000, 0x0000000088100000, 0x0000000088200000|  0%| F|  |TAMS 0x0000000088100000, 0x0000000088100000| Untracked 
| 130|0x0000000088200000, 0x0000000088200000, 0x0000000088300000|  0%| F|  |TAMS 0x0000000088200000, 0x0000000088200000| Untracked 
| 131|0x0000000088300000, 0x0000000088300000, 0x0000000088400000|  0%| F|  |TAMS 0x0000000088300000, 0x0000000088300000| Untracked 
| 132|0x0000000088400000, 0x0000000088400000, 0x0000000088500000|  0%| F|  |TAMS 0x0000000088400000, 0x0000000088400000| Untracked 
| 133|0x0000000088500000, 0x0000000088500000, 0x0000000088600000|  0%| F|  |TAMS 0x0000000088500000, 0x0000000088500000| Untracked 
| 134|0x0000000088600000, 0x0000000088600000, 0x0000000088700000|  0%| F|  |TAMS 0x0000000088600000, 0x0000000088600000| Untracked 
| 135|0x0000000088700000, 0x0000000088700000, 0x0000000088800000|  0%| F|  |TAMS 0x0000000088700000, 0x0000000088700000| Untracked 
| 136|0x0000000088800000, 0x0000000088800000, 0x0000000088900000|  0%| F|  |TAMS 0x0000000088800000, 0x0000000088800000| Untracked 
| 137|0x0000000088900000, 0x0000000088900000, 0x0000000088a00000|  0%| F|  |TAMS 0x0000000088900000, 0x0000000088900000| Untracked 
| 138|0x0000000088a00000, 0x0000000088a00000, 0x0000000088b00000|  0%| F|  |TAMS 0x0000000088a00000, 0x0000000088a00000| Untracked 
| 139|0x0000000088b00000, 0x0000000088b00000, 0x0000000088c00000|  0%| F|  |TAMS 0x0000000088b00000, 0x0000000088b00000| Untracked 
| 140|0x0000000088c00000, 0x0000000088c00000, 0x0000000088d00000|  0%| F|  |TAMS 0x0000000088c00000, 0x0000000088c00000| Untracked 
| 141|0x0000000088d00000, 0x0000000088d00000, 0x0000000088e00000|  0%| F|  |TAMS 0x0000000088d00000, 0x0000000088d00000| Untracked 
| 142|0x0000000088e00000, 0x0000000088e06d78, 0x0000000088f00000|  2%| E|  |TAMS 0x0000000088e00000, 0x0000000088e00000| Complete 
| 143|0x0000000088f00000, 0x0000000089000000, 0x0000000089000000|100%| E|CS|TAMS 0x0000000088f00000, 0x0000000088f00000| Complete 
| 144|0x0000000089000000, 0x0000000089100000, 0x0000000089100000|100%| E|CS|TAMS 0x0000000089000000, 0x0000000089000000| Complete 
| 145|0x0000000089100000, 0x0000000089200000, 0x0000000089200000|100%| E|CS|TAMS 0x0000000089100000, 0x0000000089100000| Complete 
| 146|0x0000000089200000, 0x0000000089300000, 0x0000000089300000|100%| E|CS|TAMS 0x0000000089200000, 0x0000000089200000| Complete 
| 147|0x0000000089300000, 0x0000000089400000, 0x0000000089400000|100%| E|CS|TAMS 0x0000000089300000, 0x0000000089300000| Complete 
| 148|0x0000000089400000, 0x0000000089500000, 0x0000000089500000|100%| E|CS|TAMS 0x0000000089400000, 0x0000000089400000| Complete 
| 149|0x0000000089500000, 0x0000000089600000, 0x0000000089600000|100%| E|CS|TAMS 0x0000000089500000, 0x0000000089500000| Complete 
| 150|0x0000000089600000, 0x0000000089700000, 0x0000000089700000|100%| E|CS|TAMS 0x0000000089600000, 0x0000000089600000| Complete 
| 151|0x0000000089700000, 0x0000000089800000, 0x0000000089800000|100%| E|CS|TAMS 0x0000000089700000, 0x0000000089700000| Complete 
| 152|0x0000000089800000, 0x0000000089900000, 0x0000000089900000|100%| E|CS|TAMS 0x0000000089800000, 0x0000000089800000| Complete 
| 153|0x0000000089900000, 0x0000000089a00000, 0x0000000089a00000|100%| E|CS|TAMS 0x0000000089900000, 0x0000000089900000| Complete 

Card table byte_map: [0x0000025eb7c70000,0x0000025eb8070000] _byte_map_base: 0x0000025eb7870000

Marking Bits (Prev, Next): (CMBitMap*) 0x0000025ea4dafe80, (CMBitMap*) 0x0000025ea4dafe48
 Prev Bits: [0x0000025eba470000, 0x0000025ebc470000)
 Next Bits: [0x0000025eb8470000, 0x0000025eba470000)

Polling page: 0x0000025ea2ce0000

Metaspace:

Usage:
  Non-class:     63.19 MB capacity,    61.83 MB ( 98%) used,     1.18 MB (  2%) free+waste,   189.88 KB ( <1%) overhead. 
      Class:      9.79 MB capacity,     9.15 MB ( 93%) used,   565.06 KB (  6%) free+waste,    89.50 KB ( <1%) overhead. 
       Both:     72.98 MB capacity,    70.97 MB ( 97%) used,     1.73 MB (  2%) free+waste,   279.38 KB ( <1%) overhead. 

Virtual space:
  Non-class space:       64.00 MB reserved,      63.40 MB (>99%) committed 
      Class space:        1.00 GB reserved,       9.88 MB ( <1%) committed 
             Both:        1.06 GB reserved,      73.27 MB (  7%) committed 

Chunk freelists:
   Non-Class:  19.00 KB
       Class:  25.00 KB
        Both:  44.00 KB

MaxMetaspaceSize: 17179869184.00 GB
CompressedClassSpaceSize: 1.00 GB
Initial GC threshold: 20.80 MB
Current GC threshold: 120.66 MB
CDS: off

CodeHeap 'non-profiled nmethods': size=120064Kb used=4554Kb max_used=4554Kb free=115509Kb
 bounds [0x0000025eb0330000, 0x0000025eb07b0000, 0x0000025eb7870000]
CodeHeap 'profiled nmethods': size=120000Kb used=16015Kb max_used=16015Kb free=103984Kb
 bounds [0x0000025ea8e00000, 0x0000025ea9db0000, 0x0000025eb0330000]
CodeHeap 'non-nmethods': size=5696Kb used=2360Kb max_used=2416Kb free=3335Kb
 bounds [0x0000025ea8870000, 0x0000025ea8ae0000, 0x0000025ea8e00000]
 total_blobs=8382 nmethods=7510 adapters=784
 compilation: enabled
              stopped_count=0, restarted_count=0
 full_count=0

Compilation events (20 events):
Event: 20.370 Thread 0x0000025ebe999800 nmethod 7511 0x0000025ea9d99c90 code [0x0000025ea9d99e60, 0x0000025ea9d9a028]
Event: 20.370 Thread 0x0000025ebe999800 7510       1       org.codehaus.groovy.ast.expr.PropertyExpression::getProperty (5 bytes)
Event: 20.370 Thread 0x0000025ebe999800 nmethod 7510 0x0000025eb07a0110 code [0x0000025eb07a02c0, 0x0000025eb07a0378]
Event: 20.370 Thread 0x0000025ebe999800 7513       1       groovyjarjarasm.asm.MethodWriter::hasAsmInstructions (5 bytes)
Event: 20.370 Thread 0x0000025ebe999800 nmethod 7513 0x0000025eb07a0410 code [0x0000025eb07a05c0, 0x0000025eb07a0678]
Event: 20.370 Thread 0x0000025ebe999800 7514       3       org.codehaus.groovy.ast.ClassCodeVisitorSupport::visitBlockStatement (11 bytes)
Event: 20.371 Thread 0x0000025ebe999800 nmethod 7514 0x0000025ea9d9a190 code [0x0000025ea9d9a360, 0x0000025ea9d9a558]
Event: 20.371 Thread 0x0000025ebe999800 7515       1       org.codehaus.groovy.ast.ModuleNode::getStaticStarImports (5 bytes)
Event: 20.371 Thread 0x0000025ebe999800 nmethod 7515 0x0000025eb07a0710 code [0x0000025eb07a08c0, 0x0000025eb07a0978]
Event: 20.371 Thread 0x0000025ebe999800 7516       1       org.codehaus.groovy.classgen.asm.OptimizingStatementWriter$OptimizeFlagsCollector$OptimizeFlagsEntry::access$800 (5 bytes)
Event: 20.371 Thread 0x0000025ebe999800 nmethod 7516 0x0000025eb07a0a10 code [0x0000025eb07a0bc0, 0x0000025eb07a0c58]
Event: 20.372 Thread 0x0000025ebe999800 7517       1       org.codehaus.groovy.classgen.asm.WriterController::getAcg (5 bytes)
Event: 20.372 Thread 0x0000025ebe999800 nmethod 7517 0x0000025eb07a0d10 code [0x0000025eb07a0ec0, 0x0000025eb07a0f78]
Event: 20.372 Thread 0x0000025ebe999800 7518       3       org.codehaus.groovy.ast.expr.ConstantExpression::getText (20 bytes)
Event: 20.372 Thread 0x0000025ebe999800 nmethod 7518 0x0000025ea9d9a610 code [0x0000025ea9d9a7e0, 0x0000025ea9d9aa08]
Event: 20.372 Thread 0x0000025ebe999800 7519       3       groovyjarjarasm.asm.SymbolTable::hash (15 bytes)
Event: 20.372 Thread 0x0000025ebe999800 nmethod 7519 0x0000025ea9d9ab10 code [0x0000025ea9d9ace0, 0x0000025ea9d9ae58]
Event: 20.373 Thread 0x0000025ebe999800 7520       3       org.codehaus.groovy.ast.ClassCodeVisitorSupport::visitAnnotations (45 bytes)
Event: 20.373 Thread 0x0000025ebe999800 nmethod 7520 0x0000025ea9d9af90 code [0x0000025ea9d9b1c0, 0x0000025ea9d9b908]
Event: 20.373 Thread 0x0000025ebe999800 7521       3       java.util.Optional::ifPresent (18 bytes)

GC Heap History (20 events):
Event: 7.445 GC heap before
{Heap before GC invocations=8 (full 0):
 garbage-first heap   total 131072K, used 65457K [0x0000000080000000, 0x0000000100000000)
  region size 1024K, 38 young (38912K), 7 survivors (7168K)
 Metaspace       used 34891K, capacity 35782K, committed 35840K, reserved 1081344K
  class space    used 4648K, capacity 4989K, committed 4992K, reserved 1048576K
}
Event: 7.466 GC heap after
{Heap after GC invocations=9 (full 0):
 garbage-first heap   total 131072K, used 36871K [0x0000000080000000, 0x0000000100000000)
  region size 1024K, 2 young (2048K), 2 survivors (2048K)
 Metaspace       used 34891K, capacity 35782K, committed 35840K, reserved 1081344K
  class space    used 4648K, capacity 4989K, committed 4992K, reserved 1048576K
}
Event: 9.219 GC heap before
{Heap before GC invocations=10 (full 0):
 garbage-first heap   total 131072K, used 84999K [0x0000000080000000, 0x0000000100000000)
  region size 1024K, 47 young (48128K), 2 survivors (2048K)
 Metaspace       used 40949K, capacity 42004K, committed 42240K, reserved 1085440K
  class space    used 5212K, capacity 5588K, committed 5632K, reserved 1048576K
}
Event: 9.229 GC heap after
{Heap after GC invocations=11 (full 0):
 garbage-first heap   total 157696K, used 41447K [0x0000000080000000, 0x0000000100000000)
  region size 1024K, 6 young (6144K), 6 survivors (6144K)
 Metaspace       used 40949K, capacity 42004K, committed 42240K, reserved 1085440K
  class space    used 5212K, capacity 5588K, committed 5632K, reserved 1048576K
}
Event: 11.841 GC heap before
{Heap before GC invocations=11 (full 0):
 garbage-first heap   total 157696K, used 99815K [0x0000000080000000, 0x0000000100000000)
  region size 1024K, 60 young (61440K), 6 survivors (6144K)
 Metaspace       used 44652K, capacity 45869K, committed 45952K, reserved 1089536K
  class space    used 5760K, capacity 6227K, committed 6272K, reserved 1048576K
}
Event: 11.852 GC heap after
{Heap after GC invocations=12 (full 0):
 garbage-first heap   total 157696K, used 49247K [0x0000000080000000, 0x0000000100000000)
  region size 1024K, 8 young (8192K), 8 survivors (8192K)
 Metaspace       used 44652K, capacity 45869K, committed 45952K, reserved 1089536K
  class space    used 5760K, capacity 6227K, committed 6272K, reserved 1048576K
}
Event: 13.057 GC heap before
{Heap before GC invocations=12 (full 0):
 garbage-first heap   total 157696K, used 109663K [0x0000000080000000, 0x0000000100000000)
  region size 1024K, 62 young (63488K), 8 survivors (8192K)
 Metaspace       used 47883K, capacity 49288K, committed 49408K, reserved 1091584K
  class space    used 6138K, capacity 6599K, committed 6656K, reserved 1048576K
}
Event: 13.076 GC heap after
{Heap after GC invocations=13 (full 0):
 garbage-first heap   total 157696K, used 57757K [0x0000000080000000, 0x0000000100000000)
  region size 1024K, 8 young (8192K), 8 survivors (8192K)
 Metaspace       used 47883K, capacity 49288K, committed 49408K, reserved 1091584K
  class space    used 6138K, capacity 6599K, committed 6656K, reserved 1048576K
}
Event: 14.269 GC heap before
{Heap before GC invocations=13 (full 0):
 garbage-first heap   total 157696K, used 112029K [0x0000000080000000, 0x0000000100000000)
  region size 1024K, 61 young (62464K), 8 survivors (8192K)
 Metaspace       used 51280K, capacity 52814K, committed 52992K, reserved 1095680K
  class space    used 6623K, capacity 7110K, committed 7168K, reserved 1048576K
}
Event: 14.282 GC heap after
{Heap after GC invocations=14 (full 0):
 garbage-first heap   total 157696K, used 60832K [0x0000000080000000, 0x0000000100000000)
  region size 1024K, 3 young (3072K), 3 survivors (3072K)
 Metaspace       used 51280K, capacity 52814K, committed 52992K, reserved 1095680K
  class space    used 6623K, capacity 7110K, committed 7168K, reserved 1048576K
}
Event: 15.814 GC heap before
{Heap before GC invocations=14 (full 0):
 garbage-first heap   total 157696K, used 118176K [0x0000000080000000, 0x0000000100000000)
  region size 1024K, 56 young (57344K), 3 survivors (3072K)
 Metaspace       used 54589K, capacity 56205K, committed 56320K, reserved 1097728K
  class space    used 7137K, capacity 7660K, committed 7680K, reserved 1048576K
}
Event: 15.823 GC heap after
{Heap after GC invocations=15 (full 0):
 garbage-first heap   total 157696K, used 72704K [0x0000000080000000, 0x0000000100000000)
  region size 1024K, 7 young (7168K), 7 survivors (7168K)
 Metaspace       used 54589K, capacity 56205K, committed 56320K, reserved 1097728K
  class space    used 7137K, capacity 7660K, committed 7680K, reserved 1048576K
}
Event: 16.954 GC heap before
{Heap before GC invocations=15 (full 0):
 garbage-first heap   total 157696K, used 104448K [0x0000000080000000, 0x0000000100000000)
  region size 1024K, 39 young (39936K), 7 survivors (7168K)
 Metaspace       used 58417K, capacity 60090K, committed 60160K, reserved 1101824K
  class space    used 7574K, capacity 8124K, committed 8192K, reserved 1048576K
}
Event: 16.965 GC heap after
{Heap after GC invocations=16 (full 0):
 garbage-first heap   total 157696K, used 75876K [0x0000000080000000, 0x0000000100000000)
  region size 1024K, 3 young (3072K), 3 survivors (3072K)
 Metaspace       used 58417K, capacity 60090K, committed 60160K, reserved 1101824K
  class space    used 7574K, capacity 8124K, committed 8192K, reserved 1048576K
}
Event: 17.915 GC heap before
{Heap before GC invocations=17 (full 0):
 garbage-first heap   total 157696K, used 117860K [0x0000000080000000, 0x0000000100000000)
  region size 1024K, 44 young (45056K), 3 survivors (3072K)
 Metaspace       used 64395K, capacity 66203K, committed 66456K, reserved 1107968K
  class space    used 8318K, capacity 8876K, committed 8960K, reserved 1048576K
}
Event: 17.922 GC heap after
{Heap after GC invocations=18 (full 0):
 garbage-first heap   total 157696K, used 76744K [0x0000000080000000, 0x0000000100000000)
  region size 1024K, 4 young (4096K), 4 survivors (4096K)
 Metaspace       used 64395K, capacity 66203K, committed 66456K, reserved 1107968K
  class space    used 8318K, capacity 8876K, committed 8960K, reserved 1048576K
}
Event: 19.117 GC heap before
{Heap before GC invocations=19 (full 0):
 garbage-first heap   total 157696K, used 118728K [0x0000000080000000, 0x0000000100000000)
  region size 1024K, 46 young (47104K), 4 survivors (4096K)
 Metaspace       used 69342K, capacity 71186K, committed 71448K, reserved 1112064K
  class space    used 8938K, capacity 9578K, committed 9600K, reserved 1048576K
}
Event: 19.126 GC heap after
{Heap after GC invocations=20 (full 0):
 garbage-first heap   total 157696K, used 80386K [0x0000000080000000, 0x0000000100000000)
  region size 1024K, 5 young (5120K), 5 survivors (5120K)
 Metaspace       used 69342K, capacity 71186K, committed 71448K, reserved 1112064K
  class space    used 8938K, capacity 9578K, committed 9600K, reserved 1048576K
}
Event: 19.993 GC heap before
{Heap before GC invocations=20 (full 0):
 garbage-first heap   total 157696K, used 111106K [0x0000000080000000, 0x0000000100000000)
  region size 1024K, 36 young (36864K), 5 survivors (5120K)
 Metaspace       used 71789K, capacity 73757K, committed 73880K, reserved 1114112K
  class space    used 9248K, capacity 9918K, committed 9984K, reserved 1048576K
}
Event: 20.002 GC heap after
{Heap after GC invocations=21 (full 0):
 garbage-first heap   total 157696K, used 82441K [0x0000000080000000, 0x0000000100000000)
  region size 1024K, 3 young (3072K), 3 survivors (3072K)
 Metaspace       used 71789K, capacity 73757K, committed 73880K, reserved 1114112K
  class space    used 9248K, capacity 9918K, committed 9984K, reserved 1048576K
}

Deoptimization events (20 events):
Event: 20.233 Thread 0x0000025ebf443800 Uncommon trap: trap_request=0xffffff4d fr.pc=0x0000025eb0364eec relative=0x00000000000000cc
Event: 20.233 Thread 0x0000025ebf443800 Uncommon trap: reason=unstable_if action=reinterpret pc=0x0000025eb0364eec method=java.lang.String.getBytes([BIB)V @ 5 c2
Event: 20.233 Thread 0x0000025ebf443800 DEOPT PACKING pc=0x0000025eb0364eec sp=0x000000b7c78f6750
Event: 20.233 Thread 0x0000025ebf443800 DEOPT UNPACKING pc=0x0000025ea88ba1af sp=0x000000b7c78f6718 mode 2
Event: 20.323 Thread 0x0000025ebf443800 DEOPT PACKING pc=0x0000025ea97b35f1 sp=0x000000b7c78f7f10
Event: 20.323 Thread 0x0000025ebf443800 DEOPT UNPACKING pc=0x0000025ea88ba95e sp=0x000000b7c78f7408 mode 0
Event: 20.335 Thread 0x0000025ebf443800 DEOPT PACKING pc=0x0000025ea97b35f1 sp=0x000000b7c78f7790
Event: 20.335 Thread 0x0000025ebf443800 DEOPT UNPACKING pc=0x0000025ea88ba95e sp=0x000000b7c78f6c88 mode 0
Event: 20.364 Thread 0x0000025ebf443800 Uncommon trap: trap_request=0xffffffde fr.pc=0x0000025eb03530e4 relative=0x00000000000001c4
Event: 20.364 Thread 0x0000025ebf443800 Uncommon trap: reason=class_check action=maybe_recompile pc=0x0000025eb03530e4 method=java.lang.String.equals(Ljava/lang/Object;)Z @ 8 c2
Event: 20.364 Thread 0x0000025ebf443800 DEOPT PACKING pc=0x0000025eb03530e4 sp=0x000000b7c78f7ef0
Event: 20.365 Thread 0x0000025ebf443800 DEOPT UNPACKING pc=0x0000025ea88ba1af sp=0x000000b7c78f7e98 mode 2
Event: 20.365 Thread 0x0000025ebf443800 Uncommon trap: trap_request=0xffffffde fr.pc=0x0000025eb03530e4 relative=0x00000000000001c4
Event: 20.365 Thread 0x0000025ebf443800 Uncommon trap: reason=class_check action=maybe_recompile pc=0x0000025eb03530e4 method=java.lang.String.equals(Ljava/lang/Object;)Z @ 8 c2
Event: 20.365 Thread 0x0000025ebf443800 DEOPT PACKING pc=0x0000025eb03530e4 sp=0x000000b7c78f7ef0
Event: 20.365 Thread 0x0000025ebf443800 DEOPT UNPACKING pc=0x0000025ea88ba1af sp=0x000000b7c78f7e98 mode 2
Event: 20.365 Thread 0x0000025ebf443800 Uncommon trap: trap_request=0xffffffde fr.pc=0x0000025eb03530e4 relative=0x00000000000001c4
Event: 20.365 Thread 0x0000025ebf443800 Uncommon trap: reason=class_check action=maybe_recompile pc=0x0000025eb03530e4 method=java.lang.String.equals(Ljava/lang/Object;)Z @ 8 c2
Event: 20.365 Thread 0x0000025ebf443800 DEOPT PACKING pc=0x0000025eb03530e4 sp=0x000000b7c78f7ef0
Event: 20.365 Thread 0x0000025ebf443800 DEOPT UNPACKING pc=0x0000025ea88ba1af sp=0x000000b7c78f7e98 mode 2

Classes redefined (0 events):
No events

Internal exceptions (20 events):
Event: 16.924 Thread 0x0000025ebf443800 Exception <a 'java/lang/NoSuchMethodError'{0x0000000087cea3b0}: 'java.lang.Object java.lang.invoke.Invokers$Holder.linkToTargetMethod(java.lang.Object, java.lang.Object, java.lang.Object, int, java.lang.Object)'> (0x0000000087cea3b0) thrown at [./src/hotspot/share/interpreter/linkResolver.cpp, line 773]
Event: 17.237 Thread 0x0000025ebf443800 Exception <a 'java/lang/NoSuchMethodError'{0x0000000088cf49f8}: 'java.lang.Object java.lang.invoke.DirectMethodHandle$Holder.invokeSpecial(java.lang.Object, java.lang.Object, int, int, java.lang.Object, java.lang.Object, java.lang.Object)'> (0x0000000088cf49f8) thrown at [./src/hotspot/share/interpreter/linkResolver.cpp, line 773]
Event: 17.237 Thread 0x0000025ebf443800 Exception <a 'java/lang/NoSuchMethodError'{0x0000000088cf9220}: 'java.lang.Object java.lang.invoke.DelegatingMethodHandle$Holder.reinvoke_L(java.lang.Object, int, int, java.lang.Object, java.lang.Object, java.lang.Object)'> (0x0000000088cf9220) thrown at [./src/hotspot/share/interpreter/linkResolver.cpp, line 773]
Event: 17.504 Thread 0x0000025ebf443800 Exception <a 'java/lang/NoSuchMethodError'{0x0000000087fb3788}: 'int java.lang.invoke.DirectMethodHandle$Holder.invokeInterface(java.lang.Object, java.lang.Object, java.lang.Object, java.lang.Object)'> (0x0000000087fb3788) thrown at [./src/hotspot/share/interpreter/linkResolver.cpp, line 773]
Event: 18.005 Thread 0x0000025ebf443800 Exception <a 'java/lang/NoSuchMethodError'{0x000000008987ca68}: 'void java.lang.invoke.DirectMethodHandle$Holder.invokeInterface(java.lang.Object, java.lang.Object, java.lang.Object, java.lang.Object)'> (0x000000008987ca68) thrown at [./src/hotspot/share/interpreter/linkResolver.cpp, line 773]
Event: 18.284 Thread 0x0000025ebf443800 Exception <a 'java/lang/IncompatibleClassChangeError'{0x00000000890aca80}: Found class java.lang.Object, but interface was expected> (0x00000000890aca80) thrown at [./src/hotspot/share/interpreter/linkResolver.cpp, line 839]
Event: 18.343 Thread 0x0000025ebf443800 Implicit null exception at 0x0000025eb05811d4 to 0x0000025eb05813b8
Event: 18.343 Thread 0x0000025ebf443800 Implicit null exception at 0x0000025eb05f2568 to 0x0000025eb05f4118
Event: 18.428 Thread 0x0000025ebf443800 Implicit null exception at 0x0000025eb047fc8b to 0x0000025eb047fd64
Event: 18.529 Thread 0x0000025ebf443800 Implicit null exception at 0x0000025eb04ec62c to 0x0000025eb04ec7da
Event: 18.729 Thread 0x0000025ebf443800 Exception <a 'sun/nio/fs/WindowsException'{0x0000000087aa5080}> (0x0000000087aa5080) thrown at [./src/hotspot/share/prims/jni.cpp, line 615]
Event: 19.594 Thread 0x0000025ebf443800 Exception <a 'java/lang/ClassNotFoundException'{0x0000000088b4d760}: org/gradle/api/plugins/internal/DefaultBasePluginConventionBeanInfo> (0x0000000088b4d760) thrown at [./src/hotspot/share/classfile/systemDictionary.cpp, line 231]
Event: 19.595 Thread 0x0000025ebf443800 Exception <a 'java/lang/ClassNotFoundException'{0x0000000088b8a040}: org/gradle/api/plugins/BasePluginConventionBeanInfo> (0x0000000088b8a040) thrown at [./src/hotspot/share/classfile/systemDictionary.cpp, line 231]
Event: 19.597 Thread 0x0000025ebf443800 Exception <a 'java/lang/ClassNotFoundException'{0x0000000088bc6358}: org/gradle/api/plugins/BasePluginConventionCustomizer> (0x0000000088bc6358) thrown at [./src/hotspot/share/classfile/systemDictionary.cpp, line 231]
Event: 19.599 Thread 0x0000025ebf443800 Exception <a 'java/lang/ClassNotFoundException'{0x0000000088a13560}: org/gradle/api/plugins/internal/DefaultBasePluginConventionCustomizer> (0x0000000088a13560) thrown at [./src/hotspot/share/classfile/systemDictionary.cpp, line 231]
Event: 19.603 Thread 0x0000025ebf443800 Exception <a 'java/lang/ClassNotFoundException'{0x0000000088a93a68}: org/gradle/api/plugins/internal/DefaultJavaPluginConventionBeanInfo> (0x0000000088a93a68) thrown at [./src/hotspot/share/classfile/systemDictionary.cpp, line 231]
Event: 19.605 Thread 0x0000025ebf443800 Exception <a 'java/lang/ClassNotFoundException'{0x0000000088ad00d8}: org/gradle/api/plugins/JavaPluginConventionBeanInfo> (0x0000000088ad00d8) thrown at [./src/hotspot/share/classfile/systemDictionary.cpp, line 231]
Event: 19.606 Thread 0x0000025ebf443800 Exception <a 'java/lang/ClassNotFoundException'{0x000000008890c8b8}: org/gradle/api/plugins/JavaPluginConventionCustomizer> (0x000000008890c8b8) thrown at [./src/hotspot/share/classfile/systemDictionary.cpp, line 231]
Event: 19.608 Thread 0x0000025ebf443800 Exception <a 'java/lang/ClassNotFoundException'{0x0000000088963240}: org/gradle/api/plugins/internal/DefaultJavaPluginConventionCustomizer> (0x0000000088963240) thrown at [./src/hotspot/share/classfile/systemDictionary.cpp, line 231]
Event: 19.865 Thread 0x0000025ebf443800 Implicit null exception at 0x0000025eb0779d66 to 0x0000025eb0779e30

Events (20 events):
Event: 20.350 loading class org/gradle/model/dsl/internal/transform/RulesVisitor
Event: 20.350 loading class org/gradle/model/dsl/internal/transform/RulesVisitor done
Event: 20.353 loading class org/gradle/model/dsl/internal/transform/RulesBlock
Event: 20.353 loading class org/gradle/model/dsl/internal/transform/RulesBlock done
Event: 20.354 loading class org/gradle/model/dsl/internal/transform/RuleVisitor
Event: 20.354 loading class org/gradle/model/dsl/internal/transform/RuleVisitor done
Event: 20.355 loading class org/gradle/groovy/scripts/internal/ExpressionReplacingVisitorSupport
Event: 20.355 loading class org/gradle/groovy/scripts/internal/ExpressionReplacingVisitorSupport done
Event: 20.356 loading class org/gradle/groovy/scripts/internal/StatementReplacingVisitorSupport
Event: 20.356 loading class org/gradle/groovy/scripts/internal/StatementReplacingVisitorSupport done
Event: 20.358 loading class org/gradle/model/dsl/internal/inputs/PotentialInputs
Event: 20.358 loading class org/gradle/model/dsl/internal/inputs/PotentialInputs done
Event: 20.359 loading class org/gradle/model/dsl/internal/transform/TransformedClosure
Event: 20.359 loading class org/gradle/model/dsl/internal/transform/TransformedClosure done
Event: 20.359 loading class org/gradle/model/dsl/internal/transform/InputReferences
Event: 20.359 loading class org/gradle/model/dsl/internal/transform/InputReferences done
Event: 20.360 loading class org/gradle/model/dsl/internal/transform/SourceLocation
Event: 20.360 loading class org/gradle/model/dsl/internal/transform/SourceLocation done
Event: 20.361 loading class org/gradle/model/dsl/internal/transform/ClosureBackedRuleFactory
Event: 20.361 loading class org/gradle/model/dsl/internal/transform/ClosureBackedRuleFactory done


Dynamic libraries:
0x00007ff6fb120000 - 0x00007ff6fb12a000 	D:\Videos All\App Devolopment Course\Android Studio All Project\New folder\jre\bin\java.exe
0x00007ffd9b560000 - 0x00007ffd9b750000 	C:\Windows\SYSTEM32\ntdll.dll
0x00007ffd9a530000 - 0x00007ffd9a5e3000 	C:\Windows\System32\KERNEL32.DLL
0x00007ffd987b0000 - 0x00007ffd98a55000 	C:\Windows\System32\KERNELBASE.dll
0x00007ffd98d50000 - 0x00007ffd98e4a000 	C:\Windows\System32\ucrtbase.dll
0x00007ffd892c0000 - 0x00007ffd892d9000 	D:\Videos All\App Devolopment Course\Android Studio All Project\New folder\jre\bin\jli.dll
0x00007ffd87fb0000 - 0x00007ffd87fc7000 	D:\Videos All\App Devolopment Course\Android Studio All Project\New folder\jre\bin\VCRUNTIME140.dll
0x00007ffd9a650000 - 0x00007ffd9a7e4000 	C:\Windows\System32\USER32.dll
0x00007ffd86f60000 - 0x00007ffd871e4000 	C:\Windows\WinSxS\amd64_microsoft.windows.common-controls_6595b64144ccf1df_6.0.18362.1977_none_9e80206be45c8f68\COMCTL32.dll
0x00007ffd98e50000 - 0x00007ffd98e71000 	C:\Windows\System32\win32u.dll
0x00007ffd9a1e0000 - 0x00007ffd9a206000 	C:\Windows\System32\GDI32.dll
0x00007ffd9b0e0000 - 0x00007ffd9b17e000 	C:\Windows\System32\msvcrt.dll
0x00007ffd98610000 - 0x00007ffd987a8000 	C:\Windows\System32\gdi32full.dll
0x00007ffd98bd0000 - 0x00007ffd98c6e000 	C:\Windows\System32\msvcp_win.dll
0x00007ffd99630000 - 0x00007ffd99966000 	C:\Windows\System32\combase.dll
0x00007ffd9aef0000 - 0x00007ffd9b00f000 	C:\Windows\System32\RPCRT4.dll
0x00007ffd98580000 - 0x00007ffd98604000 	C:\Windows\System32\bcryptPrimitives.dll
0x00007ffd99600000 - 0x00007ffd9962e000 	C:\Windows\System32\IMM32.DLL
0x00007ffd87f10000 - 0x00007ffd87fad000 	D:\Videos All\App Devolopment Course\Android Studio All Project\New folder\jre\bin\msvcp140.dll
0x00007ffd306f0000 - 0x00007ffd311d5000 	D:\Videos All\App Devolopment Course\Android Studio All Project\New folder\jre\bin\server\jvm.dll
0x00007ffd9a290000 - 0x00007ffd9a333000 	C:\Windows\System32\ADVAPI32.dll
0x00007ffd9a140000 - 0x00007ffd9a1d7000 	C:\Windows\System32\sechost.dll
0x00007ffd9a340000 - 0x00007ffd9a348000 	C:\Windows\System32\PSAPI.DLL
0x00007ffd84950000 - 0x00007ffd84959000 	C:\Windows\SYSTEM32\WSOCK32.dll
0x00007ffd92d50000 - 0x00007ffd92d5a000 	C:\Windows\SYSTEM32\VERSION.dll
0x00007ffd9b070000 - 0x00007ffd9b0df000 	C:\Windows\System32\WS2_32.dll
0x00007ffd94940000 - 0x00007ffd94964000 	C:\Windows\SYSTEM32\WINMM.dll
0x00007ffd94910000 - 0x00007ffd9493d000 	C:\Windows\SYSTEM32\WINMMBASE.dll
0x00007ffd98c70000 - 0x00007ffd98cba000 	C:\Windows\System32\cfgmgr32.dll
0x00007ffd98460000 - 0x00007ffd98471000 	C:\Windows\System32\kernel.appcore.dll
0x00007ffd93d80000 - 0x00007ffd93d91000 	D:\Videos All\App Devolopment Course\Android Studio All Project\New folder\jre\bin\verify.dll
0x00007ffd96d00000 - 0x00007ffd96ef4000 	C:\Windows\SYSTEM32\DBGHELP.DLL
0x00007ffd80170000 - 0x00007ffd8019a000 	C:\Windows\SYSTEM32\dbgcore.DLL
0x00007ffd93640000 - 0x00007ffd93669000 	D:\Videos All\App Devolopment Course\Android Studio All Project\New folder\jre\bin\java.dll
0x00007ffd94b00000 - 0x00007ffd94b0b000 	D:\Videos All\App Devolopment Course\Android Studio All Project\New folder\jre\bin\jimage.dll
0x00007ffd91740000 - 0x00007ffd91758000 	D:\Videos All\App Devolopment Course\Android Studio All Project\New folder\jre\bin\zip.dll
0x00007ffd9a800000 - 0x00007ffd9aee7000 	C:\Windows\System32\SHELL32.dll
0x00007ffd9b470000 - 0x00007ffd9b519000 	C:\Windows\System32\shcore.dll
0x00007ffd98e80000 - 0x00007ffd995fb000 	C:\Windows\System32\windows.storage.dll
0x00007ffd98440000 - 0x00007ffd9845e000 	C:\Windows\System32\profapi.dll
0x00007ffd98480000 - 0x00007ffd984ca000 	C:\Windows\System32\powrprof.dll
0x00007ffd98410000 - 0x00007ffd98420000 	C:\Windows\System32\UMPDC.dll
0x00007ffd9a010000 - 0x00007ffd9a062000 	C:\Windows\System32\shlwapi.dll
0x00007ffd98a60000 - 0x00007ffd98a77000 	C:\Windows\System32\cryptsp.dll
0x00007ffd85550000 - 0x00007ffd8556a000 	D:\Videos All\App Devolopment Course\Android Studio All Project\New folder\jre\bin\net.dll
0x00007ffd890c0000 - 0x00007ffd891b9000 	C:\Windows\SYSTEM32\WINHTTP.dll
0x00007ffd97bf0000 - 0x00007ffd97c57000 	C:\Windows\system32\mswsock.dll
0x00007ffd85530000 - 0x00007ffd85544000 	D:\Videos All\App Devolopment Course\Android Studio All Project\New folder\jre\bin\nio.dll
0x00007ffd87fd0000 - 0x00007ffd87ff7000 	C:\Users\LT-BD\.gradle\native\e1d6ef7f7dcc3fd88c89a11ec53ec762bb8ba0a96d01ffa2cd45eb1d1d8dd5c5\windows-amd64\native-platform.dll
0x00007ffd87dc0000 - 0x00007ffd87f04000 	C:\Users\LT-BD\.gradle\native\5664cfc778a61ccfe75a443a1ab52a65af34e5dc3c78e0209fed803814484fcb\windows-amd64\native-platform-file-events.dll
0x00007ffd94700000 - 0x00007ffd9470a000 	D:\Videos All\App Devolopment Course\Android Studio All Project\New folder\jre\bin\management.dll
0x00007ffd892b0000 - 0x00007ffd892bd000 	D:\Videos All\App Devolopment Course\Android Studio All Project\New folder\jre\bin\management_ext.dll
0x00007ffd97770000 - 0x00007ffd977a3000 	C:\Windows\system32\rsaenh.dll
0x00007ffd98cc0000 - 0x00007ffd98ce6000 	C:\Windows\System32\bcrypt.dll
0x00007ffd98330000 - 0x00007ffd98355000 	C:\Windows\SYSTEM32\USERENV.dll
0x00007ffd97dc0000 - 0x00007ffd97dcc000 	C:\Windows\SYSTEM32\CRYPTBASE.dll
0x00007ffd97900000 - 0x00007ffd9793a000 	C:\Windows\SYSTEM32\IPHLPAPI.DLL
0x00007ffd9a7f0000 - 0x00007ffd9a7f8000 	C:\Windows\System32\NSI.dll
0x00007ffd8f040000 - 0x00007ffd8f056000 	C:\Windows\SYSTEM32\dhcpcsvc6.DLL
0x00007ffd92330000 - 0x00007ffd9234c000 	C:\Windows\SYSTEM32\dhcpcsvc.DLL
0x00007ffd97940000 - 0x00007ffd97a0a000 	C:\Windows\SYSTEM32\DNSAPI.dll

dbghelp: loaded successfully - version: 4.0.5 - missing functions: none
symbol engine: initialized successfully - sym options: 0x614 - pdb path: .;D:\Videos All\App Devolopment Course\Android Studio All Project\New folder\jre\bin;C:\Windows\SYSTEM32;C:\Windows\WinSxS\amd64_microsoft.windows.common-controls_6595b64144ccf1df_6.0.18362.1977_none_9e80206be45c8f68;D:\Videos All\App Devolopment Course\Android Studio All Project\New folder\jre\bin\server;C:\Users\LT-BD\.gradle\native\e1d6ef7f7dcc3fd88c89a11ec53ec762bb8ba0a96d01ffa2cd45eb1d1d8dd5c5\windows-amd64;C:\Users\LT-BD\.gradle\native\5664cfc778a61ccfe75a443a1ab52a65af34e5dc3c78e0209fed803814484fcb\windows-amd64

VM Arguments:
jvm_args: --add-opens=java.base/java.util=ALL-UNNAMED --add-opens=java.base/java.lang=ALL-UNNAMED --add-opens=java.base/java.lang.invoke=ALL-UNNAMED --add-opens=java.base/java.util=ALL-UNNAMED --add-opens=java.prefs/java.util.prefs=ALL-UNNAMED --add-opens=java.prefs/java.util.prefs=ALL-UNNAMED --add-opens=java.base/java.nio.charset=ALL-UNNAMED --add-opens=java.base/java.net=ALL-UNNAMED --add-opens=java.base/java.util.concurrent.atomic=ALL-UNNAMED -Xmx2048m -Dfile.encoding=UTF-8 -Duser.country=US -Duser.language=en -Duser.variant 
java_command: org.gradle.launcher.daemon.bootstrap.GradleDaemon 7.3.3
java_class_path (initial): C:\Users\LT-BD\.gradle\wrapper\dists\gradle-7.3.3-bin\6a41zxkdtcxs8rphpq6y0069z\gradle-7.3.3\lib\gradle-launcher-7.3.3.jar
Launcher Type: SUN_STANDARD

[Global flags]
     intx CICompilerCount                          = 3                                         {product} {ergonomic}
     uint ConcGCThreads                            = 1                                         {product} {ergonomic}
     uint G1ConcRefinementThreads                  = 4                                         {product} {ergonomic}
   size_t G1HeapRegionSize                         = 1048576                                   {product} {ergonomic}
    uintx GCDrainStackTargetSize                   = 64                                        {product} {ergonomic}
   size_t InitialHeapSize                          = 134217728                                 {product} {ergonomic}
   size_t MarkStackSize                            = 4194304                                   {product} {ergonomic}
   size_t MaxHeapSize                              = 2147483648                                {product} {command line}
   size_t MaxNewSize                               = 1287651328                                {product} {ergonomic}
   size_t MinHeapDeltaBytes                        = 1048576                                   {product} {ergonomic}
    uintx NonNMethodCodeHeapSize                   = 5830732                                {pd product} {ergonomic}
    uintx NonProfiledCodeHeapSize                  = 122913754                              {pd product} {ergonomic}
    uintx ProfiledCodeHeapSize                     = 122913754                              {pd product} {ergonomic}
    uintx ReservedCodeCacheSize                    = 251658240                              {pd product} {ergonomic}
     bool SegmentedCodeCache                       = true                                      {product} {ergonomic}
     bool UseCompressedClassPointers               = true                                 {lp64_product} {ergonomic}
     bool UseCompressedOops                        = true                                 {lp64_product} {ergonomic}
     bool UseG1GC                                  = true                                      {product} {ergonomic}
     bool UseLargePagesIndividualAllocation        = false                                  {pd product} {ergonomic}

Logging:
Log output configuration:
 #0: stdout all=warning uptime,level,tags
 #1: stderr all=off uptime,level,tags

Environment Variables:
PATH=C:\Windows\system32;C:\Windows;C:\Windows\System32\Wbem;C:\Windows\System32\WindowsPowerShell\v1.0\;C:\Windows\System32\OpenSSH\;C:\Program Files\dotnet\;C:\Users\LT-BD\AppData\Local\Microsoft\WindowsApps;;D:\Program Files\Data\Microsoft VS Code\bin
USERNAME=LT-BD
OS=Windows_NT
PROCESSOR_IDENTIFIER=Intel64 Family 6 Model 142 Stepping 9, GenuineIntel



---------------  S Y S T E M  ---------------

OS: Windows 10 , 64 bit Build 18362 (10.0.18362.1916)
OS uptime: 0 days 2:30 hours

CPU:total 4 (initial active 4) (2 cores per cpu, 2 threads per core) family 6 model 142 stepping 9 microcode 0xde, cmov, cx8, fxsr, mmx, sse, sse2, sse3, ssse3, sse4.1, sse4.2, popcnt, avx, avx2, aes, clmul, erms, rtm, 3dnowpref, lzcnt, ht, tsc, tscinvbit, bmi1, bmi2, adx, fma

Memory: 4k page, system-wide physical 8076M (395M free)
TotalPageFile size 10124M (AvailPageFile size 2M)
current process WorkingSet (physical memory assigned to process): 381M, peak: 383M
current process commit charge ("private bytes"): 414M, peak: 416M

vm_info: OpenJDK 64-Bit Server VM (11.0.12+7-b1504.28-7817840) for windows-amd64 JRE (11.0.12+7-b1504.28-7817840), built on Oct 13 2021 22:12:33 by "builder" with MS VC++ 14.0 (VS2015)

END.
